#! /usr/bin/vvp
:ivl_version "12.0 (stable)";
:ivl_delay_selection "TYPICAL";
:vpi_time_precision - 12;
:vpi_module "/usr/lib/x86_64-linux-gnu/ivl/system.vpi";
:vpi_module "/usr/lib/x86_64-linux-gnu/ivl/vhdl_sys.vpi";
:vpi_module "/usr/lib/x86_64-linux-gnu/ivl/vhdl_textio.vpi";
:vpi_module "/usr/lib/x86_64-linux-gnu/ivl/v2005_math.vpi";
:vpi_module "/usr/lib/x86_64-linux-gnu/ivl/va_math.vpi";
S_0x642b0ba42a30 .scope module, "alu_control_tb" "alu_control_tb" 2 4;
 .timescale -9 -12;
v0x642b0ba5f430_0 .net "alu_ctrl", 3 0, L_0x642b0ba60880;  1 drivers
v0x642b0ba5f510_0 .var "alu_op", 1 0;
v0x642b0ba5f5b0_0 .var "funct3", 2 0;
v0x642b0ba5f650_0 .var "funct7b5", 0 0;
S_0x642b0ba42bc0 .scope module, "uut" "alu_control" 2 14, 3 1 0, S_0x642b0ba42a30;
 .timescale -9 -12;
    .port_info 0 /INPUT 2 "alu_op";
    .port_info 1 /INPUT 3 "funct3";
    .port_info 2 /INPUT 1 "funct7b5";
    .port_info 3 /OUTPUT 4 "alu_ctrl";
L_0x642b0ba5fb50 .functor BUFZ 1, v0x642b0ba5f650_0, C4<0>, C4<0>, C4<0>;
L_0x642b0ba5fbf0 .functor NOT 1, L_0x642b0ba5f7f0, C4<0>, C4<0>, C4<0>;
L_0x642b0ba5fce0 .functor AND 1, L_0x642b0ba5f720, L_0x642b0ba5fbf0, C4<1>, C4<1>;
L_0x642b0ba5fdf0 .functor NOT 1, L_0x642b0ba5f720, C4<0>, C4<0>, C4<0>;
L_0x642b0ba5fe90 .functor AND 1, L_0x642b0ba5f7f0, L_0x642b0ba5fdf0, C4<1>, C4<1>;
L_0x642b0ba5ff50 .functor AND 1, L_0x642b0ba5fe90, L_0x642b0ba5fb50, C4<1>, C4<1>;
L_0x642b0ba600a0 .functor OR 1, L_0x642b0ba5fce0, L_0x642b0ba5ff50, C4<0>, C4<0>;
L_0x642b0ba601b0 .functor NOT 1, L_0x642b0ba5f7f0, C4<0>, C4<0>, C4<0>;
L_0x642b0ba60270 .functor OR 1, L_0x642b0ba601b0, L_0x642b0ba5f720, C4<0>, C4<0>;
L_0x642b0ba60370 .functor OR 1, L_0x642b0ba60270, L_0x642b0ba5fb50, C4<0>, C4<0>;
L_0x642b0ba60440 .functor NOT 1, L_0x642b0ba5fa80, C4<0>, C4<0>, C4<0>;
L_0x642b0ba604b0 .functor OR 1, L_0x642b0ba60370, L_0x642b0ba60440, C4<0>, C4<0>;
L_0x642b0ba60630 .functor NOT 1, L_0x642b0ba5f9b0, C4<0>, C4<0>, C4<0>;
L_0x642b0ba606f0 .functor OR 1, L_0x642b0ba604b0, L_0x642b0ba60630, C4<0>, C4<0>;
L_0x642b0ba605c0 .functor NOT 1, L_0x642b0ba5fb50, C4<0>, C4<0>, C4<0>;
L_0x642b0ba60b30 .functor AND 1, L_0x642b0ba5f7f0, L_0x642b0ba605c0, C4<1>, C4<1>;
L_0x642b0ba60c30 .functor AND 1, L_0x642b0ba60b30, L_0x642b0ba5fa80, C4<1>, C4<1>;
L_0x642b0ba60cf0 .functor AND 1, L_0x642b0ba60c30, L_0x642b0ba5f9b0, C4<1>, C4<1>;
L_0x642b0ba60e50 .functor NOT 1, L_0x642b0ba5f890, C4<0>, C4<0>, C4<0>;
L_0x642b0ba60f10 .functor AND 1, L_0x642b0ba60cf0, L_0x642b0ba60e50, C4<1>, C4<1>;
L_0x778e8e29e018 .functor BUFT 1, C4<0>, C4<0>, C4<0>, C4<0>;
v0x642b0ba42e10_0 .net/2s *"_ivl_14", 0 0, L_0x778e8e29e018;  1 drivers
v0x642b0ba5db00_0 .net *"_ivl_18", 0 0, L_0x642b0ba5fbf0;  1 drivers
v0x642b0ba5dbe0_0 .net *"_ivl_20", 0 0, L_0x642b0ba5fce0;  1 drivers
v0x642b0ba5dca0_0 .net *"_ivl_22", 0 0, L_0x642b0ba5fdf0;  1 drivers
v0x642b0ba5dd80_0 .net *"_ivl_24", 0 0, L_0x642b0ba5fe90;  1 drivers
v0x642b0ba5deb0_0 .net *"_ivl_26", 0 0, L_0x642b0ba5ff50;  1 drivers
v0x642b0ba5df90_0 .net *"_ivl_28", 0 0, L_0x642b0ba600a0;  1 drivers
v0x642b0ba5e070_0 .net *"_ivl_32", 0 0, L_0x642b0ba601b0;  1 drivers
v0x642b0ba5e150_0 .net *"_ivl_34", 0 0, L_0x642b0ba60270;  1 drivers
v0x642b0ba5e230_0 .net *"_ivl_36", 0 0, L_0x642b0ba60370;  1 drivers
v0x642b0ba5e310_0 .net *"_ivl_38", 0 0, L_0x642b0ba60440;  1 drivers
v0x642b0ba5e3f0_0 .net *"_ivl_40", 0 0, L_0x642b0ba604b0;  1 drivers
v0x642b0ba5e4d0_0 .net *"_ivl_42", 0 0, L_0x642b0ba60630;  1 drivers
v0x642b0ba5e5b0_0 .net *"_ivl_44", 0 0, L_0x642b0ba606f0;  1 drivers
v0x642b0ba5e690_0 .net *"_ivl_49", 0 0, L_0x642b0ba605c0;  1 drivers
v0x642b0ba5e770_0 .net *"_ivl_51", 0 0, L_0x642b0ba60b30;  1 drivers
v0x642b0ba5e850_0 .net *"_ivl_53", 0 0, L_0x642b0ba60c30;  1 drivers
v0x642b0ba5e930_0 .net *"_ivl_55", 0 0, L_0x642b0ba60cf0;  1 drivers
v0x642b0ba5ea10_0 .net *"_ivl_57", 0 0, L_0x642b0ba60e50;  1 drivers
v0x642b0ba5eaf0_0 .net *"_ivl_59", 0 0, L_0x642b0ba60f10;  1 drivers
v0x642b0ba5ebd0_0 .net "alu_ctrl", 3 0, L_0x642b0ba60880;  alias, 1 drivers
v0x642b0ba5ecb0_0 .net "alu_op", 1 0, v0x642b0ba5f510_0;  1 drivers
v0x642b0ba5ed90_0 .net "f3_0", 0 0, L_0x642b0ba5f890;  1 drivers
v0x642b0ba5ee50_0 .net "f3_1", 0 0, L_0x642b0ba5f9b0;  1 drivers
v0x642b0ba5ef10_0 .net "f3_2", 0 0, L_0x642b0ba5fa80;  1 drivers
v0x642b0ba5efd0_0 .net "f7_5", 0 0, L_0x642b0ba5fb50;  1 drivers
v0x642b0ba5f090_0 .net "funct3", 2 0, v0x642b0ba5f5b0_0;  1 drivers
v0x642b0ba5f170_0 .net "funct7b5", 0 0, v0x642b0ba5f650_0;  1 drivers
v0x642b0ba5f230_0 .net "op0", 0 0, L_0x642b0ba5f720;  1 drivers
v0x642b0ba5f2f0_0 .net "op1", 0 0, L_0x642b0ba5f7f0;  1 drivers
L_0x642b0ba5f720 .part v0x642b0ba5f510_0, 0, 1;
L_0x642b0ba5f7f0 .part v0x642b0ba5f510_0, 1, 1;
L_0x642b0ba5f890 .part v0x642b0ba5f5b0_0, 0, 1;
L_0x642b0ba5f9b0 .part v0x642b0ba5f5b0_0, 1, 1;
L_0x642b0ba5fa80 .part v0x642b0ba5f5b0_0, 2, 1;
L_0x642b0ba60880 .concat8 [ 1 1 1 1], L_0x642b0ba60f10, L_0x642b0ba606f0, L_0x642b0ba600a0, L_0x778e8e29e018;
    .scope S_0x642b0ba42a30;
T_0 ;
    %vpi_call 2 23 "$monitor", "ALUOp = %b,  Funct7b5 = %b, Funct3 = %b --> ALU Ctrl = %b", v0x642b0ba5f510_0, v0x642b0ba5f650_0, v0x642b0ba5f5b0_0, v0x642b0ba5f430_0 {0 0 0};
    %pushi/vec4 0, 0, 2;
    %store/vec4 v0x642b0ba5f510_0, 0, 2;
    %pushi/vec4 7, 7, 3;
    %store/vec4 v0x642b0ba5f5b0_0, 0, 3;
    %pushi/vec4 1, 1, 1;
    %store/vec4 v0x642b0ba5f650_0, 0, 1;
    %delay 10000, 0;
    %pushi/vec4 1, 0, 2;
    %store/vec4 v0x642b0ba5f510_0, 0, 2;
    %pushi/vec4 7, 7, 3;
    %store/vec4 v0x642b0ba5f5b0_0, 0, 3;
    %pushi/vec4 1, 1, 1;
    %store/vec4 v0x642b0ba5f650_0, 0, 1;
    %delay 10000, 0;
    %pushi/vec4 2, 0, 2;
    %store/vec4 v0x642b0ba5f510_0, 0, 2;
    %pushi/vec4 0, 0, 3;
    %store/vec4 v0x642b0ba5f5b0_0, 0, 3;
    %pushi/vec4 0, 0, 1;
    %store/vec4 v0x642b0ba5f650_0, 0, 1;
    %delay 10000, 0;
    %pushi/vec4 2, 0, 2;
    %store/vec4 v0x642b0ba5f510_0, 0, 2;
    %pushi/vec4 0, 0, 3;
    %store/vec4 v0x642b0ba5f5b0_0, 0, 3;
    %pushi/vec4 1, 0, 1;
    %store/vec4 v0x642b0ba5f650_0, 0, 1;
    %delay 10000, 0;
    %pushi/vec4 2, 0, 2;
    %store/vec4 v0x642b0ba5f510_0, 0, 2;
    %pushi/vec4 7, 0, 3;
    %store/vec4 v0x642b0ba5f5b0_0, 0, 3;
    %pushi/vec4 0, 0, 1;
    %store/vec4 v0x642b0ba5f650_0, 0, 1;
    %delay 10000, 0;
    %pushi/vec4 2, 0, 2;
    %store/vec4 v0x642b0ba5f510_0, 0, 2;
    %pushi/vec4 6, 0, 3;
    %store/vec4 v0x642b0ba5f5b0_0, 0, 3;
    %pushi/vec4 0, 0, 1;
    %store/vec4 v0x642b0ba5f650_0, 0, 1;
    %delay 10000, 0;
    %vpi_call 2 33 "$finish" {0 0 0};
    %end;
    .thread T_0;
# The file index is used to find the file name in the following table.
:file_names 4;
    "N/A";
    "<interactive>";
    "alu_control_tb.v";
    "./alu_control.v";
