#! /usr/bin/vvp
:ivl_version "12.0 (stable)";
:ivl_delay_selection "TYPICAL";
:vpi_time_precision + 0;
:vpi_module "/usr/lib/x86_64-linux-gnu/ivl/system.vpi";
:vpi_module "/usr/lib/x86_64-linux-gnu/ivl/vhdl_sys.vpi";
:vpi_module "/usr/lib/x86_64-linux-gnu/ivl/vhdl_textio.vpi";
:vpi_module "/usr/lib/x86_64-linux-gnu/ivl/v2005_math.vpi";
:vpi_module "/usr/lib/x86_64-linux-gnu/ivl/va_math.vpi";
S_0x59f089c89590 .scope module, "data_memory" "data_memory" 2 1;
 .timescale 0 0;
    .port_info 0 /INPUT 1 "clk";
    .port_info 1 /INPUT 1 "mem_read";
    .port_info 2 /INPUT 1 "mem_write";
    .port_info 3 /INPUT 64 "address";
    .port_info 4 /INPUT 64 "write_data";
    .port_info 5 /OUTPUT 64 "read_data";
o0x78400f7a0018 .functor BUFZ 64, C4<zzzzzzzzzzzzzzzzzzzzzzzzzzzzzzzzzzzzzzzzzzzzzzzzzzzzzzzzzzzzzzzz>; HiZ drive
v0x59f089c62530_0 .net "address", 63 0, o0x78400f7a0018;  0 drivers
o0x78400f7a0048 .functor BUFZ 1, C4<z>; HiZ drive
v0x59f089caf5c0_0 .net "clk", 0 0, o0x78400f7a0048;  0 drivers
v0x59f089caf680_0 .var/i "i", 31 0;
o0x78400f7a00a8 .functor BUFZ 1, C4<z>; HiZ drive
v0x59f089caf740_0 .net "mem_read", 0 0, o0x78400f7a00a8;  0 drivers
o0x78400f7a00d8 .functor BUFZ 1, C4<z>; HiZ drive
v0x59f089caf800_0 .net "mem_write", 0 0, o0x78400f7a00d8;  0 drivers
v0x59f089caf8c0 .array "memory", 1023 0, 63 0;
v0x59f089caf980_0 .var "read_data", 63 0;
o0x78400f7a0138 .functor BUFZ 64, C4<zzzzzzzzzzzzzzzzzzzzzzzzzzzzzzzzzzzzzzzzzzzzzzzzzzzzzzzzzzzzzzzz>; HiZ drive
v0x59f089cafa60_0 .net "write_data", 63 0, o0x78400f7a0138;  0 drivers
    .scope S_0x59f089c89590;
T_0 ;
    %pushi/vec4 0, 0, 32;
    %store/vec4 v0x59f089caf680_0, 0, 32;
T_0.0 ;
    %load/vec4 v0x59f089caf680_0;
    %cmpi/s 1024, 0, 32;
    %jmp/0xz T_0.1, 5;
    %pushi/vec4 0, 0, 64;
    %ix/getv/s 4, v0x59f089caf680_0;
    %store/vec4a v0x59f089caf8c0, 4, 0;
    %load/vec4 v0x59f089caf680_0;
    %addi 1, 0, 32;
    %store/vec4 v0x59f089caf680_0, 0, 32;
    %jmp T_0.0;
T_0.1 ;
    %pushi/vec4 10, 0, 64;
    %ix/load 4, 0, 0;
    %flag_set/imm 4, 0;
    %store/vec4a v0x59f089caf8c0, 4, 0;
    %pushi/vec4 20, 0, 64;
    %ix/load 4, 1, 0;
    %flag_set/imm 4, 0;
    %store/vec4a v0x59f089caf8c0, 4, 0;
    %pushi/vec4 30, 0, 64;
    %ix/load 4, 2, 0;
    %flag_set/imm 4, 0;
    %store/vec4a v0x59f089caf8c0, 4, 0;
    %pushi/vec4 40, 0, 64;
    %ix/load 4, 3, 0;
    %flag_set/imm 4, 0;
    %store/vec4a v0x59f089caf8c0, 4, 0;
    %pushi/vec4 50, 0, 64;
    %ix/load 4, 4, 0;
    %flag_set/imm 4, 0;
    %store/vec4a v0x59f089caf8c0, 4, 0;
    %vpi_call 2 26 "$display", "Data Memory contents having test values:" {0 0 0};
    %pushi/vec4 0, 0, 32;
    %store/vec4 v0x59f089caf680_0, 0, 32;
T_0.2 ;
    %load/vec4 v0x59f089caf680_0;
    %cmpi/s 5, 0, 32;
    %jmp/0xz T_0.3, 5;
    %vpi_call 2 28 "$display", "memory[%0d] = %d", v0x59f089caf680_0, &A<v0x59f089caf8c0, v0x59f089caf680_0 > {0 0 0};
    %load/vec4 v0x59f089caf680_0;
    %addi 1, 0, 32;
    %store/vec4 v0x59f089caf680_0, 0, 32;
    %jmp T_0.2;
T_0.3 ;
    %end;
    .thread T_0;
# The file index is used to find the file name in the following table.
:file_names 3;
    "N/A";
    "<interactive>";
    "data_memory.v";
