#! /usr/bin/vvp
:ivl_version "12.0 (stable)";
:ivl_delay_selection "TYPICAL";
:vpi_time_precision + 0;
:vpi_module "/usr/lib/x86_64-linux-gnu/ivl/system.vpi";
:vpi_module "/usr/lib/x86_64-linux-gnu/ivl/vhdl_sys.vpi";
:vpi_module "/usr/lib/x86_64-linux-gnu/ivl/vhdl_textio.vpi";
:vpi_module "/usr/lib/x86_64-linux-gnu/ivl/v2005_math.vpi";
:vpi_module "/usr/lib/x86_64-linux-gnu/ivl/va_math.vpi";
S_0x58e958cbe810 .scope module, "test_immediate_gen" "test_immediate_gen" 2 3;
 .timescale 0 0;
v0x58e958cea6d0_0 .net "imm", 63 0, v0x58e958cea3d0_0;  1 drivers
v0x58e958cea790_0 .var "inst", 31 0;
S_0x58e958cd0870 .scope module, "uut" "immediate_gen" 2 9, 3 1 0, S_0x58e958cbe810;
 .timescale 0 0;
    .port_info 0 /INPUT 32 "instruction";
    .port_info 1 /OUTPUT 64 "immediate";
v0x58e958cd0a80_0 .net *"_ivl_11", 0 0, L_0x58e958ceac00;  1 drivers
v0x58e958ce9ca0_0 .net *"_ivl_13", 5 0, L_0x58e958ceace0;  1 drivers
v0x58e958ce9d80_0 .net *"_ivl_15", 3 0, L_0x58e958cead80;  1 drivers
L_0x738bc4cce018 .functor BUFT 1, C4<0>, C4<0>, C4<0>, C4<0>;
v0x58e958ce9e40_0 .net/2u *"_ivl_16", 0 0, L_0x738bc4cce018;  1 drivers
v0x58e958ce9f20_0 .net *"_ivl_3", 6 0, L_0x58e958cea8d0;  1 drivers
v0x58e958cea050_0 .net *"_ivl_5", 4 0, L_0x58e958cea970;  1 drivers
v0x58e958cea130_0 .net *"_ivl_9", 0 0, L_0x58e958ceab60;  1 drivers
v0x58e958cea210_0 .net "b_imm", 12 0, L_0x58e958ceaed0;  1 drivers
v0x58e958cea2f0_0 .net "i_imm", 11 0, L_0x58e958cea830;  1 drivers
v0x58e958cea3d0_0 .var "immediate", 63 0;
v0x58e958cea4b0_0 .net "instruction", 31 0, v0x58e958cea790_0;  1 drivers
v0x58e958cea590_0 .net "s_imm", 11 0, L_0x58e958ceaa10;  1 drivers
E_0x58e958c94ab0 .event anyedge, v0x58e958cea4b0_0, v0x58e958cea2f0_0, v0x58e958cea590_0, v0x58e958cea210_0;
L_0x58e958cea830 .part v0x58e958cea790_0, 20, 12;
L_0x58e958cea8d0 .part v0x58e958cea790_0, 25, 7;
L_0x58e958cea970 .part v0x58e958cea790_0, 7, 5;
L_0x58e958ceaa10 .concat [ 5 7 0 0], L_0x58e958cea970, L_0x58e958cea8d0;
L_0x58e958ceab60 .part v0x58e958cea790_0, 31, 1;
L_0x58e958ceac00 .part v0x58e958cea790_0, 7, 1;
L_0x58e958ceace0 .part v0x58e958cea790_0, 25, 6;
L_0x58e958cead80 .part v0x58e958cea790_0, 8, 4;
LS_0x58e958ceaed0_0_0 .concat [ 1 4 6 1], L_0x738bc4cce018, L_0x58e958cead80, L_0x58e958ceace0, L_0x58e958ceac00;
LS_0x58e958ceaed0_0_4 .concat [ 1 0 0 0], L_0x58e958ceab60;
L_0x58e958ceaed0 .concat [ 12 1 0 0], LS_0x58e958ceaed0_0_0, LS_0x58e958ceaed0_0_4;
    .scope S_0x58e958cd0870;
T_0 ;
    %wait E_0x58e958c94ab0;
    %load/vec4 v0x58e958cea4b0_0;
    %parti/s 7, 0, 2;
    %dup/vec4;
    %pushi/vec4 3, 0, 7;
    %cmp/u;
    %jmp/1 T_0.0, 6;
    %dup/vec4;
    %pushi/vec4 19, 0, 7;
    %cmp/u;
    %jmp/1 T_0.1, 6;
    %dup/vec4;
    %pushi/vec4 103, 0, 7;
    %cmp/u;
    %jmp/1 T_0.2, 6;
    %dup/vec4;
    %pushi/vec4 35, 0, 7;
    %cmp/u;
    %jmp/1 T_0.3, 6;
    %dup/vec4;
    %pushi/vec4 99, 0, 7;
    %cmp/u;
    %jmp/1 T_0.4, 6;
    %pushi/vec4 0, 0, 64;
    %store/vec4 v0x58e958cea3d0_0, 0, 64;
    %jmp T_0.6;
T_0.0 ;
    %load/vec4 v0x58e958cea2f0_0;
    %parti/s 1, 11, 5;
    %replicate 52;
    %load/vec4 v0x58e958cea2f0_0;
    %concat/vec4; draw_concat_vec4
    %store/vec4 v0x58e958cea3d0_0, 0, 64;
    %jmp T_0.6;
T_0.1 ;
    %load/vec4 v0x58e958cea2f0_0;
    %parti/s 1, 11, 5;
    %replicate 52;
    %load/vec4 v0x58e958cea2f0_0;
    %concat/vec4; draw_concat_vec4
    %store/vec4 v0x58e958cea3d0_0, 0, 64;
    %jmp T_0.6;
T_0.2 ;
    %load/vec4 v0x58e958cea2f0_0;
    %parti/s 1, 11, 5;
    %replicate 52;
    %load/vec4 v0x58e958cea2f0_0;
    %concat/vec4; draw_concat_vec4
    %store/vec4 v0x58e958cea3d0_0, 0, 64;
    %jmp T_0.6;
T_0.3 ;
    %load/vec4 v0x58e958cea590_0;
    %parti/s 1, 11, 5;
    %replicate 52;
    %load/vec4 v0x58e958cea590_0;
    %concat/vec4; draw_concat_vec4
    %store/vec4 v0x58e958cea3d0_0, 0, 64;
    %jmp T_0.6;
T_0.4 ;
    %load/vec4 v0x58e958cea210_0;
    %parti/s 1, 12, 5;
    %replicate 51;
    %load/vec4 v0x58e958cea210_0;
    %concat/vec4; draw_concat_vec4
    %store/vec4 v0x58e958cea3d0_0, 0, 64;
    %jmp T_0.6;
T_0.6 ;
    %pop/vec4 1;
    %jmp T_0;
    .thread T_0, $push;
    .scope S_0x58e958cbe810;
T_1 ;
    %pushi/vec4 2862612483, 0, 32;
    %store/vec4 v0x58e958cea790_0, 0, 32;
    %delay 10, 0;
    %vpi_call 2 20 "$display", "I-type test:" {0 0 0};
    %vpi_call 2 21 "$display", "  Instruction = %b", v0x58e958cea790_0 {0 0 0};
    %vpi_call 2 22 "$display", "  Immediate   = %b", v0x58e958cea6d0_0 {0 0 0};
    %pushi/vec4 1409288867, 0, 32;
    %store/vec4 v0x58e958cea790_0, 0, 32;
    %delay 10, 0;
    %vpi_call 2 29 "$display", "S-type test:" {0 0 0};
    %vpi_call 2 30 "$display", "  Instruction = %b", v0x58e958cea790_0 {0 0 0};
    %vpi_call 2 31 "$display", "  Immediate   = %b", v0x58e958cea6d0_0 {0 0 0};
    %pushi/vec4 3556772963, 0, 32;
    %store/vec4 v0x58e958cea790_0, 0, 32;
    %delay 10, 0;
    %vpi_call 2 38 "$display", "B-type test:" {0 0 0};
    %vpi_call 2 39 "$display", "  Instruction = %b", v0x58e958cea790_0 {0 0 0};
    %vpi_call 2 40 "$display", "  Immediate   = %b", v0x58e958cea6d0_0 {0 0 0};
    %pushi/vec4 127, 0, 32;
    %store/vec4 v0x58e958cea790_0, 0, 32;
    %delay 10, 0;
    %vpi_call 2 45 "$display", "Default test:" {0 0 0};
    %vpi_call 2 46 "$display", "  Instruction = %b", v0x58e958cea790_0 {0 0 0};
    %vpi_call 2 47 "$display", "  Immediate   = %b", v0x58e958cea6d0_0 {0 0 0};
    %delay 10, 0;
    %vpi_call 2 50 "$finish" {0 0 0};
    %end;
    .thread T_1;
# The file index is used to find the file name in the following table.
:file_names 4;
    "N/A";
    "<interactive>";
    "immediate_gen_tb.v";
    "./immediate_gen.v";
