#! /usr/bin/vvp
:ivl_version "12.0 (stable)";
:ivl_delay_selection "TYPICAL";
:vpi_time_precision + 0;
:vpi_module "/usr/lib/x86_64-linux-gnu/ivl/system.vpi";
:vpi_module "/usr/lib/x86_64-linux-gnu/ivl/vhdl_sys.vpi";
:vpi_module "/usr/lib/x86_64-linux-gnu/ivl/vhdl_textio.vpi";
:vpi_module "/usr/lib/x86_64-linux-gnu/ivl/v2005_math.vpi";
:vpi_module "/usr/lib/x86_64-linux-gnu/ivl/va_math.vpi";
S_0x64448be0d560 .scope module, "instruction_memory" "instruction_memory" 2 1;
 .timescale 0 0;
    .port_info 0 /INPUT 32 "pc";
    .port_info 1 /OUTPUT 32 "instruction";
v0x64448be0d6f0_0 .var/i "i", 31 0;
v0x64448be309a0 .array "instr_mem", 127 0, 31 0;
v0x64448be31a60_0 .var "instruction", 31 0;
o0x7fbc117a1878 .functor BUFZ 32, C4<zzzzzzzzzzzzzzzzzzzzzzzzzzzzzzzz>; HiZ drive
v0x64448be31b20_0 .net "pc", 31 0, o0x7fbc117a1878;  0 drivers
v0x64448be309a0_0 .array/port v0x64448be309a0, 0;
v0x64448be309a0_1 .array/port v0x64448be309a0, 1;
v0x64448be309a0_2 .array/port v0x64448be309a0, 2;
E_0x64448bde2f40/0 .event anyedge, v0x64448be31b20_0, v0x64448be309a0_0, v0x64448be309a0_1, v0x64448be309a0_2;
v0x64448be309a0_3 .array/port v0x64448be309a0, 3;
v0x64448be309a0_4 .array/port v0x64448be309a0, 4;
v0x64448be309a0_5 .array/port v0x64448be309a0, 5;
v0x64448be309a0_6 .array/port v0x64448be309a0, 6;
E_0x64448bde2f40/1 .event anyedge, v0x64448be309a0_3, v0x64448be309a0_4, v0x64448be309a0_5, v0x64448be309a0_6;
v0x64448be309a0_7 .array/port v0x64448be309a0, 7;
v0x64448be309a0_8 .array/port v0x64448be309a0, 8;
v0x64448be309a0_9 .array/port v0x64448be309a0, 9;
v0x64448be309a0_10 .array/port v0x64448be309a0, 10;
E_0x64448bde2f40/2 .event anyedge, v0x64448be309a0_7, v0x64448be309a0_8, v0x64448be309a0_9, v0x64448be309a0_10;
v0x64448be309a0_11 .array/port v0x64448be309a0, 11;
v0x64448be309a0_12 .array/port v0x64448be309a0, 12;
v0x64448be309a0_13 .array/port v0x64448be309a0, 13;
v0x64448be309a0_14 .array/port v0x64448be309a0, 14;
E_0x64448bde2f40/3 .event anyedge, v0x64448be309a0_11, v0x64448be309a0_12, v0x64448be309a0_13, v0x64448be309a0_14;
v0x64448be309a0_15 .array/port v0x64448be309a0, 15;
v0x64448be309a0_16 .array/port v0x64448be309a0, 16;
v0x64448be309a0_17 .array/port v0x64448be309a0, 17;
v0x64448be309a0_18 .array/port v0x64448be309a0, 18;
E_0x64448bde2f40/4 .event anyedge, v0x64448be309a0_15, v0x64448be309a0_16, v0x64448be309a0_17, v0x64448be309a0_18;
v0x64448be309a0_19 .array/port v0x64448be309a0, 19;
v0x64448be309a0_20 .array/port v0x64448be309a0, 20;
v0x64448be309a0_21 .array/port v0x64448be309a0, 21;
v0x64448be309a0_22 .array/port v0x64448be309a0, 22;
E_0x64448bde2f40/5 .event anyedge, v0x64448be309a0_19, v0x64448be309a0_20, v0x64448be309a0_21, v0x64448be309a0_22;
v0x64448be309a0_23 .array/port v0x64448be309a0, 23;
v0x64448be309a0_24 .array/port v0x64448be309a0, 24;
v0x64448be309a0_25 .array/port v0x64448be309a0, 25;
v0x64448be309a0_26 .array/port v0x64448be309a0, 26;
E_0x64448bde2f40/6 .event anyedge, v0x64448be309a0_23, v0x64448be309a0_24, v0x64448be309a0_25, v0x64448be309a0_26;
v0x64448be309a0_27 .array/port v0x64448be309a0, 27;
v0x64448be309a0_28 .array/port v0x64448be309a0, 28;
v0x64448be309a0_29 .array/port v0x64448be309a0, 29;
v0x64448be309a0_30 .array/port v0x64448be309a0, 30;
E_0x64448bde2f40/7 .event anyedge, v0x64448be309a0_27, v0x64448be309a0_28, v0x64448be309a0_29, v0x64448be309a0_30;
v0x64448be309a0_31 .array/port v0x64448be309a0, 31;
v0x64448be309a0_32 .array/port v0x64448be309a0, 32;
v0x64448be309a0_33 .array/port v0x64448be309a0, 33;
v0x64448be309a0_34 .array/port v0x64448be309a0, 34;
E_0x64448bde2f40/8 .event anyedge, v0x64448be309a0_31, v0x64448be309a0_32, v0x64448be309a0_33, v0x64448be309a0_34;
v0x64448be309a0_35 .array/port v0x64448be309a0, 35;
v0x64448be309a0_36 .array/port v0x64448be309a0, 36;
v0x64448be309a0_37 .array/port v0x64448be309a0, 37;
v0x64448be309a0_38 .array/port v0x64448be309a0, 38;
E_0x64448bde2f40/9 .event anyedge, v0x64448be309a0_35, v0x64448be309a0_36, v0x64448be309a0_37, v0x64448be309a0_38;
v0x64448be309a0_39 .array/port v0x64448be309a0, 39;
v0x64448be309a0_40 .array/port v0x64448be309a0, 40;
v0x64448be309a0_41 .array/port v0x64448be309a0, 41;
v0x64448be309a0_42 .array/port v0x64448be309a0, 42;
E_0x64448bde2f40/10 .event anyedge, v0x64448be309a0_39, v0x64448be309a0_40, v0x64448be309a0_41, v0x64448be309a0_42;
v0x64448be309a0_43 .array/port v0x64448be309a0, 43;
v0x64448be309a0_44 .array/port v0x64448be309a0, 44;
v0x64448be309a0_45 .array/port v0x64448be309a0, 45;
v0x64448be309a0_46 .array/port v0x64448be309a0, 46;
E_0x64448bde2f40/11 .event anyedge, v0x64448be309a0_43, v0x64448be309a0_44, v0x64448be309a0_45, v0x64448be309a0_46;
v0x64448be309a0_47 .array/port v0x64448be309a0, 47;
v0x64448be309a0_48 .array/port v0x64448be309a0, 48;
v0x64448be309a0_49 .array/port v0x64448be309a0, 49;
v0x64448be309a0_50 .array/port v0x64448be309a0, 50;
E_0x64448bde2f40/12 .event anyedge, v0x64448be309a0_47, v0x64448be309a0_48, v0x64448be309a0_49, v0x64448be309a0_50;
v0x64448be309a0_51 .array/port v0x64448be309a0, 51;
v0x64448be309a0_52 .array/port v0x64448be309a0, 52;
v0x64448be309a0_53 .array/port v0x64448be309a0, 53;
v0x64448be309a0_54 .array/port v0x64448be309a0, 54;
E_0x64448bde2f40/13 .event anyedge, v0x64448be309a0_51, v0x64448be309a0_52, v0x64448be309a0_53, v0x64448be309a0_54;
v0x64448be309a0_55 .array/port v0x64448be309a0, 55;
v0x64448be309a0_56 .array/port v0x64448be309a0, 56;
v0x64448be309a0_57 .array/port v0x64448be309a0, 57;
v0x64448be309a0_58 .array/port v0x64448be309a0, 58;
E_0x64448bde2f40/14 .event anyedge, v0x64448be309a0_55, v0x64448be309a0_56, v0x64448be309a0_57, v0x64448be309a0_58;
v0x64448be309a0_59 .array/port v0x64448be309a0, 59;
v0x64448be309a0_60 .array/port v0x64448be309a0, 60;
v0x64448be309a0_61 .array/port v0x64448be309a0, 61;
v0x64448be309a0_62 .array/port v0x64448be309a0, 62;
E_0x64448bde2f40/15 .event anyedge, v0x64448be309a0_59, v0x64448be309a0_60, v0x64448be309a0_61, v0x64448be309a0_62;
v0x64448be309a0_63 .array/port v0x64448be309a0, 63;
v0x64448be309a0_64 .array/port v0x64448be309a0, 64;
v0x64448be309a0_65 .array/port v0x64448be309a0, 65;
v0x64448be309a0_66 .array/port v0x64448be309a0, 66;
E_0x64448bde2f40/16 .event anyedge, v0x64448be309a0_63, v0x64448be309a0_64, v0x64448be309a0_65, v0x64448be309a0_66;
v0x64448be309a0_67 .array/port v0x64448be309a0, 67;
v0x64448be309a0_68 .array/port v0x64448be309a0, 68;
v0x64448be309a0_69 .array/port v0x64448be309a0, 69;
v0x64448be309a0_70 .array/port v0x64448be309a0, 70;
E_0x64448bde2f40/17 .event anyedge, v0x64448be309a0_67, v0x64448be309a0_68, v0x64448be309a0_69, v0x64448be309a0_70;
v0x64448be309a0_71 .array/port v0x64448be309a0, 71;
v0x64448be309a0_72 .array/port v0x64448be309a0, 72;
v0x64448be309a0_73 .array/port v0x64448be309a0, 73;
v0x64448be309a0_74 .array/port v0x64448be309a0, 74;
E_0x64448bde2f40/18 .event anyedge, v0x64448be309a0_71, v0x64448be309a0_72, v0x64448be309a0_73, v0x64448be309a0_74;
v0x64448be309a0_75 .array/port v0x64448be309a0, 75;
v0x64448be309a0_76 .array/port v0x64448be309a0, 76;
v0x64448be309a0_77 .array/port v0x64448be309a0, 77;
v0x64448be309a0_78 .array/port v0x64448be309a0, 78;
E_0x64448bde2f40/19 .event anyedge, v0x64448be309a0_75, v0x64448be309a0_76, v0x64448be309a0_77, v0x64448be309a0_78;
v0x64448be309a0_79 .array/port v0x64448be309a0, 79;
v0x64448be309a0_80 .array/port v0x64448be309a0, 80;
v0x64448be309a0_81 .array/port v0x64448be309a0, 81;
v0x64448be309a0_82 .array/port v0x64448be309a0, 82;
E_0x64448bde2f40/20 .event anyedge, v0x64448be309a0_79, v0x64448be309a0_80, v0x64448be309a0_81, v0x64448be309a0_82;
v0x64448be309a0_83 .array/port v0x64448be309a0, 83;
v0x64448be309a0_84 .array/port v0x64448be309a0, 84;
v0x64448be309a0_85 .array/port v0x64448be309a0, 85;
v0x64448be309a0_86 .array/port v0x64448be309a0, 86;
E_0x64448bde2f40/21 .event anyedge, v0x64448be309a0_83, v0x64448be309a0_84, v0x64448be309a0_85, v0x64448be309a0_86;
v0x64448be309a0_87 .array/port v0x64448be309a0, 87;
v0x64448be309a0_88 .array/port v0x64448be309a0, 88;
v0x64448be309a0_89 .array/port v0x64448be309a0, 89;
v0x64448be309a0_90 .array/port v0x64448be309a0, 90;
E_0x64448bde2f40/22 .event anyedge, v0x64448be309a0_87, v0x64448be309a0_88, v0x64448be309a0_89, v0x64448be309a0_90;
v0x64448be309a0_91 .array/port v0x64448be309a0, 91;
v0x64448be309a0_92 .array/port v0x64448be309a0, 92;
v0x64448be309a0_93 .array/port v0x64448be309a0, 93;
v0x64448be309a0_94 .array/port v0x64448be309a0, 94;
E_0x64448bde2f40/23 .event anyedge, v0x64448be309a0_91, v0x64448be309a0_92, v0x64448be309a0_93, v0x64448be309a0_94;
v0x64448be309a0_95 .array/port v0x64448be309a0, 95;
v0x64448be309a0_96 .array/port v0x64448be309a0, 96;
v0x64448be309a0_97 .array/port v0x64448be309a0, 97;
v0x64448be309a0_98 .array/port v0x64448be309a0, 98;
E_0x64448bde2f40/24 .event anyedge, v0x64448be309a0_95, v0x64448be309a0_96, v0x64448be309a0_97, v0x64448be309a0_98;
v0x64448be309a0_99 .array/port v0x64448be309a0, 99;
v0x64448be309a0_100 .array/port v0x64448be309a0, 100;
v0x64448be309a0_101 .array/port v0x64448be309a0, 101;
v0x64448be309a0_102 .array/port v0x64448be309a0, 102;
E_0x64448bde2f40/25 .event anyedge, v0x64448be309a0_99, v0x64448be309a0_100, v0x64448be309a0_101, v0x64448be309a0_102;
v0x64448be309a0_103 .array/port v0x64448be309a0, 103;
v0x64448be309a0_104 .array/port v0x64448be309a0, 104;
v0x64448be309a0_105 .array/port v0x64448be309a0, 105;
v0x64448be309a0_106 .array/port v0x64448be309a0, 106;
E_0x64448bde2f40/26 .event anyedge, v0x64448be309a0_103, v0x64448be309a0_104, v0x64448be309a0_105, v0x64448be309a0_106;
v0x64448be309a0_107 .array/port v0x64448be309a0, 107;
v0x64448be309a0_108 .array/port v0x64448be309a0, 108;
v0x64448be309a0_109 .array/port v0x64448be309a0, 109;
v0x64448be309a0_110 .array/port v0x64448be309a0, 110;
E_0x64448bde2f40/27 .event anyedge, v0x64448be309a0_107, v0x64448be309a0_108, v0x64448be309a0_109, v0x64448be309a0_110;
v0x64448be309a0_111 .array/port v0x64448be309a0, 111;
v0x64448be309a0_112 .array/port v0x64448be309a0, 112;
v0x64448be309a0_113 .array/port v0x64448be309a0, 113;
v0x64448be309a0_114 .array/port v0x64448be309a0, 114;
E_0x64448bde2f40/28 .event anyedge, v0x64448be309a0_111, v0x64448be309a0_112, v0x64448be309a0_113, v0x64448be309a0_114;
v0x64448be309a0_115 .array/port v0x64448be309a0, 115;
v0x64448be309a0_116 .array/port v0x64448be309a0, 116;
v0x64448be309a0_117 .array/port v0x64448be309a0, 117;
v0x64448be309a0_118 .array/port v0x64448be309a0, 118;
E_0x64448bde2f40/29 .event anyedge, v0x64448be309a0_115, v0x64448be309a0_116, v0x64448be309a0_117, v0x64448be309a0_118;
v0x64448be309a0_119 .array/port v0x64448be309a0, 119;
v0x64448be309a0_120 .array/port v0x64448be309a0, 120;
v0x64448be309a0_121 .array/port v0x64448be309a0, 121;
v0x64448be309a0_122 .array/port v0x64448be309a0, 122;
E_0x64448bde2f40/30 .event anyedge, v0x64448be309a0_119, v0x64448be309a0_120, v0x64448be309a0_121, v0x64448be309a0_122;
v0x64448be309a0_123 .array/port v0x64448be309a0, 123;
v0x64448be309a0_124 .array/port v0x64448be309a0, 124;
v0x64448be309a0_125 .array/port v0x64448be309a0, 125;
v0x64448be309a0_126 .array/port v0x64448be309a0, 126;
E_0x64448bde2f40/31 .event anyedge, v0x64448be309a0_123, v0x64448be309a0_124, v0x64448be309a0_125, v0x64448be309a0_126;
v0x64448be309a0_127 .array/port v0x64448be309a0, 127;
E_0x64448bde2f40/32 .event anyedge, v0x64448be309a0_127, v0x64448be31a60_0;
E_0x64448bde2f40 .event/or E_0x64448bde2f40/0, E_0x64448bde2f40/1, E_0x64448bde2f40/2, E_0x64448bde2f40/3, E_0x64448bde2f40/4, E_0x64448bde2f40/5, E_0x64448bde2f40/6, E_0x64448bde2f40/7, E_0x64448bde2f40/8, E_0x64448bde2f40/9, E_0x64448bde2f40/10, E_0x64448bde2f40/11, E_0x64448bde2f40/12, E_0x64448bde2f40/13, E_0x64448bde2f40/14, E_0x64448bde2f40/15, E_0x64448bde2f40/16, E_0x64448bde2f40/17, E_0x64448bde2f40/18, E_0x64448bde2f40/19, E_0x64448bde2f40/20, E_0x64448bde2f40/21, E_0x64448bde2f40/22, E_0x64448bde2f40/23, E_0x64448bde2f40/24, E_0x64448bde2f40/25, E_0x64448bde2f40/26, E_0x64448bde2f40/27, E_0x64448bde2f40/28, E_0x64448bde2f40/29, E_0x64448bde2f40/30, E_0x64448bde2f40/31, E_0x64448bde2f40/32;
    .scope S_0x64448be0d560;
T_0 ;
    %pushi/vec4 0, 0, 32;
    %store/vec4 v0x64448be0d6f0_0, 0, 32;
T_0.0 ;
    %load/vec4 v0x64448be0d6f0_0;
    %cmpi/s 128, 0, 32;
    %jmp/0xz T_0.1, 5;
    %pushi/vec4 19, 0, 32;
    %ix/getv/s 4, v0x64448be0d6f0_0;
    %store/vec4a v0x64448be309a0, 4, 0;
    %load/vec4 v0x64448be0d6f0_0;
    %addi 1, 0, 32;
    %store/vec4 v0x64448be0d6f0_0, 0, 32;
    %jmp T_0.0;
T_0.1 ;
    %vpi_call 2 15 "$readmemb", "instructions.txt", v0x64448be309a0 {0 0 0};
    %end;
    .thread T_0;
    .scope S_0x64448be0d560;
T_1 ;
    %wait E_0x64448bde2f40;
    %load/vec4 v0x64448be31b20_0;
    %parti/s 7, 2, 3;
    %pad/u 9;
    %ix/vec4 4;
    %load/vec4a v0x64448be309a0, 4;
    %store/vec4 v0x64448be31a60_0, 0, 32;
    %vpi_call 2 26 "$display", "Instruction Fetch: PC = %d, Instruction = %h", v0x64448be31b20_0, v0x64448be31a60_0 {0 0 0};
    %jmp T_1;
    .thread T_1, $push;
# The file index is used to find the file name in the following table.
:file_names 3;
    "N/A";
    "<interactive>";
    "instruction_memory.v";
