#! /usr/bin/vvp
:ivl_version "12.0 (stable)";
:ivl_delay_selection "TYPICAL";
:vpi_time_precision - 12;
:vpi_module "/usr/lib/x86_64-linux-gnu/ivl/system.vpi";
:vpi_module "/usr/lib/x86_64-linux-gnu/ivl/vhdl_sys.vpi";
:vpi_module "/usr/lib/x86_64-linux-gnu/ivl/vhdl_textio.vpi";
:vpi_module "/usr/lib/x86_64-linux-gnu/ivl/v2005_math.vpi";
:vpi_module "/usr/lib/x86_64-linux-gnu/ivl/va_math.vpi";
S_0x64d0c5dc80e0 .scope module, "instruction_memory_tb" "instruction_memory_tb" 2 4;
 .timescale -9 -12;
v0x64d0c5de3770_0 .net "instruction", 31 0, v0x64d0c5de3570_0;  1 drivers
v0x64d0c5de3860_0 .var "pc", 31 0;
S_0x64d0c5dc8270 .scope module, "uut" "instruction_memory" 2 12, 3 1 0, S_0x64d0c5dc80e0;
 .timescale -9 -12;
    .port_info 0 /INPUT 32 "pc";
    .port_info 1 /OUTPUT 32 "instruction";
v0x64d0c5dc8450_0 .var/i "i", 31 0;
v0x64d0c5de24b0 .array "instr_mem", 127 0, 31 0;
v0x64d0c5de3570_0 .var "instruction", 31 0;
v0x64d0c5de3630_0 .net "pc", 31 0, v0x64d0c5de3860_0;  1 drivers
v0x64d0c5de24b0_0 .array/port v0x64d0c5de24b0, 0;
v0x64d0c5de24b0_1 .array/port v0x64d0c5de24b0, 1;
v0x64d0c5de24b0_2 .array/port v0x64d0c5de24b0, 2;
E_0x64d0c5d8dfa0/0 .event anyedge, v0x64d0c5de3630_0, v0x64d0c5de24b0_0, v0x64d0c5de24b0_1, v0x64d0c5de24b0_2;
v0x64d0c5de24b0_3 .array/port v0x64d0c5de24b0, 3;
v0x64d0c5de24b0_4 .array/port v0x64d0c5de24b0, 4;
v0x64d0c5de24b0_5 .array/port v0x64d0c5de24b0, 5;
v0x64d0c5de24b0_6 .array/port v0x64d0c5de24b0, 6;
E_0x64d0c5d8dfa0/1 .event anyedge, v0x64d0c5de24b0_3, v0x64d0c5de24b0_4, v0x64d0c5de24b0_5, v0x64d0c5de24b0_6;
v0x64d0c5de24b0_7 .array/port v0x64d0c5de24b0, 7;
v0x64d0c5de24b0_8 .array/port v0x64d0c5de24b0, 8;
v0x64d0c5de24b0_9 .array/port v0x64d0c5de24b0, 9;
v0x64d0c5de24b0_10 .array/port v0x64d0c5de24b0, 10;
E_0x64d0c5d8dfa0/2 .event anyedge, v0x64d0c5de24b0_7, v0x64d0c5de24b0_8, v0x64d0c5de24b0_9, v0x64d0c5de24b0_10;
v0x64d0c5de24b0_11 .array/port v0x64d0c5de24b0, 11;
v0x64d0c5de24b0_12 .array/port v0x64d0c5de24b0, 12;
v0x64d0c5de24b0_13 .array/port v0x64d0c5de24b0, 13;
v0x64d0c5de24b0_14 .array/port v0x64d0c5de24b0, 14;
E_0x64d0c5d8dfa0/3 .event anyedge, v0x64d0c5de24b0_11, v0x64d0c5de24b0_12, v0x64d0c5de24b0_13, v0x64d0c5de24b0_14;
v0x64d0c5de24b0_15 .array/port v0x64d0c5de24b0, 15;
v0x64d0c5de24b0_16 .array/port v0x64d0c5de24b0, 16;
v0x64d0c5de24b0_17 .array/port v0x64d0c5de24b0, 17;
v0x64d0c5de24b0_18 .array/port v0x64d0c5de24b0, 18;
E_0x64d0c5d8dfa0/4 .event anyedge, v0x64d0c5de24b0_15, v0x64d0c5de24b0_16, v0x64d0c5de24b0_17, v0x64d0c5de24b0_18;
v0x64d0c5de24b0_19 .array/port v0x64d0c5de24b0, 19;
v0x64d0c5de24b0_20 .array/port v0x64d0c5de24b0, 20;
v0x64d0c5de24b0_21 .array/port v0x64d0c5de24b0, 21;
v0x64d0c5de24b0_22 .array/port v0x64d0c5de24b0, 22;
E_0x64d0c5d8dfa0/5 .event anyedge, v0x64d0c5de24b0_19, v0x64d0c5de24b0_20, v0x64d0c5de24b0_21, v0x64d0c5de24b0_22;
v0x64d0c5de24b0_23 .array/port v0x64d0c5de24b0, 23;
v0x64d0c5de24b0_24 .array/port v0x64d0c5de24b0, 24;
v0x64d0c5de24b0_25 .array/port v0x64d0c5de24b0, 25;
v0x64d0c5de24b0_26 .array/port v0x64d0c5de24b0, 26;
E_0x64d0c5d8dfa0/6 .event anyedge, v0x64d0c5de24b0_23, v0x64d0c5de24b0_24, v0x64d0c5de24b0_25, v0x64d0c5de24b0_26;
v0x64d0c5de24b0_27 .array/port v0x64d0c5de24b0, 27;
v0x64d0c5de24b0_28 .array/port v0x64d0c5de24b0, 28;
v0x64d0c5de24b0_29 .array/port v0x64d0c5de24b0, 29;
v0x64d0c5de24b0_30 .array/port v0x64d0c5de24b0, 30;
E_0x64d0c5d8dfa0/7 .event anyedge, v0x64d0c5de24b0_27, v0x64d0c5de24b0_28, v0x64d0c5de24b0_29, v0x64d0c5de24b0_30;
v0x64d0c5de24b0_31 .array/port v0x64d0c5de24b0, 31;
v0x64d0c5de24b0_32 .array/port v0x64d0c5de24b0, 32;
v0x64d0c5de24b0_33 .array/port v0x64d0c5de24b0, 33;
v0x64d0c5de24b0_34 .array/port v0x64d0c5de24b0, 34;
E_0x64d0c5d8dfa0/8 .event anyedge, v0x64d0c5de24b0_31, v0x64d0c5de24b0_32, v0x64d0c5de24b0_33, v0x64d0c5de24b0_34;
v0x64d0c5de24b0_35 .array/port v0x64d0c5de24b0, 35;
v0x64d0c5de24b0_36 .array/port v0x64d0c5de24b0, 36;
v0x64d0c5de24b0_37 .array/port v0x64d0c5de24b0, 37;
v0x64d0c5de24b0_38 .array/port v0x64d0c5de24b0, 38;
E_0x64d0c5d8dfa0/9 .event anyedge, v0x64d0c5de24b0_35, v0x64d0c5de24b0_36, v0x64d0c5de24b0_37, v0x64d0c5de24b0_38;
v0x64d0c5de24b0_39 .array/port v0x64d0c5de24b0, 39;
v0x64d0c5de24b0_40 .array/port v0x64d0c5de24b0, 40;
v0x64d0c5de24b0_41 .array/port v0x64d0c5de24b0, 41;
v0x64d0c5de24b0_42 .array/port v0x64d0c5de24b0, 42;
E_0x64d0c5d8dfa0/10 .event anyedge, v0x64d0c5de24b0_39, v0x64d0c5de24b0_40, v0x64d0c5de24b0_41, v0x64d0c5de24b0_42;
v0x64d0c5de24b0_43 .array/port v0x64d0c5de24b0, 43;
v0x64d0c5de24b0_44 .array/port v0x64d0c5de24b0, 44;
v0x64d0c5de24b0_45 .array/port v0x64d0c5de24b0, 45;
v0x64d0c5de24b0_46 .array/port v0x64d0c5de24b0, 46;
E_0x64d0c5d8dfa0/11 .event anyedge, v0x64d0c5de24b0_43, v0x64d0c5de24b0_44, v0x64d0c5de24b0_45, v0x64d0c5de24b0_46;
v0x64d0c5de24b0_47 .array/port v0x64d0c5de24b0, 47;
v0x64d0c5de24b0_48 .array/port v0x64d0c5de24b0, 48;
v0x64d0c5de24b0_49 .array/port v0x64d0c5de24b0, 49;
v0x64d0c5de24b0_50 .array/port v0x64d0c5de24b0, 50;
E_0x64d0c5d8dfa0/12 .event anyedge, v0x64d0c5de24b0_47, v0x64d0c5de24b0_48, v0x64d0c5de24b0_49, v0x64d0c5de24b0_50;
v0x64d0c5de24b0_51 .array/port v0x64d0c5de24b0, 51;
v0x64d0c5de24b0_52 .array/port v0x64d0c5de24b0, 52;
v0x64d0c5de24b0_53 .array/port v0x64d0c5de24b0, 53;
v0x64d0c5de24b0_54 .array/port v0x64d0c5de24b0, 54;
E_0x64d0c5d8dfa0/13 .event anyedge, v0x64d0c5de24b0_51, v0x64d0c5de24b0_52, v0x64d0c5de24b0_53, v0x64d0c5de24b0_54;
v0x64d0c5de24b0_55 .array/port v0x64d0c5de24b0, 55;
v0x64d0c5de24b0_56 .array/port v0x64d0c5de24b0, 56;
v0x64d0c5de24b0_57 .array/port v0x64d0c5de24b0, 57;
v0x64d0c5de24b0_58 .array/port v0x64d0c5de24b0, 58;
E_0x64d0c5d8dfa0/14 .event anyedge, v0x64d0c5de24b0_55, v0x64d0c5de24b0_56, v0x64d0c5de24b0_57, v0x64d0c5de24b0_58;
v0x64d0c5de24b0_59 .array/port v0x64d0c5de24b0, 59;
v0x64d0c5de24b0_60 .array/port v0x64d0c5de24b0, 60;
v0x64d0c5de24b0_61 .array/port v0x64d0c5de24b0, 61;
v0x64d0c5de24b0_62 .array/port v0x64d0c5de24b0, 62;
E_0x64d0c5d8dfa0/15 .event anyedge, v0x64d0c5de24b0_59, v0x64d0c5de24b0_60, v0x64d0c5de24b0_61, v0x64d0c5de24b0_62;
v0x64d0c5de24b0_63 .array/port v0x64d0c5de24b0, 63;
v0x64d0c5de24b0_64 .array/port v0x64d0c5de24b0, 64;
v0x64d0c5de24b0_65 .array/port v0x64d0c5de24b0, 65;
v0x64d0c5de24b0_66 .array/port v0x64d0c5de24b0, 66;
E_0x64d0c5d8dfa0/16 .event anyedge, v0x64d0c5de24b0_63, v0x64d0c5de24b0_64, v0x64d0c5de24b0_65, v0x64d0c5de24b0_66;
v0x64d0c5de24b0_67 .array/port v0x64d0c5de24b0, 67;
v0x64d0c5de24b0_68 .array/port v0x64d0c5de24b0, 68;
v0x64d0c5de24b0_69 .array/port v0x64d0c5de24b0, 69;
v0x64d0c5de24b0_70 .array/port v0x64d0c5de24b0, 70;
E_0x64d0c5d8dfa0/17 .event anyedge, v0x64d0c5de24b0_67, v0x64d0c5de24b0_68, v0x64d0c5de24b0_69, v0x64d0c5de24b0_70;
v0x64d0c5de24b0_71 .array/port v0x64d0c5de24b0, 71;
v0x64d0c5de24b0_72 .array/port v0x64d0c5de24b0, 72;
v0x64d0c5de24b0_73 .array/port v0x64d0c5de24b0, 73;
v0x64d0c5de24b0_74 .array/port v0x64d0c5de24b0, 74;
E_0x64d0c5d8dfa0/18 .event anyedge, v0x64d0c5de24b0_71, v0x64d0c5de24b0_72, v0x64d0c5de24b0_73, v0x64d0c5de24b0_74;
v0x64d0c5de24b0_75 .array/port v0x64d0c5de24b0, 75;
v0x64d0c5de24b0_76 .array/port v0x64d0c5de24b0, 76;
v0x64d0c5de24b0_77 .array/port v0x64d0c5de24b0, 77;
v0x64d0c5de24b0_78 .array/port v0x64d0c5de24b0, 78;
E_0x64d0c5d8dfa0/19 .event anyedge, v0x64d0c5de24b0_75, v0x64d0c5de24b0_76, v0x64d0c5de24b0_77, v0x64d0c5de24b0_78;
v0x64d0c5de24b0_79 .array/port v0x64d0c5de24b0, 79;
v0x64d0c5de24b0_80 .array/port v0x64d0c5de24b0, 80;
v0x64d0c5de24b0_81 .array/port v0x64d0c5de24b0, 81;
v0x64d0c5de24b0_82 .array/port v0x64d0c5de24b0, 82;
E_0x64d0c5d8dfa0/20 .event anyedge, v0x64d0c5de24b0_79, v0x64d0c5de24b0_80, v0x64d0c5de24b0_81, v0x64d0c5de24b0_82;
v0x64d0c5de24b0_83 .array/port v0x64d0c5de24b0, 83;
v0x64d0c5de24b0_84 .array/port v0x64d0c5de24b0, 84;
v0x64d0c5de24b0_85 .array/port v0x64d0c5de24b0, 85;
v0x64d0c5de24b0_86 .array/port v0x64d0c5de24b0, 86;
E_0x64d0c5d8dfa0/21 .event anyedge, v0x64d0c5de24b0_83, v0x64d0c5de24b0_84, v0x64d0c5de24b0_85, v0x64d0c5de24b0_86;
v0x64d0c5de24b0_87 .array/port v0x64d0c5de24b0, 87;
v0x64d0c5de24b0_88 .array/port v0x64d0c5de24b0, 88;
v0x64d0c5de24b0_89 .array/port v0x64d0c5de24b0, 89;
v0x64d0c5de24b0_90 .array/port v0x64d0c5de24b0, 90;
E_0x64d0c5d8dfa0/22 .event anyedge, v0x64d0c5de24b0_87, v0x64d0c5de24b0_88, v0x64d0c5de24b0_89, v0x64d0c5de24b0_90;
v0x64d0c5de24b0_91 .array/port v0x64d0c5de24b0, 91;
v0x64d0c5de24b0_92 .array/port v0x64d0c5de24b0, 92;
v0x64d0c5de24b0_93 .array/port v0x64d0c5de24b0, 93;
v0x64d0c5de24b0_94 .array/port v0x64d0c5de24b0, 94;
E_0x64d0c5d8dfa0/23 .event anyedge, v0x64d0c5de24b0_91, v0x64d0c5de24b0_92, v0x64d0c5de24b0_93, v0x64d0c5de24b0_94;
v0x64d0c5de24b0_95 .array/port v0x64d0c5de24b0, 95;
v0x64d0c5de24b0_96 .array/port v0x64d0c5de24b0, 96;
v0x64d0c5de24b0_97 .array/port v0x64d0c5de24b0, 97;
v0x64d0c5de24b0_98 .array/port v0x64d0c5de24b0, 98;
E_0x64d0c5d8dfa0/24 .event anyedge, v0x64d0c5de24b0_95, v0x64d0c5de24b0_96, v0x64d0c5de24b0_97, v0x64d0c5de24b0_98;
v0x64d0c5de24b0_99 .array/port v0x64d0c5de24b0, 99;
v0x64d0c5de24b0_100 .array/port v0x64d0c5de24b0, 100;
v0x64d0c5de24b0_101 .array/port v0x64d0c5de24b0, 101;
v0x64d0c5de24b0_102 .array/port v0x64d0c5de24b0, 102;
E_0x64d0c5d8dfa0/25 .event anyedge, v0x64d0c5de24b0_99, v0x64d0c5de24b0_100, v0x64d0c5de24b0_101, v0x64d0c5de24b0_102;
v0x64d0c5de24b0_103 .array/port v0x64d0c5de24b0, 103;
v0x64d0c5de24b0_104 .array/port v0x64d0c5de24b0, 104;
v0x64d0c5de24b0_105 .array/port v0x64d0c5de24b0, 105;
v0x64d0c5de24b0_106 .array/port v0x64d0c5de24b0, 106;
E_0x64d0c5d8dfa0/26 .event anyedge, v0x64d0c5de24b0_103, v0x64d0c5de24b0_104, v0x64d0c5de24b0_105, v0x64d0c5de24b0_106;
v0x64d0c5de24b0_107 .array/port v0x64d0c5de24b0, 107;
v0x64d0c5de24b0_108 .array/port v0x64d0c5de24b0, 108;
v0x64d0c5de24b0_109 .array/port v0x64d0c5de24b0, 109;
v0x64d0c5de24b0_110 .array/port v0x64d0c5de24b0, 110;
E_0x64d0c5d8dfa0/27 .event anyedge, v0x64d0c5de24b0_107, v0x64d0c5de24b0_108, v0x64d0c5de24b0_109, v0x64d0c5de24b0_110;
v0x64d0c5de24b0_111 .array/port v0x64d0c5de24b0, 111;
v0x64d0c5de24b0_112 .array/port v0x64d0c5de24b0, 112;
v0x64d0c5de24b0_113 .array/port v0x64d0c5de24b0, 113;
v0x64d0c5de24b0_114 .array/port v0x64d0c5de24b0, 114;
E_0x64d0c5d8dfa0/28 .event anyedge, v0x64d0c5de24b0_111, v0x64d0c5de24b0_112, v0x64d0c5de24b0_113, v0x64d0c5de24b0_114;
v0x64d0c5de24b0_115 .array/port v0x64d0c5de24b0, 115;
v0x64d0c5de24b0_116 .array/port v0x64d0c5de24b0, 116;
v0x64d0c5de24b0_117 .array/port v0x64d0c5de24b0, 117;
v0x64d0c5de24b0_118 .array/port v0x64d0c5de24b0, 118;
E_0x64d0c5d8dfa0/29 .event anyedge, v0x64d0c5de24b0_115, v0x64d0c5de24b0_116, v0x64d0c5de24b0_117, v0x64d0c5de24b0_118;
v0x64d0c5de24b0_119 .array/port v0x64d0c5de24b0, 119;
v0x64d0c5de24b0_120 .array/port v0x64d0c5de24b0, 120;
v0x64d0c5de24b0_121 .array/port v0x64d0c5de24b0, 121;
v0x64d0c5de24b0_122 .array/port v0x64d0c5de24b0, 122;
E_0x64d0c5d8dfa0/30 .event anyedge, v0x64d0c5de24b0_119, v0x64d0c5de24b0_120, v0x64d0c5de24b0_121, v0x64d0c5de24b0_122;
v0x64d0c5de24b0_123 .array/port v0x64d0c5de24b0, 123;
v0x64d0c5de24b0_124 .array/port v0x64d0c5de24b0, 124;
v0x64d0c5de24b0_125 .array/port v0x64d0c5de24b0, 125;
v0x64d0c5de24b0_126 .array/port v0x64d0c5de24b0, 126;
E_0x64d0c5d8dfa0/31 .event anyedge, v0x64d0c5de24b0_123, v0x64d0c5de24b0_124, v0x64d0c5de24b0_125, v0x64d0c5de24b0_126;
v0x64d0c5de24b0_127 .array/port v0x64d0c5de24b0, 127;
E_0x64d0c5d8dfa0/32 .event anyedge, v0x64d0c5de24b0_127, v0x64d0c5de3570_0;
E_0x64d0c5d8dfa0 .event/or E_0x64d0c5d8dfa0/0, E_0x64d0c5d8dfa0/1, E_0x64d0c5d8dfa0/2, E_0x64d0c5d8dfa0/3, E_0x64d0c5d8dfa0/4, E_0x64d0c5d8dfa0/5, E_0x64d0c5d8dfa0/6, E_0x64d0c5d8dfa0/7, E_0x64d0c5d8dfa0/8, E_0x64d0c5d8dfa0/9, E_0x64d0c5d8dfa0/10, E_0x64d0c5d8dfa0/11, E_0x64d0c5d8dfa0/12, E_0x64d0c5d8dfa0/13, E_0x64d0c5d8dfa0/14, E_0x64d0c5d8dfa0/15, E_0x64d0c5d8dfa0/16, E_0x64d0c5d8dfa0/17, E_0x64d0c5d8dfa0/18, E_0x64d0c5d8dfa0/19, E_0x64d0c5d8dfa0/20, E_0x64d0c5d8dfa0/21, E_0x64d0c5d8dfa0/22, E_0x64d0c5d8dfa0/23, E_0x64d0c5d8dfa0/24, E_0x64d0c5d8dfa0/25, E_0x64d0c5d8dfa0/26, E_0x64d0c5d8dfa0/27, E_0x64d0c5d8dfa0/28, E_0x64d0c5d8dfa0/29, E_0x64d0c5d8dfa0/30, E_0x64d0c5d8dfa0/31, E_0x64d0c5d8dfa0/32;
    .scope S_0x64d0c5dc8270;
T_0 ;
    %pushi/vec4 0, 0, 32;
    %store/vec4 v0x64d0c5dc8450_0, 0, 32;
T_0.0 ;
    %load/vec4 v0x64d0c5dc8450_0;
    %cmpi/s 128, 0, 32;
    %jmp/0xz T_0.1, 5;
    %pushi/vec4 13, 0, 32;
    %ix/getv/s 4, v0x64d0c5dc8450_0;
    %store/vec4a v0x64d0c5de24b0, 4, 0;
    %load/vec4 v0x64d0c5dc8450_0;
    %addi 1, 0, 32;
    %store/vec4 v0x64d0c5dc8450_0, 0, 32;
    %jmp T_0.0;
T_0.1 ;
    %vpi_call 3 15 "$readmemb", "instructions.txt", v0x64d0c5de24b0 {0 0 0};
    %end;
    .thread T_0;
    .scope S_0x64d0c5dc8270;
T_1 ;
    %wait E_0x64d0c5d8dfa0;
    %load/vec4 v0x64d0c5de3630_0;
    %parti/s 7, 2, 3;
    %pad/u 9;
    %ix/vec4 4;
    %load/vec4a v0x64d0c5de24b0, 4;
    %store/vec4 v0x64d0c5de3570_0, 0, 32;
    %vpi_call 3 26 "$display", "Instruction Fetch: PC = %d, Instruction = %b", v0x64d0c5de3630_0, v0x64d0c5de3570_0 {0 0 0};
    %jmp T_1;
    .thread T_1, $push;
    .scope S_0x64d0c5dc80e0;
T_2 ;
    %pushi/vec4 0, 0, 32;
    %store/vec4 v0x64d0c5de3860_0, 0, 32;
    %vpi_call 2 23 "$monitor", "Time: %0t | PC: %b | Instruction: %b", $time, v0x64d0c5de3860_0, v0x64d0c5de3770_0 {0 0 0};
    %delay 10000, 0;
    %pushi/vec4 0, 0, 32;
    %store/vec4 v0x64d0c5de3860_0, 0, 32;
    %delay 10000, 0;
    %pushi/vec4 4, 0, 32;
    %store/vec4 v0x64d0c5de3860_0, 0, 32;
    %delay 10000, 0;
    %pushi/vec4 8, 0, 32;
    %store/vec4 v0x64d0c5de3860_0, 0, 32;
    %delay 10000, 0;
    %pushi/vec4 12, 0, 32;
    %store/vec4 v0x64d0c5de3860_0, 0, 32;
    %delay 10000, 0;
    %pushi/vec4 16, 0, 32;
    %store/vec4 v0x64d0c5de3860_0, 0, 32;
    %delay 10000, 0;
    %pushi/vec4 20, 0, 32;
    %store/vec4 v0x64d0c5de3860_0, 0, 32;
    %delay 10000, 0;
    %pushi/vec4 24, 0, 32;
    %store/vec4 v0x64d0c5de3860_0, 0, 32;
    %delay 10000, 0;
    %pushi/vec4 28, 0, 32;
    %store/vec4 v0x64d0c5de3860_0, 0, 32;
    %delay 10000, 0;
    %pushi/vec4 32, 0, 32;
    %store/vec4 v0x64d0c5de3860_0, 0, 32;
    %delay 10000, 0;
    %pushi/vec4 36, 0, 32;
    %store/vec4 v0x64d0c5de3860_0, 0, 32;
    %delay 10000, 0;
    %pushi/vec4 40, 0, 32;
    %store/vec4 v0x64d0c5de3860_0, 0, 32;
    %delay 10000, 0;
    %pushi/vec4 44, 0, 32;
    %store/vec4 v0x64d0c5de3860_0, 0, 32;
    %delay 20000, 0;
    %vpi_call 2 57 "$finish" {0 0 0};
    %end;
    .thread T_2;
# The file index is used to find the file name in the following table.
:file_names 4;
    "N/A";
    "<interactive>";
    "instruction_memory_tb.v";
    "./instruction_memory.v";
