#! /usr/bin/vvp
:ivl_version "12.0 (stable)";
:ivl_delay_selection "TYPICAL";
:vpi_time_precision - 12;
:vpi_module "/usr/lib/x86_64-linux-gnu/ivl/system.vpi";
:vpi_module "/usr/lib/x86_64-linux-gnu/ivl/vhdl_sys.vpi";
:vpi_module "/usr/lib/x86_64-linux-gnu/ivl/vhdl_textio.vpi";
:vpi_module "/usr/lib/x86_64-linux-gnu/ivl/v2005_math.vpi";
:vpi_module "/usr/lib/x86_64-linux-gnu/ivl/va_math.vpi";
S_0x62aedb159390 .scope module, "PC_adder_tb" "PC_adder_tb" 2 4;
 .timescale -9 -12;
v0x62aedb176150_0 .var "ALU_zero", 0 0;
v0x62aedb176210_0 .var "branch", 0 0;
v0x62aedb1762e0_0 .var "clk", 0 0;
v0x62aedb1763e0_0 .var "imm_gen_out", 63 0;
v0x62aedb1764b0_0 .var "pc_in", 31 0;
v0x62aedb1765a0_0 .net "pc_out", 31 0, v0x62aedb175ed0_0;  1 drivers
v0x62aedb176670_0 .var "reset", 0 0;
E_0x62aedb157e90 .event anyedge, v0x62aedb175ed0_0;
E_0x62aedb11ebc0 .event posedge, v0x62aedb175c20_0;
S_0x62aedb159560 .scope module, "uut" "PC_adder" 2 16, 3 1 0, S_0x62aedb159390;
 .timescale -9 -12;
    .port_info 0 /INPUT 1 "clk";
    .port_info 1 /INPUT 1 "reset";
    .port_info 2 /INPUT 1 "ALU_zero";
    .port_info 3 /INPUT 64 "imm_gen_out";
    .port_info 4 /INPUT 1 "branch";
    .port_info 5 /INPUT 32 "pc_in";
    .port_info 6 /OUTPUT 32 "pc_out";
v0x62aedb11e560_0 .net "ALU_zero", 0 0, v0x62aedb176150_0;  1 drivers
v0x62aedb175b60_0 .net "branch", 0 0, v0x62aedb176210_0;  1 drivers
v0x62aedb175c20_0 .net "clk", 0 0, v0x62aedb1762e0_0;  1 drivers
v0x62aedb175cc0_0 .net "imm_gen_out", 63 0, v0x62aedb1763e0_0;  1 drivers
v0x62aedb175da0_0 .net "pc_in", 31 0, v0x62aedb1764b0_0;  1 drivers
v0x62aedb175ed0_0 .var "pc_out", 31 0;
v0x62aedb175fb0_0 .net "reset", 0 0, v0x62aedb176670_0;  1 drivers
E_0x62aedb1421d0 .event posedge, v0x62aedb175fb0_0, v0x62aedb175c20_0;
    .scope S_0x62aedb159560;
T_0 ;
    %wait E_0x62aedb1421d0;
    %load/vec4 v0x62aedb175fb0_0;
    %flag_set/vec4 8;
    %jmp/0xz  T_0.0, 8;
    %pushi/vec4 0, 0, 32;
    %assign/vec4 v0x62aedb175ed0_0, 0;
    %jmp T_0.1;
T_0.0 ;
    %load/vec4 v0x62aedb175b60_0;
    %flag_set/vec4 9;
    %flag_get/vec4 9;
    %jmp/0 T_0.4, 9;
    %load/vec4 v0x62aedb11e560_0;
    %and;
T_0.4;
    %flag_set/vec4 8;
    %jmp/0xz  T_0.2, 8;
    %load/vec4 v0x62aedb175da0_0;
    %load/vec4 v0x62aedb175cc0_0;
    %parti/s 32, 0, 2;
    %ix/load 4, 1, 0;
    %flag_set/imm 4, 0;
    %shiftl 4;
    %add;
    %assign/vec4 v0x62aedb175ed0_0, 0;
    %jmp T_0.3;
T_0.2 ;
    %load/vec4 v0x62aedb175da0_0;
    %addi 4, 0, 32;
    %assign/vec4 v0x62aedb175ed0_0, 0;
T_0.3 ;
T_0.1 ;
    %jmp T_0;
    .thread T_0;
    .scope S_0x62aedb159390;
T_1 ;
    %delay 5000, 0;
    %load/vec4 v0x62aedb1762e0_0;
    %inv;
    %store/vec4 v0x62aedb1762e0_0, 0, 1;
    %jmp T_1;
    .thread T_1;
    .scope S_0x62aedb159390;
T_2 ;
    %pushi/vec4 0, 0, 1;
    %store/vec4 v0x62aedb1762e0_0, 0, 1;
    %pushi/vec4 1, 0, 1;
    %store/vec4 v0x62aedb176670_0, 0, 1;
    %pushi/vec4 0, 0, 1;
    %store/vec4 v0x62aedb176150_0, 0, 1;
    %pushi/vec4 0, 0, 1;
    %store/vec4 v0x62aedb176210_0, 0, 1;
    %pushi/vec4 0, 0, 64;
    %store/vec4 v0x62aedb1763e0_0, 0, 64;
    %pushi/vec4 0, 0, 32;
    %store/vec4 v0x62aedb1764b0_0, 0, 32;
    %delay 10000, 0;
    %pushi/vec4 0, 0, 1;
    %store/vec4 v0x62aedb176670_0, 0, 1;
    %delay 10000, 0;
    %pushi/vec4 0, 0, 1;
    %store/vec4 v0x62aedb176210_0, 0, 1;
    %pushi/vec4 0, 0, 1;
    %store/vec4 v0x62aedb176150_0, 0, 1;
    %delay 10000, 0;
    %pushi/vec4 1, 0, 1;
    %store/vec4 v0x62aedb176210_0, 0, 1;
    %pushi/vec4 1, 0, 1;
    %store/vec4 v0x62aedb176150_0, 0, 1;
    %pushi/vec4 8, 0, 64;
    %store/vec4 v0x62aedb1763e0_0, 0, 64;
    %delay 10000, 0;
    %pushi/vec4 1, 0, 1;
    %store/vec4 v0x62aedb176210_0, 0, 1;
    %pushi/vec4 0, 0, 1;
    %store/vec4 v0x62aedb176150_0, 0, 1;
    %pushi/vec4 16, 0, 64;
    %store/vec4 v0x62aedb1763e0_0, 0, 64;
    %delay 10000, 0;
    %pushi/vec4 0, 0, 1;
    %store/vec4 v0x62aedb176210_0, 0, 1;
    %pushi/vec4 0, 0, 1;
    %store/vec4 v0x62aedb176150_0, 0, 1;
    %delay 10000, 0;
    %pushi/vec4 1, 0, 1;
    %store/vec4 v0x62aedb176210_0, 0, 1;
    %pushi/vec4 1, 0, 1;
    %store/vec4 v0x62aedb176150_0, 0, 1;
    %pushi/vec4 32, 0, 64;
    %store/vec4 v0x62aedb1763e0_0, 0, 64;
    %delay 10000, 0;
    %pushi/vec4 1, 0, 1;
    %store/vec4 v0x62aedb176210_0, 0, 1;
    %pushi/vec4 0, 0, 1;
    %store/vec4 v0x62aedb176150_0, 0, 1;
    %pushi/vec4 64, 0, 64;
    %store/vec4 v0x62aedb1763e0_0, 0, 64;
    %delay 10000, 0;
    %pushi/vec4 16, 0, 32;
    %store/vec4 v0x62aedb1764b0_0, 0, 32;
    %pushi/vec4 0, 0, 1;
    %store/vec4 v0x62aedb176210_0, 0, 1;
    %pushi/vec4 0, 0, 1;
    %store/vec4 v0x62aedb176150_0, 0, 1;
    %delay 10000, 0;
    %pushi/vec4 1, 0, 1;
    %store/vec4 v0x62aedb176670_0, 0, 1;
    %delay 10000, 0;
    %pushi/vec4 0, 0, 1;
    %store/vec4 v0x62aedb176670_0, 0, 1;
    %pushi/vec4 0, 0, 32;
    %store/vec4 v0x62aedb1764b0_0, 0, 32;
    %delay 10000, 0;
    %pushi/vec4 0, 0, 1;
    %store/vec4 v0x62aedb176210_0, 0, 1;
    %pushi/vec4 0, 0, 1;
    %store/vec4 v0x62aedb176150_0, 0, 1;
    %delay 10000, 0;
    %pushi/vec4 0, 0, 1;
    %store/vec4 v0x62aedb176210_0, 0, 1;
    %pushi/vec4 0, 0, 1;
    %store/vec4 v0x62aedb176150_0, 0, 1;
    %delay 20000, 0;
    %vpi_call 2 71 "$finish" {0 0 0};
    %end;
    .thread T_2;
    .scope S_0x62aedb159390;
T_3 ;
    %wait E_0x62aedb11ebc0;
    %load/vec4 v0x62aedb176670_0;
    %nor/r;
    %flag_set/vec4 8;
    %jmp/0xz  T_3.0, 8;
    %vpi_call 2 77 "$display", "Time: %0t | pc_in: %d | pc_out: %d | branch: %d | ALU_zero: %d | imm_gen_out: %d", $time, v0x62aedb1764b0_0, v0x62aedb1765a0_0, v0x62aedb176210_0, v0x62aedb176150_0, v0x62aedb1763e0_0 {0 0 0};
T_3.0 ;
    %jmp T_3;
    .thread T_3;
    .scope S_0x62aedb159390;
T_4 ;
    %wait E_0x62aedb157e90;
    %load/vec4 v0x62aedb1765a0_0;
    %assign/vec4 v0x62aedb1764b0_0, 0;
    %jmp T_4;
    .thread T_4, $push;
# The file index is used to find the file name in the following table.
:file_names 4;
    "N/A";
    "<interactive>";
    "PC_adder_tb.v";
    "./PC_adder.v";
