#! /usr/bin/vvp
:ivl_version "12.0 (stable)";
:ivl_delay_selection "TYPICAL";
:vpi_time_precision + 0;
:vpi_module "/usr/lib/x86_64-linux-gnu/ivl/system.vpi";
:vpi_module "/usr/lib/x86_64-linux-gnu/ivl/vhdl_sys.vpi";
:vpi_module "/usr/lib/x86_64-linux-gnu/ivl/vhdl_textio.vpi";
:vpi_module "/usr/lib/x86_64-linux-gnu/ivl/v2005_math.vpi";
:vpi_module "/usr/lib/x86_64-linux-gnu/ivl/va_math.vpi";
S_0x61bc508224f0 .scope module, "PC_adder" "PC_adder" 2 1;
 .timescale 0 0;
    .port_info 0 /INPUT 1 "clk";
    .port_info 1 /INPUT 1 "rst";
    .port_info 2 /INPUT 1 "ALU_zero";
    .port_info 3 /INPUT 64 "branch_offset";
    .port_info 4 /INPUT 1 "branch";
    .port_info 5 /OUTPUT 32 "pc_out";
P_0x61bc508230a0 .param/l "pc_limit" 1 2 10, C4<0000000000000000000000000000000000000000000000000000001000000000>;
o0x7a04b4ab4018 .functor BUFZ 1, C4<z>; HiZ drive
v0x61bc508227e0_0 .net "ALU_zero", 0 0, o0x7a04b4ab4018;  0 drivers
o0x7a04b4ab4048 .functor BUFZ 1, C4<z>; HiZ drive
v0x61bc5086fbb0_0 .net "branch", 0 0, o0x7a04b4ab4048;  0 drivers
o0x7a04b4ab4078 .functor BUFZ 64, C4<zzzzzzzzzzzzzzzzzzzzzzzzzzzzzzzzzzzzzzzzzzzzzzzzzzzzzzzzzzzzzzzz>; HiZ drive
v0x61bc5086fc70_0 .net "branch_offset", 63 0, o0x7a04b4ab4078;  0 drivers
o0x7a04b4ab40a8 .functor BUFZ 1, C4<z>; HiZ drive
v0x61bc5086fd30_0 .net "clk", 0 0, o0x7a04b4ab40a8;  0 drivers
v0x61bc5086fdf0_0 .var "pc_out", 31 0;
o0x7a04b4ab4108 .functor BUFZ 1, C4<z>; HiZ drive
v0x61bc5086ff20_0 .net "rst", 0 0, o0x7a04b4ab4108;  0 drivers
E_0x61bc50822b60 .event posedge, v0x61bc5086ff20_0, v0x61bc5086fd30_0;
    .scope S_0x61bc508224f0;
T_0 ;
    %pushi/vec4 0, 0, 32;
    %store/vec4 v0x61bc5086fdf0_0, 0, 32;
    %vpi_call 2 14 "$display", "pc initialize to 0x%h", v0x61bc5086fdf0_0 {0 0 0};
    %end;
    .thread T_0;
    .scope S_0x61bc508224f0;
T_1 ;
    %wait E_0x61bc50822b60;
    %load/vec4 v0x61bc5086ff20_0;
    %flag_set/vec4 8;
    %jmp/0xz  T_1.0, 8;
    %pushi/vec4 0, 0, 32;
    %assign/vec4 v0x61bc5086fdf0_0, 0;
    %vpi_call 2 20 "$display", "pc rst to 0x%h", v0x61bc5086fdf0_0 {0 0 0};
    %jmp T_1.1;
T_1.0 ;
    %load/vec4 v0x61bc5086fbb0_0;
    %load/vec4 v0x61bc508227e0_0;
    %and;
    %flag_set/vec4 8;
    %jmp/0xz  T_1.2, 8;
    %load/vec4 v0x61bc5086fdf0_0;
    %pad/u 64;
    %load/vec4 v0x61bc5086fc70_0;
    %ix/load 4, 1, 0;
    %flag_set/imm 4, 0;
    %shiftl 4;
    %add;
    %pad/u 32;
    %assign/vec4 v0x61bc5086fdf0_0, 0;
    %vpi_call 2 25 "$display", "pc branched to 0x%h", v0x61bc5086fdf0_0 {0 0 0};
    %jmp T_1.3;
T_1.2 ;
    %load/vec4 v0x61bc5086fdf0_0;
    %pad/u 64;
    %cmpi/u 508, 0, 64;
    %jmp/0xz  T_1.4, 5;
    %load/vec4 v0x61bc5086fdf0_0;
    %addi 4, 0, 32;
    %assign/vec4 v0x61bc5086fdf0_0, 0;
    %vpi_call 2 30 "$display", "pc incremented to 0x%h", v0x61bc5086fdf0_0 {0 0 0};
    %jmp T_1.5;
T_1.4 ;
    %vpi_call 2 34 "$display", "PROGRAM COMPLETED!!! : PC reached maximum value" {0 0 0};
    %vpi_call 2 35 "$finish" {0 0 0};
T_1.5 ;
T_1.3 ;
T_1.1 ;
    %jmp T_1;
    .thread T_1;
# The file index is used to find the file name in the following table.
:file_names 3;
    "N/A";
    "<interactive>";
    "PC_adder.v";
