#! /usr/bin/vvp
:ivl_version "12.0 (stable)";
:ivl_delay_selection "TYPICAL";
:vpi_time_precision + 0;
:vpi_module "/usr/lib/x86_64-linux-gnu/ivl/system.vpi";
:vpi_module "/usr/lib/x86_64-linux-gnu/ivl/vhdl_sys.vpi";
:vpi_module "/usr/lib/x86_64-linux-gnu/ivl/vhdl_textio.vpi";
:vpi_module "/usr/lib/x86_64-linux-gnu/ivl/v2005_math.vpi";
:vpi_module "/usr/lib/x86_64-linux-gnu/ivl/va_math.vpi";
S_0x6529aebd8510 .scope module, "write_back" "write_back" 2 1;
 .timescale 0 0;
    .port_info 0 /INPUT 1 "mem_read";
    .port_info 1 /INPUT 64 "read_data";
    .port_info 2 /INPUT 64 "alu_result";
    .port_info 3 /OUTPUT 64 "write_back_data";
o0x72d3d7ef9018 .functor BUFZ 64, C4<zzzzzzzzzzzzzzzzzzzzzzzzzzzzzzzzzzzzzzzzzzzzzzzzzzzzzzzzzzzzzzzz>; HiZ drive
v0x6529aebd8730_0 .net "alu_result", 63 0, o0x72d3d7ef9018;  0 drivers
o0x72d3d7ef9048 .functor BUFZ 1, C4<z>; HiZ drive
v0x6529aec21370_0 .net "mem_read", 0 0, o0x72d3d7ef9048;  0 drivers
o0x72d3d7ef9078 .functor BUFZ 64, C4<zzzzzzzzzzzzzzzzzzzzzzzzzzzzzzzzzzzzzzzzzzzzzzzzzzzzzzzzzzzzzzzz>; HiZ drive
v0x6529aec21430_0 .net "read_data", 63 0, o0x72d3d7ef9078;  0 drivers
v0x6529aec214f0_0 .net "write_back_data", 63 0, L_0x6529aec21650;  1 drivers
E_0x6529aebd96a0 .event anyedge, v0x6529aec21370_0, v0x6529aec21430_0, v0x6529aebd8730_0;
L_0x6529aec21650 .functor MUXZ 64, o0x72d3d7ef9018, o0x72d3d7ef9078, o0x72d3d7ef9048, C4<>;
    .scope S_0x6529aebd8510;
T_0 ;
    %wait E_0x6529aebd96a0;
    %load/vec4 v0x6529aec21370_0;
    %flag_set/vec4 8;
    %jmp/0xz  T_0.0, 8;
    %vpi_call 2 14 "$display", "Write Back: Read Data from memory = %0d", v0x6529aec21430_0 {0 0 0};
    %jmp T_0.1;
T_0.0 ;
    %vpi_call 2 16 "$display", "Write Back: ALU Result = %0d", v0x6529aebd8730_0 {0 0 0};
T_0.1 ;
    %jmp T_0;
    .thread T_0, $push;
# The file index is used to find the file name in the following table.
:file_names 3;
    "N/A";
    "<interactive>";
    "write_back_stage.v";
