#! /usr/bin/vvp
:ivl_version "12.0 (stable)";
:ivl_delay_selection "TYPICAL";
:vpi_time_precision + 0;
:vpi_module "/usr/lib/x86_64-linux-gnu/ivl/system.vpi";
:vpi_module "/usr/lib/x86_64-linux-gnu/ivl/vhdl_sys.vpi";
:vpi_module "/usr/lib/x86_64-linux-gnu/ivl/vhdl_textio.vpi";
:vpi_module "/usr/lib/x86_64-linux-gnu/ivl/v2005_math.vpi";
:vpi_module "/usr/lib/x86_64-linux-gnu/ivl/va_math.vpi";
S_0x600836e77490 .scope module, "control" "control" 2 1;
 .timescale 0 0;
    .port_info 0 /INPUT 1 "ctrl_hazard";
    .port_info 1 /INPUT 7 "opcode";
    .port_info 2 /OUTPUT 1 "branch";
    .port_info 3 /OUTPUT 1 "mem_read";
    .port_info 4 /OUTPUT 1 "mem_to_reg";
    .port_info 5 /OUTPUT 2 "alu_op";
    .port_info 6 /OUTPUT 1 "mem_write";
    .port_info 7 /OUTPUT 1 "alu_src";
    .port_info 8 /OUTPUT 1 "reg_write";
P_0x600836e77620 .param/l "BEQ" 1 2 16, C4<1100011>;
P_0x600836e77660 .param/l "LD" 1 2 14, C4<0000011>;
P_0x600836e776a0 .param/l "R_TYPE" 1 2 13, C4<0110011>;
P_0x600836e776e0 .param/l "SD" 1 2 15, C4<0100011>;
v0x600836e79400_0 .var "alu_op", 1 0;
v0x600836ec8150_0 .var "alu_src", 0 0;
v0x600836ec8210_0 .var "branch", 0 0;
o0x7f83d52d10a8 .functor BUFZ 1, C4<z>; HiZ drive
v0x600836ec82b0_0 .net "ctrl_hazard", 0 0, o0x7f83d52d10a8;  0 drivers
v0x600836ec8370_0 .var "mem_read", 0 0;
v0x600836ec8480_0 .var "mem_to_reg", 0 0;
v0x600836ec8540_0 .var "mem_write", 0 0;
o0x7f83d52d1168 .functor BUFZ 7, C4<zzzzzzz>; HiZ drive
v0x600836ec8600_0 .net "opcode", 6 0, o0x7f83d52d1168;  0 drivers
v0x600836ec86e0_0 .var "reg_write", 0 0;
E_0x600836eb06c0 .event anyedge, v0x600836ec82b0_0, v0x600836ec8600_0;
    .scope S_0x600836e77490;
T_0 ;
    %wait E_0x600836eb06c0;
    %pushi/vec4 0, 0, 1;
    %store/vec4 v0x600836ec8210_0, 0, 1;
    %pushi/vec4 0, 0, 1;
    %store/vec4 v0x600836ec8370_0, 0, 1;
    %pushi/vec4 0, 0, 1;
    %store/vec4 v0x600836ec8480_0, 0, 1;
    %pushi/vec4 0, 0, 1;
    %store/vec4 v0x600836ec8540_0, 0, 1;
    %pushi/vec4 0, 0, 1;
    %store/vec4 v0x600836ec8150_0, 0, 1;
    %pushi/vec4 0, 0, 1;
    %store/vec4 v0x600836ec86e0_0, 0, 1;
    %pushi/vec4 0, 0, 2;
    %store/vec4 v0x600836e79400_0, 0, 2;
    %load/vec4 v0x600836ec82b0_0;
    %flag_set/vec4 8;
    %jmp/0xz  T_0.0, 8;
    %jmp T_0.1;
T_0.0 ;
    %load/vec4 v0x600836ec8600_0;
    %dup/vec4;
    %pushi/vec4 51, 0, 7;
    %cmp/u;
    %jmp/1 T_0.2, 6;
    %dup/vec4;
    %pushi/vec4 3, 0, 7;
    %cmp/u;
    %jmp/1 T_0.3, 6;
    %dup/vec4;
    %pushi/vec4 35, 0, 7;
    %cmp/u;
    %jmp/1 T_0.4, 6;
    %dup/vec4;
    %pushi/vec4 99, 0, 7;
    %cmp/u;
    %jmp/1 T_0.5, 6;
    %jmp T_0.7;
T_0.2 ;
    %pushi/vec4 0, 0, 1;
    %store/vec4 v0x600836ec8150_0, 0, 1;
    %pushi/vec4 0, 0, 1;
    %store/vec4 v0x600836ec8480_0, 0, 1;
    %pushi/vec4 1, 0, 1;
    %store/vec4 v0x600836ec86e0_0, 0, 1;
    %pushi/vec4 0, 0, 1;
    %store/vec4 v0x600836ec8370_0, 0, 1;
    %pushi/vec4 0, 0, 1;
    %store/vec4 v0x600836ec8540_0, 0, 1;
    %pushi/vec4 0, 0, 1;
    %store/vec4 v0x600836ec8210_0, 0, 1;
    %pushi/vec4 2, 0, 2;
    %store/vec4 v0x600836e79400_0, 0, 2;
    %jmp T_0.7;
T_0.3 ;
    %pushi/vec4 1, 0, 1;
    %store/vec4 v0x600836ec8150_0, 0, 1;
    %pushi/vec4 1, 0, 1;
    %store/vec4 v0x600836ec8480_0, 0, 1;
    %pushi/vec4 1, 0, 1;
    %store/vec4 v0x600836ec86e0_0, 0, 1;
    %pushi/vec4 1, 0, 1;
    %store/vec4 v0x600836ec8370_0, 0, 1;
    %pushi/vec4 0, 0, 1;
    %store/vec4 v0x600836ec8540_0, 0, 1;
    %pushi/vec4 0, 0, 1;
    %store/vec4 v0x600836ec8210_0, 0, 1;
    %pushi/vec4 0, 0, 2;
    %store/vec4 v0x600836e79400_0, 0, 2;
    %jmp T_0.7;
T_0.4 ;
    %pushi/vec4 1, 0, 1;
    %store/vec4 v0x600836ec8150_0, 0, 1;
    %pushi/vec4 0, 0, 1;
    %store/vec4 v0x600836ec8480_0, 0, 1;
    %pushi/vec4 0, 0, 1;
    %store/vec4 v0x600836ec86e0_0, 0, 1;
    %pushi/vec4 0, 0, 1;
    %store/vec4 v0x600836ec8370_0, 0, 1;
    %pushi/vec4 1, 0, 1;
    %store/vec4 v0x600836ec8540_0, 0, 1;
    %pushi/vec4 0, 0, 1;
    %store/vec4 v0x600836ec8210_0, 0, 1;
    %pushi/vec4 0, 0, 2;
    %store/vec4 v0x600836e79400_0, 0, 2;
    %jmp T_0.7;
T_0.5 ;
    %pushi/vec4 0, 0, 1;
    %store/vec4 v0x600836ec8150_0, 0, 1;
    %pushi/vec4 0, 0, 1;
    %store/vec4 v0x600836ec8480_0, 0, 1;
    %pushi/vec4 0, 0, 1;
    %store/vec4 v0x600836ec86e0_0, 0, 1;
    %pushi/vec4 0, 0, 1;
    %store/vec4 v0x600836ec8370_0, 0, 1;
    %pushi/vec4 0, 0, 1;
    %store/vec4 v0x600836ec8540_0, 0, 1;
    %pushi/vec4 1, 0, 1;
    %store/vec4 v0x600836ec8210_0, 0, 1;
    %pushi/vec4 1, 0, 2;
    %store/vec4 v0x600836e79400_0, 0, 2;
    %jmp T_0.7;
T_0.7 ;
    %pop/vec4 1;
T_0.1 ;
    %jmp T_0;
    .thread T_0, $push;
# The file index is used to find the file name in the following table.
:file_names 3;
    "N/A";
    "<interactive>";
    "control.v";
