#! /usr/bin/vvp
:ivl_version "12.0 (stable)";
:ivl_delay_selection "TYPICAL";
:vpi_time_precision + 0;
:vpi_module "/usr/lib/x86_64-linux-gnu/ivl/system.vpi";
:vpi_module "/usr/lib/x86_64-linux-gnu/ivl/vhdl_sys.vpi";
:vpi_module "/usr/lib/x86_64-linux-gnu/ivl/vhdl_textio.vpi";
:vpi_module "/usr/lib/x86_64-linux-gnu/ivl/v2005_math.vpi";
:vpi_module "/usr/lib/x86_64-linux-gnu/ivl/va_math.vpi";
S_0x5d7340ce04f0 .scope module, "idex_reg" "idex_reg" 2 3;
 .timescale 0 0;
    .port_info 0 /INPUT 64 "pc";
    .port_info 1 /INPUT 1 "clk";
    .port_info 2 /INPUT 1 "rst";
    .port_info 3 /INPUT 64 "rs1_data";
    .port_info 4 /INPUT 64 "rs2_data";
    .port_info 5 /INPUT 5 "rs1";
    .port_info 6 /INPUT 5 "rs2";
    .port_info 7 /INPUT 5 "rd";
    .port_info 8 /INPUT 64 "immediate";
    .port_info 9 /INPUT 1 "branch";
    .port_info 10 /INPUT 1 "mem_read";
    .port_info 11 /INPUT 1 "mem_to_reg";
    .port_info 12 /INPUT 2 "alu_op";
    .port_info 13 /INPUT 1 "mem_write";
    .port_info 14 /INPUT 1 "alu_src";
    .port_info 15 /INPUT 1 "reg_write";
    .port_info 16 /INPUT 3 "func3";
    .port_info 17 /INPUT 1 "func7b5";
    .port_info 18 /OUTPUT 64 "rs1_data_d2";
    .port_info 19 /OUTPUT 64 "rs2_data_d2";
    .port_info 20 /OUTPUT 5 "rs1_d2";
    .port_info 21 /OUTPUT 5 "rs2_d2";
    .port_info 22 /OUTPUT 5 "rd_d2";
    .port_info 23 /OUTPUT 64 "immediate_d2";
    .port_info 24 /OUTPUT 1 "branch_d2";
    .port_info 25 /OUTPUT 1 "mem_read_d2";
    .port_info 26 /OUTPUT 1 "mem_to_reg_d2";
    .port_info 27 /OUTPUT 2 "alu_op_d2";
    .port_info 28 /OUTPUT 1 "mem_write_d2";
    .port_info 29 /OUTPUT 1 "alu_src_d2";
    .port_info 30 /OUTPUT 1 "reg_write_d2";
    .port_info 31 /OUTPUT 3 "func3_d2";
    .port_info 32 /OUTPUT 1 "func7b5_d2";
    .port_info 33 /OUTPUT 64 "pc_d2";
o0x77c02b889018 .functor BUFZ 2, C4<zz>; HiZ drive
v0x5d7340d0bc80_0 .net "alu_op", 1 0, o0x77c02b889018;  0 drivers
v0x5d7340d37580_0 .var "alu_op_d2", 1 0;
o0x77c02b889078 .functor BUFZ 1, C4<z>; HiZ drive
v0x5d7340d37660_0 .net "alu_src", 0 0, o0x77c02b889078;  0 drivers
v0x5d7340d37700_0 .var "alu_src_d2", 0 0;
o0x77c02b8890d8 .functor BUFZ 1, C4<z>; HiZ drive
v0x5d7340d377c0_0 .net "branch", 0 0, o0x77c02b8890d8;  0 drivers
v0x5d7340d378d0_0 .var "branch_d2", 0 0;
o0x77c02b889138 .functor BUFZ 1, C4<z>; HiZ drive
v0x5d7340d37990_0 .net "clk", 0 0, o0x77c02b889138;  0 drivers
o0x77c02b889168 .functor BUFZ 3, C4<zzz>; HiZ drive
v0x5d7340d37a50_0 .net "func3", 2 0, o0x77c02b889168;  0 drivers
v0x5d7340d37b30_0 .var "func3_d2", 2 0;
o0x77c02b8891c8 .functor BUFZ 1, C4<z>; HiZ drive
v0x5d7340d37c10_0 .net "func7b5", 0 0, o0x77c02b8891c8;  0 drivers
v0x5d7340d37cd0_0 .var "func7b5_d2", 0 0;
o0x77c02b889228 .functor BUFZ 64, C4<zzzzzzzzzzzzzzzzzzzzzzzzzzzzzzzzzzzzzzzzzzzzzzzzzzzzzzzzzzzzzzzz>; HiZ drive
v0x5d7340d37d90_0 .net "immediate", 63 0, o0x77c02b889228;  0 drivers
v0x5d7340d37e70_0 .var "immediate_d2", 63 0;
o0x77c02b889288 .functor BUFZ 1, C4<z>; HiZ drive
v0x5d7340d37f50_0 .net "mem_read", 0 0, o0x77c02b889288;  0 drivers
v0x5d7340d38010_0 .var "mem_read_d2", 0 0;
o0x77c02b8892e8 .functor BUFZ 1, C4<z>; HiZ drive
v0x5d7340d380d0_0 .net "mem_to_reg", 0 0, o0x77c02b8892e8;  0 drivers
v0x5d7340d38190_0 .var "mem_to_reg_d2", 0 0;
o0x77c02b889348 .functor BUFZ 1, C4<z>; HiZ drive
v0x5d7340d38250_0 .net "mem_write", 0 0, o0x77c02b889348;  0 drivers
v0x5d7340d38310_0 .var "mem_write_d2", 0 0;
o0x77c02b8893a8 .functor BUFZ 64, C4<zzzzzzzzzzzzzzzzzzzzzzzzzzzzzzzzzzzzzzzzzzzzzzzzzzzzzzzzzzzzzzzz>; HiZ drive
v0x5d7340d383d0_0 .net "pc", 63 0, o0x77c02b8893a8;  0 drivers
v0x5d7340d384b0_0 .var "pc_d2", 63 0;
o0x77c02b889408 .functor BUFZ 5, C4<zzzzz>; HiZ drive
v0x5d7340d38590_0 .net "rd", 4 0, o0x77c02b889408;  0 drivers
v0x5d7340d38670_0 .var "rd_d2", 4 0;
o0x77c02b889468 .functor BUFZ 1, C4<z>; HiZ drive
v0x5d7340d38750_0 .net "reg_write", 0 0, o0x77c02b889468;  0 drivers
v0x5d7340d38810_0 .var "reg_write_d2", 0 0;
o0x77c02b8894c8 .functor BUFZ 5, C4<zzzzz>; HiZ drive
v0x5d7340d388d0_0 .net "rs1", 4 0, o0x77c02b8894c8;  0 drivers
v0x5d7340d389b0_0 .var "rs1_d2", 4 0;
o0x77c02b889528 .functor BUFZ 64, C4<zzzzzzzzzzzzzzzzzzzzzzzzzzzzzzzzzzzzzzzzzzzzzzzzzzzzzzzzzzzzzzzz>; HiZ drive
v0x5d7340d38a90_0 .net "rs1_data", 63 0, o0x77c02b889528;  0 drivers
v0x5d7340d38b70_0 .var "rs1_data_d2", 63 0;
o0x77c02b889588 .functor BUFZ 5, C4<zzzzz>; HiZ drive
v0x5d7340d38c50_0 .net "rs2", 4 0, o0x77c02b889588;  0 drivers
v0x5d7340d38d30_0 .var "rs2_d2", 4 0;
o0x77c02b8895e8 .functor BUFZ 64, C4<zzzzzzzzzzzzzzzzzzzzzzzzzzzzzzzzzzzzzzzzzzzzzzzzzzzzzzzzzzzzzzzz>; HiZ drive
v0x5d7340d38e10_0 .net "rs2_data", 63 0, o0x77c02b8895e8;  0 drivers
v0x5d7340d38ef0_0 .var "rs2_data_d2", 63 0;
o0x77c02b889648 .functor BUFZ 1, C4<z>; HiZ drive
v0x5d7340d391e0_0 .net "rst", 0 0, o0x77c02b889648;  0 drivers
E_0x5d7340d199a0 .event posedge, v0x5d7340d391e0_0, v0x5d7340d37990_0;
    .scope S_0x5d7340ce04f0;
T_0 ;
    %wait E_0x5d7340d199a0;
    %load/vec4 v0x5d7340d391e0_0;
    %flag_set/vec4 8;
    %jmp/0xz  T_0.0, 8;
    %pushi/vec4 0, 0, 64;
    %assign/vec4 v0x5d7340d38b70_0, 0;
    %pushi/vec4 0, 0, 64;
    %assign/vec4 v0x5d7340d38ef0_0, 0;
    %pushi/vec4 0, 0, 5;
    %assign/vec4 v0x5d7340d389b0_0, 0;
    %pushi/vec4 0, 0, 5;
    %assign/vec4 v0x5d7340d38d30_0, 0;
    %pushi/vec4 0, 0, 5;
    %assign/vec4 v0x5d7340d38670_0, 0;
    %pushi/vec4 0, 0, 64;
    %assign/vec4 v0x5d7340d37e70_0, 0;
    %pushi/vec4 0, 0, 1;
    %assign/vec4 v0x5d7340d378d0_0, 0;
    %pushi/vec4 0, 0, 1;
    %assign/vec4 v0x5d7340d38010_0, 0;
    %pushi/vec4 0, 0, 1;
    %assign/vec4 v0x5d7340d38190_0, 0;
    %pushi/vec4 0, 0, 2;
    %assign/vec4 v0x5d7340d37580_0, 0;
    %pushi/vec4 0, 0, 1;
    %assign/vec4 v0x5d7340d38310_0, 0;
    %pushi/vec4 0, 0, 1;
    %assign/vec4 v0x5d7340d37700_0, 0;
    %pushi/vec4 0, 0, 1;
    %assign/vec4 v0x5d7340d38810_0, 0;
    %pushi/vec4 0, 0, 3;
    %assign/vec4 v0x5d7340d37b30_0, 0;
    %pushi/vec4 0, 0, 1;
    %assign/vec4 v0x5d7340d37cd0_0, 0;
    %jmp T_0.1;
T_0.0 ;
    %load/vec4 v0x5d7340d38a90_0;
    %assign/vec4 v0x5d7340d38b70_0, 0;
    %load/vec4 v0x5d7340d38e10_0;
    %assign/vec4 v0x5d7340d38ef0_0, 0;
    %load/vec4 v0x5d7340d388d0_0;
    %assign/vec4 v0x5d7340d389b0_0, 0;
    %load/vec4 v0x5d7340d38c50_0;
    %assign/vec4 v0x5d7340d38d30_0, 0;
    %load/vec4 v0x5d7340d38590_0;
    %assign/vec4 v0x5d7340d38670_0, 0;
    %load/vec4 v0x5d7340d37d90_0;
    %assign/vec4 v0x5d7340d37e70_0, 0;
    %load/vec4 v0x5d7340d377c0_0;
    %assign/vec4 v0x5d7340d378d0_0, 0;
    %load/vec4 v0x5d7340d37f50_0;
    %assign/vec4 v0x5d7340d38010_0, 0;
    %load/vec4 v0x5d7340d380d0_0;
    %assign/vec4 v0x5d7340d38190_0, 0;
    %load/vec4 v0x5d7340d0bc80_0;
    %assign/vec4 v0x5d7340d37580_0, 0;
    %load/vec4 v0x5d7340d38250_0;
    %assign/vec4 v0x5d7340d38310_0, 0;
    %load/vec4 v0x5d7340d37660_0;
    %assign/vec4 v0x5d7340d37700_0, 0;
    %load/vec4 v0x5d7340d38750_0;
    %assign/vec4 v0x5d7340d38810_0, 0;
    %load/vec4 v0x5d7340d37a50_0;
    %assign/vec4 v0x5d7340d37b30_0, 0;
    %load/vec4 v0x5d7340d37c10_0;
    %assign/vec4 v0x5d7340d37cd0_0, 0;
T_0.1 ;
    %jmp T_0;
    .thread T_0;
# The file index is used to find the file name in the following table.
:file_names 3;
    "N/A";
    "<interactive>";
    "ID_EX_register.v";
