#! /usr/bin/vvp
:ivl_version "12.0 (stable)";
:ivl_delay_selection "TYPICAL";
:vpi_time_precision + 0;
:vpi_module "/usr/lib/x86_64-linux-gnu/ivl/system.vpi";
:vpi_module "/usr/lib/x86_64-linux-gnu/ivl/vhdl_sys.vpi";
:vpi_module "/usr/lib/x86_64-linux-gnu/ivl/vhdl_textio.vpi";
:vpi_module "/usr/lib/x86_64-linux-gnu/ivl/v2005_math.vpi";
:vpi_module "/usr/lib/x86_64-linux-gnu/ivl/va_math.vpi";
S_0x63f0d9a5c6b0 .scope module, "ifid_reg" "ifid_reg" 2 3;
 .timescale 0 0;
    .port_info 0 /INPUT 1 "clk";
    .port_info 1 /INPUT 1 "rst";
    .port_info 2 /INPUT 32 "instruction";
    .port_info 3 /INPUT 1 "ifid_write";
    .port_info 4 /OUTPUT 32 "instruction_d";
o0x7028ec881018 .functor BUFZ 1, C4<z>; HiZ drive
v0x63f0d9a67cb0_0 .net "clk", 0 0, o0x7028ec881018;  0 drivers
o0x7028ec881048 .functor BUFZ 1, C4<z>; HiZ drive
v0x63f0d9a87b30_0 .net "ifid_write", 0 0, o0x7028ec881048;  0 drivers
o0x7028ec881078 .functor BUFZ 32, C4<zzzzzzzzzzzzzzzzzzzzzzzzzzzzzzzz>; HiZ drive
v0x63f0d9a87bf0_0 .net "instruction", 31 0, o0x7028ec881078;  0 drivers
v0x63f0d9a87cb0_0 .var "instruction_d", 31 0;
o0x7028ec8810d8 .functor BUFZ 1, C4<z>; HiZ drive
v0x63f0d9a87d90_0 .net "rst", 0 0, o0x7028ec8810d8;  0 drivers
E_0x63f0d9a2abe0 .event posedge, v0x63f0d9a87d90_0, v0x63f0d9a67cb0_0;
S_0x63f0d9a5c840 .scope module, "instruction_fetch_stage" "instruction_fetch_stage" 3 4;
 .timescale 0 0;
    .port_info 0 /INPUT 1 "clk";
    .port_info 1 /INPUT 1 "rst";
    .port_info 2 /INPUT 1 "ALU_zero";
    .port_info 3 /INPUT 1 "branch";
    .port_info 4 /INPUT 64 "branch_offset";
    .port_info 5 /OUTPUT 32 "pc";
    .port_info 6 /OUTPUT 32 "instruction";
o0x7028ec882ae8 .functor BUFZ 1, C4<z>; HiZ drive
v0x63f0d9a8a2c0_0 .net "ALU_zero", 0 0, o0x7028ec882ae8;  0 drivers
o0x7028ec882b18 .functor BUFZ 1, C4<z>; HiZ drive
v0x63f0d9a8a380_0 .net "branch", 0 0, o0x7028ec882b18;  0 drivers
o0x7028ec882b48 .functor BUFZ 64, C4<zzzzzzzzzzzzzzzzzzzzzzzzzzzzzzzzzzzzzzzzzzzzzzzzzzzzzzzzzzzzzzzz>; HiZ drive
v0x63f0d9a8a420_0 .net "branch_offset", 63 0, o0x7028ec882b48;  0 drivers
o0x7028ec882b78 .functor BUFZ 1, C4<z>; HiZ drive
v0x63f0d9a8a520_0 .net "clk", 0 0, o0x7028ec882b78;  0 drivers
v0x63f0d9a8a5f0_0 .net "instruction", 31 0, v0x63f0d9a89760_0;  1 drivers
v0x63f0d9a8a6e0_0 .net "pc", 31 0, v0x63f0d9a8a010_0;  1 drivers
o0x7028ec882ba8 .functor BUFZ 1, C4<z>; HiZ drive
v0x63f0d9a8a7d0_0 .net "rst", 0 0, o0x7028ec882ba8;  0 drivers
S_0x63f0d9a87f40 .scope module, "imem" "instruction_memory" 3 25, 4 1 0, S_0x63f0d9a5c840;
 .timescale 0 0;
    .port_info 0 /INPUT 32 "pc";
    .port_info 1 /OUTPUT 32 "instruction";
v0x63f0d9a885a0_0 .var/i "i", 31 0;
v0x63f0d9a886a0 .array "instr_mem", 127 0, 31 0;
v0x63f0d9a89760_0 .var "instruction", 31 0;
v0x63f0d9a89820_0 .net "pc", 31 0, v0x63f0d9a8a010_0;  alias, 1 drivers
v0x63f0d9a886a0_0 .array/port v0x63f0d9a886a0, 0;
v0x63f0d9a886a0_1 .array/port v0x63f0d9a886a0, 1;
v0x63f0d9a886a0_2 .array/port v0x63f0d9a886a0, 2;
E_0x63f0d9a4e1d0/0 .event anyedge, v0x63f0d9a89820_0, v0x63f0d9a886a0_0, v0x63f0d9a886a0_1, v0x63f0d9a886a0_2;
v0x63f0d9a886a0_3 .array/port v0x63f0d9a886a0, 3;
v0x63f0d9a886a0_4 .array/port v0x63f0d9a886a0, 4;
v0x63f0d9a886a0_5 .array/port v0x63f0d9a886a0, 5;
v0x63f0d9a886a0_6 .array/port v0x63f0d9a886a0, 6;
E_0x63f0d9a4e1d0/1 .event anyedge, v0x63f0d9a886a0_3, v0x63f0d9a886a0_4, v0x63f0d9a886a0_5, v0x63f0d9a886a0_6;
v0x63f0d9a886a0_7 .array/port v0x63f0d9a886a0, 7;
v0x63f0d9a886a0_8 .array/port v0x63f0d9a886a0, 8;
v0x63f0d9a886a0_9 .array/port v0x63f0d9a886a0, 9;
v0x63f0d9a886a0_10 .array/port v0x63f0d9a886a0, 10;
E_0x63f0d9a4e1d0/2 .event anyedge, v0x63f0d9a886a0_7, v0x63f0d9a886a0_8, v0x63f0d9a886a0_9, v0x63f0d9a886a0_10;
v0x63f0d9a886a0_11 .array/port v0x63f0d9a886a0, 11;
v0x63f0d9a886a0_12 .array/port v0x63f0d9a886a0, 12;
v0x63f0d9a886a0_13 .array/port v0x63f0d9a886a0, 13;
v0x63f0d9a886a0_14 .array/port v0x63f0d9a886a0, 14;
E_0x63f0d9a4e1d0/3 .event anyedge, v0x63f0d9a886a0_11, v0x63f0d9a886a0_12, v0x63f0d9a886a0_13, v0x63f0d9a886a0_14;
v0x63f0d9a886a0_15 .array/port v0x63f0d9a886a0, 15;
v0x63f0d9a886a0_16 .array/port v0x63f0d9a886a0, 16;
v0x63f0d9a886a0_17 .array/port v0x63f0d9a886a0, 17;
v0x63f0d9a886a0_18 .array/port v0x63f0d9a886a0, 18;
E_0x63f0d9a4e1d0/4 .event anyedge, v0x63f0d9a886a0_15, v0x63f0d9a886a0_16, v0x63f0d9a886a0_17, v0x63f0d9a886a0_18;
v0x63f0d9a886a0_19 .array/port v0x63f0d9a886a0, 19;
v0x63f0d9a886a0_20 .array/port v0x63f0d9a886a0, 20;
v0x63f0d9a886a0_21 .array/port v0x63f0d9a886a0, 21;
v0x63f0d9a886a0_22 .array/port v0x63f0d9a886a0, 22;
E_0x63f0d9a4e1d0/5 .event anyedge, v0x63f0d9a886a0_19, v0x63f0d9a886a0_20, v0x63f0d9a886a0_21, v0x63f0d9a886a0_22;
v0x63f0d9a886a0_23 .array/port v0x63f0d9a886a0, 23;
v0x63f0d9a886a0_24 .array/port v0x63f0d9a886a0, 24;
v0x63f0d9a886a0_25 .array/port v0x63f0d9a886a0, 25;
v0x63f0d9a886a0_26 .array/port v0x63f0d9a886a0, 26;
E_0x63f0d9a4e1d0/6 .event anyedge, v0x63f0d9a886a0_23, v0x63f0d9a886a0_24, v0x63f0d9a886a0_25, v0x63f0d9a886a0_26;
v0x63f0d9a886a0_27 .array/port v0x63f0d9a886a0, 27;
v0x63f0d9a886a0_28 .array/port v0x63f0d9a886a0, 28;
v0x63f0d9a886a0_29 .array/port v0x63f0d9a886a0, 29;
v0x63f0d9a886a0_30 .array/port v0x63f0d9a886a0, 30;
E_0x63f0d9a4e1d0/7 .event anyedge, v0x63f0d9a886a0_27, v0x63f0d9a886a0_28, v0x63f0d9a886a0_29, v0x63f0d9a886a0_30;
v0x63f0d9a886a0_31 .array/port v0x63f0d9a886a0, 31;
v0x63f0d9a886a0_32 .array/port v0x63f0d9a886a0, 32;
v0x63f0d9a886a0_33 .array/port v0x63f0d9a886a0, 33;
v0x63f0d9a886a0_34 .array/port v0x63f0d9a886a0, 34;
E_0x63f0d9a4e1d0/8 .event anyedge, v0x63f0d9a886a0_31, v0x63f0d9a886a0_32, v0x63f0d9a886a0_33, v0x63f0d9a886a0_34;
v0x63f0d9a886a0_35 .array/port v0x63f0d9a886a0, 35;
v0x63f0d9a886a0_36 .array/port v0x63f0d9a886a0, 36;
v0x63f0d9a886a0_37 .array/port v0x63f0d9a886a0, 37;
v0x63f0d9a886a0_38 .array/port v0x63f0d9a886a0, 38;
E_0x63f0d9a4e1d0/9 .event anyedge, v0x63f0d9a886a0_35, v0x63f0d9a886a0_36, v0x63f0d9a886a0_37, v0x63f0d9a886a0_38;
v0x63f0d9a886a0_39 .array/port v0x63f0d9a886a0, 39;
v0x63f0d9a886a0_40 .array/port v0x63f0d9a886a0, 40;
v0x63f0d9a886a0_41 .array/port v0x63f0d9a886a0, 41;
v0x63f0d9a886a0_42 .array/port v0x63f0d9a886a0, 42;
E_0x63f0d9a4e1d0/10 .event anyedge, v0x63f0d9a886a0_39, v0x63f0d9a886a0_40, v0x63f0d9a886a0_41, v0x63f0d9a886a0_42;
v0x63f0d9a886a0_43 .array/port v0x63f0d9a886a0, 43;
v0x63f0d9a886a0_44 .array/port v0x63f0d9a886a0, 44;
v0x63f0d9a886a0_45 .array/port v0x63f0d9a886a0, 45;
v0x63f0d9a886a0_46 .array/port v0x63f0d9a886a0, 46;
E_0x63f0d9a4e1d0/11 .event anyedge, v0x63f0d9a886a0_43, v0x63f0d9a886a0_44, v0x63f0d9a886a0_45, v0x63f0d9a886a0_46;
v0x63f0d9a886a0_47 .array/port v0x63f0d9a886a0, 47;
v0x63f0d9a886a0_48 .array/port v0x63f0d9a886a0, 48;
v0x63f0d9a886a0_49 .array/port v0x63f0d9a886a0, 49;
v0x63f0d9a886a0_50 .array/port v0x63f0d9a886a0, 50;
E_0x63f0d9a4e1d0/12 .event anyedge, v0x63f0d9a886a0_47, v0x63f0d9a886a0_48, v0x63f0d9a886a0_49, v0x63f0d9a886a0_50;
v0x63f0d9a886a0_51 .array/port v0x63f0d9a886a0, 51;
v0x63f0d9a886a0_52 .array/port v0x63f0d9a886a0, 52;
v0x63f0d9a886a0_53 .array/port v0x63f0d9a886a0, 53;
v0x63f0d9a886a0_54 .array/port v0x63f0d9a886a0, 54;
E_0x63f0d9a4e1d0/13 .event anyedge, v0x63f0d9a886a0_51, v0x63f0d9a886a0_52, v0x63f0d9a886a0_53, v0x63f0d9a886a0_54;
v0x63f0d9a886a0_55 .array/port v0x63f0d9a886a0, 55;
v0x63f0d9a886a0_56 .array/port v0x63f0d9a886a0, 56;
v0x63f0d9a886a0_57 .array/port v0x63f0d9a886a0, 57;
v0x63f0d9a886a0_58 .array/port v0x63f0d9a886a0, 58;
E_0x63f0d9a4e1d0/14 .event anyedge, v0x63f0d9a886a0_55, v0x63f0d9a886a0_56, v0x63f0d9a886a0_57, v0x63f0d9a886a0_58;
v0x63f0d9a886a0_59 .array/port v0x63f0d9a886a0, 59;
v0x63f0d9a886a0_60 .array/port v0x63f0d9a886a0, 60;
v0x63f0d9a886a0_61 .array/port v0x63f0d9a886a0, 61;
v0x63f0d9a886a0_62 .array/port v0x63f0d9a886a0, 62;
E_0x63f0d9a4e1d0/15 .event anyedge, v0x63f0d9a886a0_59, v0x63f0d9a886a0_60, v0x63f0d9a886a0_61, v0x63f0d9a886a0_62;
v0x63f0d9a886a0_63 .array/port v0x63f0d9a886a0, 63;
v0x63f0d9a886a0_64 .array/port v0x63f0d9a886a0, 64;
v0x63f0d9a886a0_65 .array/port v0x63f0d9a886a0, 65;
v0x63f0d9a886a0_66 .array/port v0x63f0d9a886a0, 66;
E_0x63f0d9a4e1d0/16 .event anyedge, v0x63f0d9a886a0_63, v0x63f0d9a886a0_64, v0x63f0d9a886a0_65, v0x63f0d9a886a0_66;
v0x63f0d9a886a0_67 .array/port v0x63f0d9a886a0, 67;
v0x63f0d9a886a0_68 .array/port v0x63f0d9a886a0, 68;
v0x63f0d9a886a0_69 .array/port v0x63f0d9a886a0, 69;
v0x63f0d9a886a0_70 .array/port v0x63f0d9a886a0, 70;
E_0x63f0d9a4e1d0/17 .event anyedge, v0x63f0d9a886a0_67, v0x63f0d9a886a0_68, v0x63f0d9a886a0_69, v0x63f0d9a886a0_70;
v0x63f0d9a886a0_71 .array/port v0x63f0d9a886a0, 71;
v0x63f0d9a886a0_72 .array/port v0x63f0d9a886a0, 72;
v0x63f0d9a886a0_73 .array/port v0x63f0d9a886a0, 73;
v0x63f0d9a886a0_74 .array/port v0x63f0d9a886a0, 74;
E_0x63f0d9a4e1d0/18 .event anyedge, v0x63f0d9a886a0_71, v0x63f0d9a886a0_72, v0x63f0d9a886a0_73, v0x63f0d9a886a0_74;
v0x63f0d9a886a0_75 .array/port v0x63f0d9a886a0, 75;
v0x63f0d9a886a0_76 .array/port v0x63f0d9a886a0, 76;
v0x63f0d9a886a0_77 .array/port v0x63f0d9a886a0, 77;
v0x63f0d9a886a0_78 .array/port v0x63f0d9a886a0, 78;
E_0x63f0d9a4e1d0/19 .event anyedge, v0x63f0d9a886a0_75, v0x63f0d9a886a0_76, v0x63f0d9a886a0_77, v0x63f0d9a886a0_78;
v0x63f0d9a886a0_79 .array/port v0x63f0d9a886a0, 79;
v0x63f0d9a886a0_80 .array/port v0x63f0d9a886a0, 80;
v0x63f0d9a886a0_81 .array/port v0x63f0d9a886a0, 81;
v0x63f0d9a886a0_82 .array/port v0x63f0d9a886a0, 82;
E_0x63f0d9a4e1d0/20 .event anyedge, v0x63f0d9a886a0_79, v0x63f0d9a886a0_80, v0x63f0d9a886a0_81, v0x63f0d9a886a0_82;
v0x63f0d9a886a0_83 .array/port v0x63f0d9a886a0, 83;
v0x63f0d9a886a0_84 .array/port v0x63f0d9a886a0, 84;
v0x63f0d9a886a0_85 .array/port v0x63f0d9a886a0, 85;
v0x63f0d9a886a0_86 .array/port v0x63f0d9a886a0, 86;
E_0x63f0d9a4e1d0/21 .event anyedge, v0x63f0d9a886a0_83, v0x63f0d9a886a0_84, v0x63f0d9a886a0_85, v0x63f0d9a886a0_86;
v0x63f0d9a886a0_87 .array/port v0x63f0d9a886a0, 87;
v0x63f0d9a886a0_88 .array/port v0x63f0d9a886a0, 88;
v0x63f0d9a886a0_89 .array/port v0x63f0d9a886a0, 89;
v0x63f0d9a886a0_90 .array/port v0x63f0d9a886a0, 90;
E_0x63f0d9a4e1d0/22 .event anyedge, v0x63f0d9a886a0_87, v0x63f0d9a886a0_88, v0x63f0d9a886a0_89, v0x63f0d9a886a0_90;
v0x63f0d9a886a0_91 .array/port v0x63f0d9a886a0, 91;
v0x63f0d9a886a0_92 .array/port v0x63f0d9a886a0, 92;
v0x63f0d9a886a0_93 .array/port v0x63f0d9a886a0, 93;
v0x63f0d9a886a0_94 .array/port v0x63f0d9a886a0, 94;
E_0x63f0d9a4e1d0/23 .event anyedge, v0x63f0d9a886a0_91, v0x63f0d9a886a0_92, v0x63f0d9a886a0_93, v0x63f0d9a886a0_94;
v0x63f0d9a886a0_95 .array/port v0x63f0d9a886a0, 95;
v0x63f0d9a886a0_96 .array/port v0x63f0d9a886a0, 96;
v0x63f0d9a886a0_97 .array/port v0x63f0d9a886a0, 97;
v0x63f0d9a886a0_98 .array/port v0x63f0d9a886a0, 98;
E_0x63f0d9a4e1d0/24 .event anyedge, v0x63f0d9a886a0_95, v0x63f0d9a886a0_96, v0x63f0d9a886a0_97, v0x63f0d9a886a0_98;
v0x63f0d9a886a0_99 .array/port v0x63f0d9a886a0, 99;
v0x63f0d9a886a0_100 .array/port v0x63f0d9a886a0, 100;
v0x63f0d9a886a0_101 .array/port v0x63f0d9a886a0, 101;
v0x63f0d9a886a0_102 .array/port v0x63f0d9a886a0, 102;
E_0x63f0d9a4e1d0/25 .event anyedge, v0x63f0d9a886a0_99, v0x63f0d9a886a0_100, v0x63f0d9a886a0_101, v0x63f0d9a886a0_102;
v0x63f0d9a886a0_103 .array/port v0x63f0d9a886a0, 103;
v0x63f0d9a886a0_104 .array/port v0x63f0d9a886a0, 104;
v0x63f0d9a886a0_105 .array/port v0x63f0d9a886a0, 105;
v0x63f0d9a886a0_106 .array/port v0x63f0d9a886a0, 106;
E_0x63f0d9a4e1d0/26 .event anyedge, v0x63f0d9a886a0_103, v0x63f0d9a886a0_104, v0x63f0d9a886a0_105, v0x63f0d9a886a0_106;
v0x63f0d9a886a0_107 .array/port v0x63f0d9a886a0, 107;
v0x63f0d9a886a0_108 .array/port v0x63f0d9a886a0, 108;
v0x63f0d9a886a0_109 .array/port v0x63f0d9a886a0, 109;
v0x63f0d9a886a0_110 .array/port v0x63f0d9a886a0, 110;
E_0x63f0d9a4e1d0/27 .event anyedge, v0x63f0d9a886a0_107, v0x63f0d9a886a0_108, v0x63f0d9a886a0_109, v0x63f0d9a886a0_110;
v0x63f0d9a886a0_111 .array/port v0x63f0d9a886a0, 111;
v0x63f0d9a886a0_112 .array/port v0x63f0d9a886a0, 112;
v0x63f0d9a886a0_113 .array/port v0x63f0d9a886a0, 113;
v0x63f0d9a886a0_114 .array/port v0x63f0d9a886a0, 114;
E_0x63f0d9a4e1d0/28 .event anyedge, v0x63f0d9a886a0_111, v0x63f0d9a886a0_112, v0x63f0d9a886a0_113, v0x63f0d9a886a0_114;
v0x63f0d9a886a0_115 .array/port v0x63f0d9a886a0, 115;
v0x63f0d9a886a0_116 .array/port v0x63f0d9a886a0, 116;
v0x63f0d9a886a0_117 .array/port v0x63f0d9a886a0, 117;
v0x63f0d9a886a0_118 .array/port v0x63f0d9a886a0, 118;
E_0x63f0d9a4e1d0/29 .event anyedge, v0x63f0d9a886a0_115, v0x63f0d9a886a0_116, v0x63f0d9a886a0_117, v0x63f0d9a886a0_118;
v0x63f0d9a886a0_119 .array/port v0x63f0d9a886a0, 119;
v0x63f0d9a886a0_120 .array/port v0x63f0d9a886a0, 120;
v0x63f0d9a886a0_121 .array/port v0x63f0d9a886a0, 121;
v0x63f0d9a886a0_122 .array/port v0x63f0d9a886a0, 122;
E_0x63f0d9a4e1d0/30 .event anyedge, v0x63f0d9a886a0_119, v0x63f0d9a886a0_120, v0x63f0d9a886a0_121, v0x63f0d9a886a0_122;
v0x63f0d9a886a0_123 .array/port v0x63f0d9a886a0, 123;
v0x63f0d9a886a0_124 .array/port v0x63f0d9a886a0, 124;
v0x63f0d9a886a0_125 .array/port v0x63f0d9a886a0, 125;
v0x63f0d9a886a0_126 .array/port v0x63f0d9a886a0, 126;
E_0x63f0d9a4e1d0/31 .event anyedge, v0x63f0d9a886a0_123, v0x63f0d9a886a0_124, v0x63f0d9a886a0_125, v0x63f0d9a886a0_126;
v0x63f0d9a886a0_127 .array/port v0x63f0d9a886a0, 127;
E_0x63f0d9a4e1d0/32 .event anyedge, v0x63f0d9a886a0_127, v0x63f0d9a89760_0;
E_0x63f0d9a4e1d0 .event/or E_0x63f0d9a4e1d0/0, E_0x63f0d9a4e1d0/1, E_0x63f0d9a4e1d0/2, E_0x63f0d9a4e1d0/3, E_0x63f0d9a4e1d0/4, E_0x63f0d9a4e1d0/5, E_0x63f0d9a4e1d0/6, E_0x63f0d9a4e1d0/7, E_0x63f0d9a4e1d0/8, E_0x63f0d9a4e1d0/9, E_0x63f0d9a4e1d0/10, E_0x63f0d9a4e1d0/11, E_0x63f0d9a4e1d0/12, E_0x63f0d9a4e1d0/13, E_0x63f0d9a4e1d0/14, E_0x63f0d9a4e1d0/15, E_0x63f0d9a4e1d0/16, E_0x63f0d9a4e1d0/17, E_0x63f0d9a4e1d0/18, E_0x63f0d9a4e1d0/19, E_0x63f0d9a4e1d0/20, E_0x63f0d9a4e1d0/21, E_0x63f0d9a4e1d0/22, E_0x63f0d9a4e1d0/23, E_0x63f0d9a4e1d0/24, E_0x63f0d9a4e1d0/25, E_0x63f0d9a4e1d0/26, E_0x63f0d9a4e1d0/27, E_0x63f0d9a4e1d0/28, E_0x63f0d9a4e1d0/29, E_0x63f0d9a4e1d0/30, E_0x63f0d9a4e1d0/31, E_0x63f0d9a4e1d0/32;
S_0x63f0d9a89960 .scope module, "pcadding" "PC_adder" 3 15, 5 1 0, S_0x63f0d9a5c840;
 .timescale 0 0;
    .port_info 0 /INPUT 1 "clk";
    .port_info 1 /INPUT 1 "rst";
    .port_info 2 /INPUT 1 "ALU_zero";
    .port_info 3 /INPUT 64 "branch_offset";
    .port_info 4 /INPUT 1 "branch";
    .port_info 5 /OUTPUT 32 "pc_out";
P_0x63f0d9a89b40 .param/l "pc_limit" 1 5 10, C4<0000000000000000000000000000000000000000000000000000001000000000>;
v0x63f0d9a89cf0_0 .net "ALU_zero", 0 0, o0x7028ec882ae8;  alias, 0 drivers
v0x63f0d9a89dd0_0 .net "branch", 0 0, o0x7028ec882b18;  alias, 0 drivers
v0x63f0d9a89e90_0 .net "branch_offset", 63 0, o0x7028ec882b48;  alias, 0 drivers
v0x63f0d9a89f50_0 .net "clk", 0 0, o0x7028ec882b78;  alias, 0 drivers
v0x63f0d9a8a010_0 .var "pc_out", 31 0;
v0x63f0d9a8a120_0 .net "rst", 0 0, o0x7028ec882ba8;  alias, 0 drivers
E_0x63f0d9a57520 .event posedge, v0x63f0d9a8a120_0, v0x63f0d9a89f50_0;
    .scope S_0x63f0d9a5c6b0;
T_0 ;
    %wait E_0x63f0d9a2abe0;
    %load/vec4 v0x63f0d9a87d90_0;
    %flag_set/vec4 8;
    %jmp/0xz  T_0.0, 8;
    %pushi/vec4 0, 0, 32;
    %assign/vec4 v0x63f0d9a87cb0_0, 0;
    %jmp T_0.1;
T_0.0 ;
    %load/vec4 v0x63f0d9a87b30_0;
    %flag_set/vec4 8;
    %jmp/0xz  T_0.2, 8;
    %load/vec4 v0x63f0d9a87bf0_0;
    %assign/vec4 v0x63f0d9a87cb0_0, 0;
T_0.2 ;
T_0.1 ;
    %jmp T_0;
    .thread T_0;
    .scope S_0x63f0d9a89960;
T_1 ;
    %pushi/vec4 0, 0, 32;
    %store/vec4 v0x63f0d9a8a010_0, 0, 32;
    %vpi_call 5 14 "$display", "pc initialize to 0x%h", v0x63f0d9a8a010_0 {0 0 0};
    %end;
    .thread T_1;
    .scope S_0x63f0d9a89960;
T_2 ;
    %wait E_0x63f0d9a57520;
    %load/vec4 v0x63f0d9a8a120_0;
    %flag_set/vec4 8;
    %jmp/0xz  T_2.0, 8;
    %pushi/vec4 0, 0, 32;
    %assign/vec4 v0x63f0d9a8a010_0, 0;
    %vpi_call 5 20 "$display", "pc rst to 0x%h", v0x63f0d9a8a010_0 {0 0 0};
    %jmp T_2.1;
T_2.0 ;
    %load/vec4 v0x63f0d9a89dd0_0;
    %load/vec4 v0x63f0d9a89cf0_0;
    %and;
    %flag_set/vec4 8;
    %jmp/0xz  T_2.2, 8;
    %load/vec4 v0x63f0d9a8a010_0;
    %pad/u 64;
    %load/vec4 v0x63f0d9a89e90_0;
    %ix/load 4, 1, 0;
    %flag_set/imm 4, 0;
    %shiftl 4;
    %add;
    %pad/u 32;
    %assign/vec4 v0x63f0d9a8a010_0, 0;
    %vpi_call 5 25 "$display", "pc branched to 0x%h", v0x63f0d9a8a010_0 {0 0 0};
    %jmp T_2.3;
T_2.2 ;
    %load/vec4 v0x63f0d9a8a010_0;
    %pad/u 64;
    %cmpi/u 508, 0, 64;
    %jmp/0xz  T_2.4, 5;
    %load/vec4 v0x63f0d9a8a010_0;
    %addi 4, 0, 32;
    %assign/vec4 v0x63f0d9a8a010_0, 0;
    %vpi_call 5 30 "$display", "pc incremented to 0x%h", v0x63f0d9a8a010_0 {0 0 0};
    %jmp T_2.5;
T_2.4 ;
    %vpi_call 5 34 "$display", "PROGRAM COMPLETED!!! : PC reached maximum value" {0 0 0};
    %vpi_call 5 35 "$finish" {0 0 0};
T_2.5 ;
T_2.3 ;
T_2.1 ;
    %jmp T_2;
    .thread T_2;
    .scope S_0x63f0d9a87f40;
T_3 ;
    %pushi/vec4 0, 0, 32;
    %store/vec4 v0x63f0d9a885a0_0, 0, 32;
T_3.0 ;
    %load/vec4 v0x63f0d9a885a0_0;
    %cmpi/s 128, 0, 32;
    %jmp/0xz T_3.1, 5;
    %pushi/vec4 13, 0, 32;
    %ix/getv/s 4, v0x63f0d9a885a0_0;
    %store/vec4a v0x63f0d9a886a0, 4, 0;
    %load/vec4 v0x63f0d9a885a0_0;
    %addi 1, 0, 32;
    %store/vec4 v0x63f0d9a885a0_0, 0, 32;
    %jmp T_3.0;
T_3.1 ;
    %vpi_call 4 15 "$readmemb", "instructions.txt", v0x63f0d9a886a0 {0 0 0};
    %end;
    .thread T_3;
    .scope S_0x63f0d9a87f40;
T_4 ;
    %wait E_0x63f0d9a4e1d0;
    %load/vec4 v0x63f0d9a89820_0;
    %ix/load 5, 2, 0;
    %flag_set/imm 4, 0;
    %shiftr 5;
    %ix/vec4 4;
    %load/vec4a v0x63f0d9a886a0, 4;
    %store/vec4 v0x63f0d9a89760_0, 0, 32;
    %vpi_call 4 26 "$display", "Instruction Fetch: PC = %d, Instruction = %b", v0x63f0d9a89820_0, v0x63f0d9a89760_0 {0 0 0};
    %jmp T_4;
    .thread T_4, $push;
# The file index is used to find the file name in the following table.
:file_names 6;
    "N/A";
    "<interactive>";
    "IF-ID_register.v";
    "./instruction_fetch_stage.v";
    "./instruction_memory.v";
    "./PC_adder.v";
