#! /usr/bin/vvp
:ivl_version "12.0 (stable)";
:ivl_delay_selection "TYPICAL";
:vpi_time_precision + 0;
:vpi_module "/usr/lib/x86_64-linux-gnu/ivl/system.vpi";
:vpi_module "/usr/lib/x86_64-linux-gnu/ivl/vhdl_sys.vpi";
:vpi_module "/usr/lib/x86_64-linux-gnu/ivl/vhdl_textio.vpi";
:vpi_module "/usr/lib/x86_64-linux-gnu/ivl/v2005_math.vpi";
:vpi_module "/usr/lib/x86_64-linux-gnu/ivl/va_math.vpi";
S_0x5e5e22542540 .scope module, "instruction_memory" "instruction_memory" 2 1;
 .timescale 0 0;
    .port_info 0 /INPUT 64 "pc";
    .port_info 1 /OUTPUT 32 "instruction";
v0x5e5e225426d0_0 .var/i "i", 31 0;
v0x5e5e22565950 .array "instr_mem", 127 0, 31 0;
v0x5e5e22566a10_0 .var "instruction", 31 0;
o0x7cf0fa0b8878 .functor BUFZ 64, C4<zzzzzzzzzzzzzzzzzzzzzzzzzzzzzzzzzzzzzzzzzzzzzzzzzzzzzzzzzzzzzzzz>; HiZ drive
v0x5e5e22566ad0_0 .net "pc", 63 0, o0x7cf0fa0b8878;  0 drivers
v0x5e5e22565950_0 .array/port v0x5e5e22565950, 0;
v0x5e5e22565950_1 .array/port v0x5e5e22565950, 1;
v0x5e5e22565950_2 .array/port v0x5e5e22565950, 2;
E_0x5e5e22517f40/0 .event anyedge, v0x5e5e22566ad0_0, v0x5e5e22565950_0, v0x5e5e22565950_1, v0x5e5e22565950_2;
v0x5e5e22565950_3 .array/port v0x5e5e22565950, 3;
v0x5e5e22565950_4 .array/port v0x5e5e22565950, 4;
v0x5e5e22565950_5 .array/port v0x5e5e22565950, 5;
v0x5e5e22565950_6 .array/port v0x5e5e22565950, 6;
E_0x5e5e22517f40/1 .event anyedge, v0x5e5e22565950_3, v0x5e5e22565950_4, v0x5e5e22565950_5, v0x5e5e22565950_6;
v0x5e5e22565950_7 .array/port v0x5e5e22565950, 7;
v0x5e5e22565950_8 .array/port v0x5e5e22565950, 8;
v0x5e5e22565950_9 .array/port v0x5e5e22565950, 9;
v0x5e5e22565950_10 .array/port v0x5e5e22565950, 10;
E_0x5e5e22517f40/2 .event anyedge, v0x5e5e22565950_7, v0x5e5e22565950_8, v0x5e5e22565950_9, v0x5e5e22565950_10;
v0x5e5e22565950_11 .array/port v0x5e5e22565950, 11;
v0x5e5e22565950_12 .array/port v0x5e5e22565950, 12;
v0x5e5e22565950_13 .array/port v0x5e5e22565950, 13;
v0x5e5e22565950_14 .array/port v0x5e5e22565950, 14;
E_0x5e5e22517f40/3 .event anyedge, v0x5e5e22565950_11, v0x5e5e22565950_12, v0x5e5e22565950_13, v0x5e5e22565950_14;
v0x5e5e22565950_15 .array/port v0x5e5e22565950, 15;
v0x5e5e22565950_16 .array/port v0x5e5e22565950, 16;
v0x5e5e22565950_17 .array/port v0x5e5e22565950, 17;
v0x5e5e22565950_18 .array/port v0x5e5e22565950, 18;
E_0x5e5e22517f40/4 .event anyedge, v0x5e5e22565950_15, v0x5e5e22565950_16, v0x5e5e22565950_17, v0x5e5e22565950_18;
v0x5e5e22565950_19 .array/port v0x5e5e22565950, 19;
v0x5e5e22565950_20 .array/port v0x5e5e22565950, 20;
v0x5e5e22565950_21 .array/port v0x5e5e22565950, 21;
v0x5e5e22565950_22 .array/port v0x5e5e22565950, 22;
E_0x5e5e22517f40/5 .event anyedge, v0x5e5e22565950_19, v0x5e5e22565950_20, v0x5e5e22565950_21, v0x5e5e22565950_22;
v0x5e5e22565950_23 .array/port v0x5e5e22565950, 23;
v0x5e5e22565950_24 .array/port v0x5e5e22565950, 24;
v0x5e5e22565950_25 .array/port v0x5e5e22565950, 25;
v0x5e5e22565950_26 .array/port v0x5e5e22565950, 26;
E_0x5e5e22517f40/6 .event anyedge, v0x5e5e22565950_23, v0x5e5e22565950_24, v0x5e5e22565950_25, v0x5e5e22565950_26;
v0x5e5e22565950_27 .array/port v0x5e5e22565950, 27;
v0x5e5e22565950_28 .array/port v0x5e5e22565950, 28;
v0x5e5e22565950_29 .array/port v0x5e5e22565950, 29;
v0x5e5e22565950_30 .array/port v0x5e5e22565950, 30;
E_0x5e5e22517f40/7 .event anyedge, v0x5e5e22565950_27, v0x5e5e22565950_28, v0x5e5e22565950_29, v0x5e5e22565950_30;
v0x5e5e22565950_31 .array/port v0x5e5e22565950, 31;
v0x5e5e22565950_32 .array/port v0x5e5e22565950, 32;
v0x5e5e22565950_33 .array/port v0x5e5e22565950, 33;
v0x5e5e22565950_34 .array/port v0x5e5e22565950, 34;
E_0x5e5e22517f40/8 .event anyedge, v0x5e5e22565950_31, v0x5e5e22565950_32, v0x5e5e22565950_33, v0x5e5e22565950_34;
v0x5e5e22565950_35 .array/port v0x5e5e22565950, 35;
v0x5e5e22565950_36 .array/port v0x5e5e22565950, 36;
v0x5e5e22565950_37 .array/port v0x5e5e22565950, 37;
v0x5e5e22565950_38 .array/port v0x5e5e22565950, 38;
E_0x5e5e22517f40/9 .event anyedge, v0x5e5e22565950_35, v0x5e5e22565950_36, v0x5e5e22565950_37, v0x5e5e22565950_38;
v0x5e5e22565950_39 .array/port v0x5e5e22565950, 39;
v0x5e5e22565950_40 .array/port v0x5e5e22565950, 40;
v0x5e5e22565950_41 .array/port v0x5e5e22565950, 41;
v0x5e5e22565950_42 .array/port v0x5e5e22565950, 42;
E_0x5e5e22517f40/10 .event anyedge, v0x5e5e22565950_39, v0x5e5e22565950_40, v0x5e5e22565950_41, v0x5e5e22565950_42;
v0x5e5e22565950_43 .array/port v0x5e5e22565950, 43;
v0x5e5e22565950_44 .array/port v0x5e5e22565950, 44;
v0x5e5e22565950_45 .array/port v0x5e5e22565950, 45;
v0x5e5e22565950_46 .array/port v0x5e5e22565950, 46;
E_0x5e5e22517f40/11 .event anyedge, v0x5e5e22565950_43, v0x5e5e22565950_44, v0x5e5e22565950_45, v0x5e5e22565950_46;
v0x5e5e22565950_47 .array/port v0x5e5e22565950, 47;
v0x5e5e22565950_48 .array/port v0x5e5e22565950, 48;
v0x5e5e22565950_49 .array/port v0x5e5e22565950, 49;
v0x5e5e22565950_50 .array/port v0x5e5e22565950, 50;
E_0x5e5e22517f40/12 .event anyedge, v0x5e5e22565950_47, v0x5e5e22565950_48, v0x5e5e22565950_49, v0x5e5e22565950_50;
v0x5e5e22565950_51 .array/port v0x5e5e22565950, 51;
v0x5e5e22565950_52 .array/port v0x5e5e22565950, 52;
v0x5e5e22565950_53 .array/port v0x5e5e22565950, 53;
v0x5e5e22565950_54 .array/port v0x5e5e22565950, 54;
E_0x5e5e22517f40/13 .event anyedge, v0x5e5e22565950_51, v0x5e5e22565950_52, v0x5e5e22565950_53, v0x5e5e22565950_54;
v0x5e5e22565950_55 .array/port v0x5e5e22565950, 55;
v0x5e5e22565950_56 .array/port v0x5e5e22565950, 56;
v0x5e5e22565950_57 .array/port v0x5e5e22565950, 57;
v0x5e5e22565950_58 .array/port v0x5e5e22565950, 58;
E_0x5e5e22517f40/14 .event anyedge, v0x5e5e22565950_55, v0x5e5e22565950_56, v0x5e5e22565950_57, v0x5e5e22565950_58;
v0x5e5e22565950_59 .array/port v0x5e5e22565950, 59;
v0x5e5e22565950_60 .array/port v0x5e5e22565950, 60;
v0x5e5e22565950_61 .array/port v0x5e5e22565950, 61;
v0x5e5e22565950_62 .array/port v0x5e5e22565950, 62;
E_0x5e5e22517f40/15 .event anyedge, v0x5e5e22565950_59, v0x5e5e22565950_60, v0x5e5e22565950_61, v0x5e5e22565950_62;
v0x5e5e22565950_63 .array/port v0x5e5e22565950, 63;
v0x5e5e22565950_64 .array/port v0x5e5e22565950, 64;
v0x5e5e22565950_65 .array/port v0x5e5e22565950, 65;
v0x5e5e22565950_66 .array/port v0x5e5e22565950, 66;
E_0x5e5e22517f40/16 .event anyedge, v0x5e5e22565950_63, v0x5e5e22565950_64, v0x5e5e22565950_65, v0x5e5e22565950_66;
v0x5e5e22565950_67 .array/port v0x5e5e22565950, 67;
v0x5e5e22565950_68 .array/port v0x5e5e22565950, 68;
v0x5e5e22565950_69 .array/port v0x5e5e22565950, 69;
v0x5e5e22565950_70 .array/port v0x5e5e22565950, 70;
E_0x5e5e22517f40/17 .event anyedge, v0x5e5e22565950_67, v0x5e5e22565950_68, v0x5e5e22565950_69, v0x5e5e22565950_70;
v0x5e5e22565950_71 .array/port v0x5e5e22565950, 71;
v0x5e5e22565950_72 .array/port v0x5e5e22565950, 72;
v0x5e5e22565950_73 .array/port v0x5e5e22565950, 73;
v0x5e5e22565950_74 .array/port v0x5e5e22565950, 74;
E_0x5e5e22517f40/18 .event anyedge, v0x5e5e22565950_71, v0x5e5e22565950_72, v0x5e5e22565950_73, v0x5e5e22565950_74;
v0x5e5e22565950_75 .array/port v0x5e5e22565950, 75;
v0x5e5e22565950_76 .array/port v0x5e5e22565950, 76;
v0x5e5e22565950_77 .array/port v0x5e5e22565950, 77;
v0x5e5e22565950_78 .array/port v0x5e5e22565950, 78;
E_0x5e5e22517f40/19 .event anyedge, v0x5e5e22565950_75, v0x5e5e22565950_76, v0x5e5e22565950_77, v0x5e5e22565950_78;
v0x5e5e22565950_79 .array/port v0x5e5e22565950, 79;
v0x5e5e22565950_80 .array/port v0x5e5e22565950, 80;
v0x5e5e22565950_81 .array/port v0x5e5e22565950, 81;
v0x5e5e22565950_82 .array/port v0x5e5e22565950, 82;
E_0x5e5e22517f40/20 .event anyedge, v0x5e5e22565950_79, v0x5e5e22565950_80, v0x5e5e22565950_81, v0x5e5e22565950_82;
v0x5e5e22565950_83 .array/port v0x5e5e22565950, 83;
v0x5e5e22565950_84 .array/port v0x5e5e22565950, 84;
v0x5e5e22565950_85 .array/port v0x5e5e22565950, 85;
v0x5e5e22565950_86 .array/port v0x5e5e22565950, 86;
E_0x5e5e22517f40/21 .event anyedge, v0x5e5e22565950_83, v0x5e5e22565950_84, v0x5e5e22565950_85, v0x5e5e22565950_86;
v0x5e5e22565950_87 .array/port v0x5e5e22565950, 87;
v0x5e5e22565950_88 .array/port v0x5e5e22565950, 88;
v0x5e5e22565950_89 .array/port v0x5e5e22565950, 89;
v0x5e5e22565950_90 .array/port v0x5e5e22565950, 90;
E_0x5e5e22517f40/22 .event anyedge, v0x5e5e22565950_87, v0x5e5e22565950_88, v0x5e5e22565950_89, v0x5e5e22565950_90;
v0x5e5e22565950_91 .array/port v0x5e5e22565950, 91;
v0x5e5e22565950_92 .array/port v0x5e5e22565950, 92;
v0x5e5e22565950_93 .array/port v0x5e5e22565950, 93;
v0x5e5e22565950_94 .array/port v0x5e5e22565950, 94;
E_0x5e5e22517f40/23 .event anyedge, v0x5e5e22565950_91, v0x5e5e22565950_92, v0x5e5e22565950_93, v0x5e5e22565950_94;
v0x5e5e22565950_95 .array/port v0x5e5e22565950, 95;
v0x5e5e22565950_96 .array/port v0x5e5e22565950, 96;
v0x5e5e22565950_97 .array/port v0x5e5e22565950, 97;
v0x5e5e22565950_98 .array/port v0x5e5e22565950, 98;
E_0x5e5e22517f40/24 .event anyedge, v0x5e5e22565950_95, v0x5e5e22565950_96, v0x5e5e22565950_97, v0x5e5e22565950_98;
v0x5e5e22565950_99 .array/port v0x5e5e22565950, 99;
v0x5e5e22565950_100 .array/port v0x5e5e22565950, 100;
v0x5e5e22565950_101 .array/port v0x5e5e22565950, 101;
v0x5e5e22565950_102 .array/port v0x5e5e22565950, 102;
E_0x5e5e22517f40/25 .event anyedge, v0x5e5e22565950_99, v0x5e5e22565950_100, v0x5e5e22565950_101, v0x5e5e22565950_102;
v0x5e5e22565950_103 .array/port v0x5e5e22565950, 103;
v0x5e5e22565950_104 .array/port v0x5e5e22565950, 104;
v0x5e5e22565950_105 .array/port v0x5e5e22565950, 105;
v0x5e5e22565950_106 .array/port v0x5e5e22565950, 106;
E_0x5e5e22517f40/26 .event anyedge, v0x5e5e22565950_103, v0x5e5e22565950_104, v0x5e5e22565950_105, v0x5e5e22565950_106;
v0x5e5e22565950_107 .array/port v0x5e5e22565950, 107;
v0x5e5e22565950_108 .array/port v0x5e5e22565950, 108;
v0x5e5e22565950_109 .array/port v0x5e5e22565950, 109;
v0x5e5e22565950_110 .array/port v0x5e5e22565950, 110;
E_0x5e5e22517f40/27 .event anyedge, v0x5e5e22565950_107, v0x5e5e22565950_108, v0x5e5e22565950_109, v0x5e5e22565950_110;
v0x5e5e22565950_111 .array/port v0x5e5e22565950, 111;
v0x5e5e22565950_112 .array/port v0x5e5e22565950, 112;
v0x5e5e22565950_113 .array/port v0x5e5e22565950, 113;
v0x5e5e22565950_114 .array/port v0x5e5e22565950, 114;
E_0x5e5e22517f40/28 .event anyedge, v0x5e5e22565950_111, v0x5e5e22565950_112, v0x5e5e22565950_113, v0x5e5e22565950_114;
v0x5e5e22565950_115 .array/port v0x5e5e22565950, 115;
v0x5e5e22565950_116 .array/port v0x5e5e22565950, 116;
v0x5e5e22565950_117 .array/port v0x5e5e22565950, 117;
v0x5e5e22565950_118 .array/port v0x5e5e22565950, 118;
E_0x5e5e22517f40/29 .event anyedge, v0x5e5e22565950_115, v0x5e5e22565950_116, v0x5e5e22565950_117, v0x5e5e22565950_118;
v0x5e5e22565950_119 .array/port v0x5e5e22565950, 119;
v0x5e5e22565950_120 .array/port v0x5e5e22565950, 120;
v0x5e5e22565950_121 .array/port v0x5e5e22565950, 121;
v0x5e5e22565950_122 .array/port v0x5e5e22565950, 122;
E_0x5e5e22517f40/30 .event anyedge, v0x5e5e22565950_119, v0x5e5e22565950_120, v0x5e5e22565950_121, v0x5e5e22565950_122;
v0x5e5e22565950_123 .array/port v0x5e5e22565950, 123;
v0x5e5e22565950_124 .array/port v0x5e5e22565950, 124;
v0x5e5e22565950_125 .array/port v0x5e5e22565950, 125;
v0x5e5e22565950_126 .array/port v0x5e5e22565950, 126;
E_0x5e5e22517f40/31 .event anyedge, v0x5e5e22565950_123, v0x5e5e22565950_124, v0x5e5e22565950_125, v0x5e5e22565950_126;
v0x5e5e22565950_127 .array/port v0x5e5e22565950, 127;
E_0x5e5e22517f40/32 .event anyedge, v0x5e5e22565950_127, v0x5e5e22566a10_0;
E_0x5e5e22517f40 .event/or E_0x5e5e22517f40/0, E_0x5e5e22517f40/1, E_0x5e5e22517f40/2, E_0x5e5e22517f40/3, E_0x5e5e22517f40/4, E_0x5e5e22517f40/5, E_0x5e5e22517f40/6, E_0x5e5e22517f40/7, E_0x5e5e22517f40/8, E_0x5e5e22517f40/9, E_0x5e5e22517f40/10, E_0x5e5e22517f40/11, E_0x5e5e22517f40/12, E_0x5e5e22517f40/13, E_0x5e5e22517f40/14, E_0x5e5e22517f40/15, E_0x5e5e22517f40/16, E_0x5e5e22517f40/17, E_0x5e5e22517f40/18, E_0x5e5e22517f40/19, E_0x5e5e22517f40/20, E_0x5e5e22517f40/21, E_0x5e5e22517f40/22, E_0x5e5e22517f40/23, E_0x5e5e22517f40/24, E_0x5e5e22517f40/25, E_0x5e5e22517f40/26, E_0x5e5e22517f40/27, E_0x5e5e22517f40/28, E_0x5e5e22517f40/29, E_0x5e5e22517f40/30, E_0x5e5e22517f40/31, E_0x5e5e22517f40/32;
    .scope S_0x5e5e22542540;
T_0 ;
    %pushi/vec4 0, 0, 32;
    %store/vec4 v0x5e5e225426d0_0, 0, 32;
T_0.0 ;
    %load/vec4 v0x5e5e225426d0_0;
    %cmpi/s 128, 0, 32;
    %jmp/0xz T_0.1, 5;
    %pushi/vec4 13, 0, 32;
    %ix/getv/s 4, v0x5e5e225426d0_0;
    %store/vec4a v0x5e5e22565950, 4, 0;
    %load/vec4 v0x5e5e225426d0_0;
    %addi 1, 0, 32;
    %store/vec4 v0x5e5e225426d0_0, 0, 32;
    %jmp T_0.0;
T_0.1 ;
    %vpi_call 2 15 "$readmemb", "instructions.txt", v0x5e5e22565950 {0 0 0};
    %end;
    .thread T_0;
    .scope S_0x5e5e22542540;
T_1 ;
    %wait E_0x5e5e22517f40;
    %load/vec4 v0x5e5e22566ad0_0;
    %ix/load 5, 2, 0;
    %flag_set/imm 4, 0;
    %shiftr 5;
    %ix/vec4 4;
    %load/vec4a v0x5e5e22565950, 4;
    %store/vec4 v0x5e5e22566a10_0, 0, 32;
    %vpi_call 2 26 "$display", "Instruction Fetch: PC = %d, Instruction = %b", v0x5e5e22566ad0_0, v0x5e5e22566a10_0 {0 0 0};
    %jmp T_1;
    .thread T_1, $push;
# The file index is used to find the file name in the following table.
:file_names 3;
    "N/A";
    "<interactive>";
    "instruction_memory.v";
