#! /usr/bin/vvp
:ivl_version "12.0 (stable)";
:ivl_delay_selection "TYPICAL";
:vpi_time_precision + 0;
:vpi_module "/usr/lib/x86_64-linux-gnu/ivl/system.vpi";
:vpi_module "/usr/lib/x86_64-linux-gnu/ivl/vhdl_sys.vpi";
:vpi_module "/usr/lib/x86_64-linux-gnu/ivl/vhdl_textio.vpi";
:vpi_module "/usr/lib/x86_64-linux-gnu/ivl/v2005_math.vpi";
:vpi_module "/usr/lib/x86_64-linux-gnu/ivl/va_math.vpi";
S_0x6129feacc240 .scope module, "memory_access_stage" "memory_access_stage" 2 3;
 .timescale 0 0;
    .port_info 0 /INPUT 1 "clk";
    .port_info 1 /INPUT 1 "mem_read";
    .port_info 2 /INPUT 1 "mem_write";
    .port_info 3 /INPUT 1 "alu_zero";
    .port_info 4 /INPUT 1 "branch";
    .port_info 5 /INPUT 64 "alu_result";
    .port_info 6 /INPUT 64 "write_data";
    .port_info 7 /OUTPUT 64 "mem_data";
    .port_info 8 /OUTPUT 1 "PCSrc";
o0x75e59d0f22e8 .functor BUFZ 1, C4<z>; HiZ drive
o0x75e59d0f22b8 .functor BUFZ 1, C4<z>; HiZ drive
L_0x6129fead8d00 .functor AND 1, o0x75e59d0f22e8, o0x75e59d0f22b8, C4<1>, C4<1>;
v0x6129feb11350_0 .net "PCSrc", 0 0, L_0x6129fead8d00;  1 drivers
o0x75e59d0e6018 .functor BUFZ 64, C4<zzzzzzzzzzzzzzzzzzzzzzzzzzzzzzzzzzzzzzzzzzzzzzzzzzzzzzzzzzzzzzzz>; HiZ drive
v0x6129feb11430_0 .net "alu_result", 63 0, o0x75e59d0e6018;  0 drivers
v0x6129feb114f0_0 .net "alu_zero", 0 0, o0x75e59d0f22b8;  0 drivers
v0x6129feb11590_0 .net "branch", 0 0, o0x75e59d0f22e8;  0 drivers
o0x75e59d0e6048 .functor BUFZ 1, C4<z>; HiZ drive
v0x6129feb11630_0 .net "clk", 0 0, o0x75e59d0e6048;  0 drivers
v0x6129feb11720_0 .net "mem_data", 63 0, v0x6129feb110d0_0;  1 drivers
o0x75e59d0e60a8 .functor BUFZ 1, C4<z>; HiZ drive
v0x6129feb117c0_0 .net "mem_read", 0 0, o0x75e59d0e60a8;  0 drivers
o0x75e59d0e60d8 .functor BUFZ 1, C4<z>; HiZ drive
v0x6129feb11860_0 .net "mem_write", 0 0, o0x75e59d0e60d8;  0 drivers
o0x75e59d0f2138 .functor BUFZ 64, C4<zzzzzzzzzzzzzzzzzzzzzzzzzzzzzzzzzzzzzzzzzzzzzzzzzzzzzzzzzzzzzzzz>; HiZ drive
v0x6129feb11930_0 .net "write_data", 63 0, o0x75e59d0f2138;  0 drivers
S_0x6129feacc4b0 .scope module, "dmem" "data_memory" 2 17, 3 1 0, S_0x6129feacc240;
 .timescale 0 0;
    .port_info 0 /INPUT 1 "clk";
    .port_info 1 /INPUT 1 "mem_read";
    .port_info 2 /INPUT 1 "mem_write";
    .port_info 3 /INPUT 64 "address";
    .port_info 4 /INPUT 64 "write_data";
    .port_info 5 /OUTPUT 64 "read_data";
v0x6129fead9b10_0 .net "address", 63 0, o0x75e59d0e6018;  alias, 0 drivers
v0x6129feb06cb0_0 .net "clk", 0 0, o0x75e59d0e6048;  alias, 0 drivers
v0x6129feb06d70_0 .var/i "i", 31 0;
v0x6129feb06e30_0 .net "mem_read", 0 0, o0x75e59d0e60a8;  alias, 0 drivers
v0x6129feb06ef0_0 .net "mem_write", 0 0, o0x75e59d0e60d8;  alias, 0 drivers
v0x6129feb07000 .array "memory", 1023 0, 63 0;
v0x6129feb110d0_0 .var "read_data", 63 0;
v0x6129feb111b0_0 .net "write_data", 63 0, o0x75e59d0f2138;  alias, 0 drivers
E_0x6129feac67c0 .event posedge, v0x6129feb06cb0_0;
v0x6129feb07000_0 .array/port v0x6129feb07000, 0;
v0x6129feb07000_1 .array/port v0x6129feb07000, 1;
E_0x6129feac6d00/0 .event anyedge, v0x6129feb06e30_0, v0x6129fead9b10_0, v0x6129feb07000_0, v0x6129feb07000_1;
v0x6129feb07000_2 .array/port v0x6129feb07000, 2;
v0x6129feb07000_3 .array/port v0x6129feb07000, 3;
v0x6129feb07000_4 .array/port v0x6129feb07000, 4;
v0x6129feb07000_5 .array/port v0x6129feb07000, 5;
E_0x6129feac6d00/1 .event anyedge, v0x6129feb07000_2, v0x6129feb07000_3, v0x6129feb07000_4, v0x6129feb07000_5;
v0x6129feb07000_6 .array/port v0x6129feb07000, 6;
v0x6129feb07000_7 .array/port v0x6129feb07000, 7;
v0x6129feb07000_8 .array/port v0x6129feb07000, 8;
v0x6129feb07000_9 .array/port v0x6129feb07000, 9;
E_0x6129feac6d00/2 .event anyedge, v0x6129feb07000_6, v0x6129feb07000_7, v0x6129feb07000_8, v0x6129feb07000_9;
v0x6129feb07000_10 .array/port v0x6129feb07000, 10;
v0x6129feb07000_11 .array/port v0x6129feb07000, 11;
v0x6129feb07000_12 .array/port v0x6129feb07000, 12;
v0x6129feb07000_13 .array/port v0x6129feb07000, 13;
E_0x6129feac6d00/3 .event anyedge, v0x6129feb07000_10, v0x6129feb07000_11, v0x6129feb07000_12, v0x6129feb07000_13;
v0x6129feb07000_14 .array/port v0x6129feb07000, 14;
v0x6129feb07000_15 .array/port v0x6129feb07000, 15;
v0x6129feb07000_16 .array/port v0x6129feb07000, 16;
v0x6129feb07000_17 .array/port v0x6129feb07000, 17;
E_0x6129feac6d00/4 .event anyedge, v0x6129feb07000_14, v0x6129feb07000_15, v0x6129feb07000_16, v0x6129feb07000_17;
v0x6129feb07000_18 .array/port v0x6129feb07000, 18;
v0x6129feb07000_19 .array/port v0x6129feb07000, 19;
v0x6129feb07000_20 .array/port v0x6129feb07000, 20;
v0x6129feb07000_21 .array/port v0x6129feb07000, 21;
E_0x6129feac6d00/5 .event anyedge, v0x6129feb07000_18, v0x6129feb07000_19, v0x6129feb07000_20, v0x6129feb07000_21;
v0x6129feb07000_22 .array/port v0x6129feb07000, 22;
v0x6129feb07000_23 .array/port v0x6129feb07000, 23;
v0x6129feb07000_24 .array/port v0x6129feb07000, 24;
v0x6129feb07000_25 .array/port v0x6129feb07000, 25;
E_0x6129feac6d00/6 .event anyedge, v0x6129feb07000_22, v0x6129feb07000_23, v0x6129feb07000_24, v0x6129feb07000_25;
v0x6129feb07000_26 .array/port v0x6129feb07000, 26;
v0x6129feb07000_27 .array/port v0x6129feb07000, 27;
v0x6129feb07000_28 .array/port v0x6129feb07000, 28;
v0x6129feb07000_29 .array/port v0x6129feb07000, 29;
E_0x6129feac6d00/7 .event anyedge, v0x6129feb07000_26, v0x6129feb07000_27, v0x6129feb07000_28, v0x6129feb07000_29;
v0x6129feb07000_30 .array/port v0x6129feb07000, 30;
v0x6129feb07000_31 .array/port v0x6129feb07000, 31;
v0x6129feb07000_32 .array/port v0x6129feb07000, 32;
v0x6129feb07000_33 .array/port v0x6129feb07000, 33;
E_0x6129feac6d00/8 .event anyedge, v0x6129feb07000_30, v0x6129feb07000_31, v0x6129feb07000_32, v0x6129feb07000_33;
v0x6129feb07000_34 .array/port v0x6129feb07000, 34;
v0x6129feb07000_35 .array/port v0x6129feb07000, 35;
v0x6129feb07000_36 .array/port v0x6129feb07000, 36;
v0x6129feb07000_37 .array/port v0x6129feb07000, 37;
E_0x6129feac6d00/9 .event anyedge, v0x6129feb07000_34, v0x6129feb07000_35, v0x6129feb07000_36, v0x6129feb07000_37;
v0x6129feb07000_38 .array/port v0x6129feb07000, 38;
v0x6129feb07000_39 .array/port v0x6129feb07000, 39;
v0x6129feb07000_40 .array/port v0x6129feb07000, 40;
v0x6129feb07000_41 .array/port v0x6129feb07000, 41;
E_0x6129feac6d00/10 .event anyedge, v0x6129feb07000_38, v0x6129feb07000_39, v0x6129feb07000_40, v0x6129feb07000_41;
v0x6129feb07000_42 .array/port v0x6129feb07000, 42;
v0x6129feb07000_43 .array/port v0x6129feb07000, 43;
v0x6129feb07000_44 .array/port v0x6129feb07000, 44;
v0x6129feb07000_45 .array/port v0x6129feb07000, 45;
E_0x6129feac6d00/11 .event anyedge, v0x6129feb07000_42, v0x6129feb07000_43, v0x6129feb07000_44, v0x6129feb07000_45;
v0x6129feb07000_46 .array/port v0x6129feb07000, 46;
v0x6129feb07000_47 .array/port v0x6129feb07000, 47;
v0x6129feb07000_48 .array/port v0x6129feb07000, 48;
v0x6129feb07000_49 .array/port v0x6129feb07000, 49;
E_0x6129feac6d00/12 .event anyedge, v0x6129feb07000_46, v0x6129feb07000_47, v0x6129feb07000_48, v0x6129feb07000_49;
v0x6129feb07000_50 .array/port v0x6129feb07000, 50;
v0x6129feb07000_51 .array/port v0x6129feb07000, 51;
v0x6129feb07000_52 .array/port v0x6129feb07000, 52;
v0x6129feb07000_53 .array/port v0x6129feb07000, 53;
E_0x6129feac6d00/13 .event anyedge, v0x6129feb07000_50, v0x6129feb07000_51, v0x6129feb07000_52, v0x6129feb07000_53;
v0x6129feb07000_54 .array/port v0x6129feb07000, 54;
v0x6129feb07000_55 .array/port v0x6129feb07000, 55;
v0x6129feb07000_56 .array/port v0x6129feb07000, 56;
v0x6129feb07000_57 .array/port v0x6129feb07000, 57;
E_0x6129feac6d00/14 .event anyedge, v0x6129feb07000_54, v0x6129feb07000_55, v0x6129feb07000_56, v0x6129feb07000_57;
v0x6129feb07000_58 .array/port v0x6129feb07000, 58;
v0x6129feb07000_59 .array/port v0x6129feb07000, 59;
v0x6129feb07000_60 .array/port v0x6129feb07000, 60;
v0x6129feb07000_61 .array/port v0x6129feb07000, 61;
E_0x6129feac6d00/15 .event anyedge, v0x6129feb07000_58, v0x6129feb07000_59, v0x6129feb07000_60, v0x6129feb07000_61;
v0x6129feb07000_62 .array/port v0x6129feb07000, 62;
v0x6129feb07000_63 .array/port v0x6129feb07000, 63;
v0x6129feb07000_64 .array/port v0x6129feb07000, 64;
v0x6129feb07000_65 .array/port v0x6129feb07000, 65;
E_0x6129feac6d00/16 .event anyedge, v0x6129feb07000_62, v0x6129feb07000_63, v0x6129feb07000_64, v0x6129feb07000_65;
v0x6129feb07000_66 .array/port v0x6129feb07000, 66;
v0x6129feb07000_67 .array/port v0x6129feb07000, 67;
v0x6129feb07000_68 .array/port v0x6129feb07000, 68;
v0x6129feb07000_69 .array/port v0x6129feb07000, 69;
E_0x6129feac6d00/17 .event anyedge, v0x6129feb07000_66, v0x6129feb07000_67, v0x6129feb07000_68, v0x6129feb07000_69;
v0x6129feb07000_70 .array/port v0x6129feb07000, 70;
v0x6129feb07000_71 .array/port v0x6129feb07000, 71;
v0x6129feb07000_72 .array/port v0x6129feb07000, 72;
v0x6129feb07000_73 .array/port v0x6129feb07000, 73;
E_0x6129feac6d00/18 .event anyedge, v0x6129feb07000_70, v0x6129feb07000_71, v0x6129feb07000_72, v0x6129feb07000_73;
v0x6129feb07000_74 .array/port v0x6129feb07000, 74;
v0x6129feb07000_75 .array/port v0x6129feb07000, 75;
v0x6129feb07000_76 .array/port v0x6129feb07000, 76;
v0x6129feb07000_77 .array/port v0x6129feb07000, 77;
E_0x6129feac6d00/19 .event anyedge, v0x6129feb07000_74, v0x6129feb07000_75, v0x6129feb07000_76, v0x6129feb07000_77;
v0x6129feb07000_78 .array/port v0x6129feb07000, 78;
v0x6129feb07000_79 .array/port v0x6129feb07000, 79;
v0x6129feb07000_80 .array/port v0x6129feb07000, 80;
v0x6129feb07000_81 .array/port v0x6129feb07000, 81;
E_0x6129feac6d00/20 .event anyedge, v0x6129feb07000_78, v0x6129feb07000_79, v0x6129feb07000_80, v0x6129feb07000_81;
v0x6129feb07000_82 .array/port v0x6129feb07000, 82;
v0x6129feb07000_83 .array/port v0x6129feb07000, 83;
v0x6129feb07000_84 .array/port v0x6129feb07000, 84;
v0x6129feb07000_85 .array/port v0x6129feb07000, 85;
E_0x6129feac6d00/21 .event anyedge, v0x6129feb07000_82, v0x6129feb07000_83, v0x6129feb07000_84, v0x6129feb07000_85;
v0x6129feb07000_86 .array/port v0x6129feb07000, 86;
v0x6129feb07000_87 .array/port v0x6129feb07000, 87;
v0x6129feb07000_88 .array/port v0x6129feb07000, 88;
v0x6129feb07000_89 .array/port v0x6129feb07000, 89;
E_0x6129feac6d00/22 .event anyedge, v0x6129feb07000_86, v0x6129feb07000_87, v0x6129feb07000_88, v0x6129feb07000_89;
v0x6129feb07000_90 .array/port v0x6129feb07000, 90;
v0x6129feb07000_91 .array/port v0x6129feb07000, 91;
v0x6129feb07000_92 .array/port v0x6129feb07000, 92;
v0x6129feb07000_93 .array/port v0x6129feb07000, 93;
E_0x6129feac6d00/23 .event anyedge, v0x6129feb07000_90, v0x6129feb07000_91, v0x6129feb07000_92, v0x6129feb07000_93;
v0x6129feb07000_94 .array/port v0x6129feb07000, 94;
v0x6129feb07000_95 .array/port v0x6129feb07000, 95;
v0x6129feb07000_96 .array/port v0x6129feb07000, 96;
v0x6129feb07000_97 .array/port v0x6129feb07000, 97;
E_0x6129feac6d00/24 .event anyedge, v0x6129feb07000_94, v0x6129feb07000_95, v0x6129feb07000_96, v0x6129feb07000_97;
v0x6129feb07000_98 .array/port v0x6129feb07000, 98;
v0x6129feb07000_99 .array/port v0x6129feb07000, 99;
v0x6129feb07000_100 .array/port v0x6129feb07000, 100;
v0x6129feb07000_101 .array/port v0x6129feb07000, 101;
E_0x6129feac6d00/25 .event anyedge, v0x6129feb07000_98, v0x6129feb07000_99, v0x6129feb07000_100, v0x6129feb07000_101;
v0x6129feb07000_102 .array/port v0x6129feb07000, 102;
v0x6129feb07000_103 .array/port v0x6129feb07000, 103;
v0x6129feb07000_104 .array/port v0x6129feb07000, 104;
v0x6129feb07000_105 .array/port v0x6129feb07000, 105;
E_0x6129feac6d00/26 .event anyedge, v0x6129feb07000_102, v0x6129feb07000_103, v0x6129feb07000_104, v0x6129feb07000_105;
v0x6129feb07000_106 .array/port v0x6129feb07000, 106;
v0x6129feb07000_107 .array/port v0x6129feb07000, 107;
v0x6129feb07000_108 .array/port v0x6129feb07000, 108;
v0x6129feb07000_109 .array/port v0x6129feb07000, 109;
E_0x6129feac6d00/27 .event anyedge, v0x6129feb07000_106, v0x6129feb07000_107, v0x6129feb07000_108, v0x6129feb07000_109;
v0x6129feb07000_110 .array/port v0x6129feb07000, 110;
v0x6129feb07000_111 .array/port v0x6129feb07000, 111;
v0x6129feb07000_112 .array/port v0x6129feb07000, 112;
v0x6129feb07000_113 .array/port v0x6129feb07000, 113;
E_0x6129feac6d00/28 .event anyedge, v0x6129feb07000_110, v0x6129feb07000_111, v0x6129feb07000_112, v0x6129feb07000_113;
v0x6129feb07000_114 .array/port v0x6129feb07000, 114;
v0x6129feb07000_115 .array/port v0x6129feb07000, 115;
v0x6129feb07000_116 .array/port v0x6129feb07000, 116;
v0x6129feb07000_117 .array/port v0x6129feb07000, 117;
E_0x6129feac6d00/29 .event anyedge, v0x6129feb07000_114, v0x6129feb07000_115, v0x6129feb07000_116, v0x6129feb07000_117;
v0x6129feb07000_118 .array/port v0x6129feb07000, 118;
v0x6129feb07000_119 .array/port v0x6129feb07000, 119;
v0x6129feb07000_120 .array/port v0x6129feb07000, 120;
v0x6129feb07000_121 .array/port v0x6129feb07000, 121;
E_0x6129feac6d00/30 .event anyedge, v0x6129feb07000_118, v0x6129feb07000_119, v0x6129feb07000_120, v0x6129feb07000_121;
v0x6129feb07000_122 .array/port v0x6129feb07000, 122;
v0x6129feb07000_123 .array/port v0x6129feb07000, 123;
v0x6129feb07000_124 .array/port v0x6129feb07000, 124;
v0x6129feb07000_125 .array/port v0x6129feb07000, 125;
E_0x6129feac6d00/31 .event anyedge, v0x6129feb07000_122, v0x6129feb07000_123, v0x6129feb07000_124, v0x6129feb07000_125;
v0x6129feb07000_126 .array/port v0x6129feb07000, 126;
v0x6129feb07000_127 .array/port v0x6129feb07000, 127;
v0x6129feb07000_128 .array/port v0x6129feb07000, 128;
v0x6129feb07000_129 .array/port v0x6129feb07000, 129;
E_0x6129feac6d00/32 .event anyedge, v0x6129feb07000_126, v0x6129feb07000_127, v0x6129feb07000_128, v0x6129feb07000_129;
v0x6129feb07000_130 .array/port v0x6129feb07000, 130;
v0x6129feb07000_131 .array/port v0x6129feb07000, 131;
v0x6129feb07000_132 .array/port v0x6129feb07000, 132;
v0x6129feb07000_133 .array/port v0x6129feb07000, 133;
E_0x6129feac6d00/33 .event anyedge, v0x6129feb07000_130, v0x6129feb07000_131, v0x6129feb07000_132, v0x6129feb07000_133;
v0x6129feb07000_134 .array/port v0x6129feb07000, 134;
v0x6129feb07000_135 .array/port v0x6129feb07000, 135;
v0x6129feb07000_136 .array/port v0x6129feb07000, 136;
v0x6129feb07000_137 .array/port v0x6129feb07000, 137;
E_0x6129feac6d00/34 .event anyedge, v0x6129feb07000_134, v0x6129feb07000_135, v0x6129feb07000_136, v0x6129feb07000_137;
v0x6129feb07000_138 .array/port v0x6129feb07000, 138;
v0x6129feb07000_139 .array/port v0x6129feb07000, 139;
v0x6129feb07000_140 .array/port v0x6129feb07000, 140;
v0x6129feb07000_141 .array/port v0x6129feb07000, 141;
E_0x6129feac6d00/35 .event anyedge, v0x6129feb07000_138, v0x6129feb07000_139, v0x6129feb07000_140, v0x6129feb07000_141;
v0x6129feb07000_142 .array/port v0x6129feb07000, 142;
v0x6129feb07000_143 .array/port v0x6129feb07000, 143;
v0x6129feb07000_144 .array/port v0x6129feb07000, 144;
v0x6129feb07000_145 .array/port v0x6129feb07000, 145;
E_0x6129feac6d00/36 .event anyedge, v0x6129feb07000_142, v0x6129feb07000_143, v0x6129feb07000_144, v0x6129feb07000_145;
v0x6129feb07000_146 .array/port v0x6129feb07000, 146;
v0x6129feb07000_147 .array/port v0x6129feb07000, 147;
v0x6129feb07000_148 .array/port v0x6129feb07000, 148;
v0x6129feb07000_149 .array/port v0x6129feb07000, 149;
E_0x6129feac6d00/37 .event anyedge, v0x6129feb07000_146, v0x6129feb07000_147, v0x6129feb07000_148, v0x6129feb07000_149;
v0x6129feb07000_150 .array/port v0x6129feb07000, 150;
v0x6129feb07000_151 .array/port v0x6129feb07000, 151;
v0x6129feb07000_152 .array/port v0x6129feb07000, 152;
v0x6129feb07000_153 .array/port v0x6129feb07000, 153;
E_0x6129feac6d00/38 .event anyedge, v0x6129feb07000_150, v0x6129feb07000_151, v0x6129feb07000_152, v0x6129feb07000_153;
v0x6129feb07000_154 .array/port v0x6129feb07000, 154;
v0x6129feb07000_155 .array/port v0x6129feb07000, 155;
v0x6129feb07000_156 .array/port v0x6129feb07000, 156;
v0x6129feb07000_157 .array/port v0x6129feb07000, 157;
E_0x6129feac6d00/39 .event anyedge, v0x6129feb07000_154, v0x6129feb07000_155, v0x6129feb07000_156, v0x6129feb07000_157;
v0x6129feb07000_158 .array/port v0x6129feb07000, 158;
v0x6129feb07000_159 .array/port v0x6129feb07000, 159;
v0x6129feb07000_160 .array/port v0x6129feb07000, 160;
v0x6129feb07000_161 .array/port v0x6129feb07000, 161;
E_0x6129feac6d00/40 .event anyedge, v0x6129feb07000_158, v0x6129feb07000_159, v0x6129feb07000_160, v0x6129feb07000_161;
v0x6129feb07000_162 .array/port v0x6129feb07000, 162;
v0x6129feb07000_163 .array/port v0x6129feb07000, 163;
v0x6129feb07000_164 .array/port v0x6129feb07000, 164;
v0x6129feb07000_165 .array/port v0x6129feb07000, 165;
E_0x6129feac6d00/41 .event anyedge, v0x6129feb07000_162, v0x6129feb07000_163, v0x6129feb07000_164, v0x6129feb07000_165;
v0x6129feb07000_166 .array/port v0x6129feb07000, 166;
v0x6129feb07000_167 .array/port v0x6129feb07000, 167;
v0x6129feb07000_168 .array/port v0x6129feb07000, 168;
v0x6129feb07000_169 .array/port v0x6129feb07000, 169;
E_0x6129feac6d00/42 .event anyedge, v0x6129feb07000_166, v0x6129feb07000_167, v0x6129feb07000_168, v0x6129feb07000_169;
v0x6129feb07000_170 .array/port v0x6129feb07000, 170;
v0x6129feb07000_171 .array/port v0x6129feb07000, 171;
v0x6129feb07000_172 .array/port v0x6129feb07000, 172;
v0x6129feb07000_173 .array/port v0x6129feb07000, 173;
E_0x6129feac6d00/43 .event anyedge, v0x6129feb07000_170, v0x6129feb07000_171, v0x6129feb07000_172, v0x6129feb07000_173;
v0x6129feb07000_174 .array/port v0x6129feb07000, 174;
v0x6129feb07000_175 .array/port v0x6129feb07000, 175;
v0x6129feb07000_176 .array/port v0x6129feb07000, 176;
v0x6129feb07000_177 .array/port v0x6129feb07000, 177;
E_0x6129feac6d00/44 .event anyedge, v0x6129feb07000_174, v0x6129feb07000_175, v0x6129feb07000_176, v0x6129feb07000_177;
v0x6129feb07000_178 .array/port v0x6129feb07000, 178;
v0x6129feb07000_179 .array/port v0x6129feb07000, 179;
v0x6129feb07000_180 .array/port v0x6129feb07000, 180;
v0x6129feb07000_181 .array/port v0x6129feb07000, 181;
E_0x6129feac6d00/45 .event anyedge, v0x6129feb07000_178, v0x6129feb07000_179, v0x6129feb07000_180, v0x6129feb07000_181;
v0x6129feb07000_182 .array/port v0x6129feb07000, 182;
v0x6129feb07000_183 .array/port v0x6129feb07000, 183;
v0x6129feb07000_184 .array/port v0x6129feb07000, 184;
v0x6129feb07000_185 .array/port v0x6129feb07000, 185;
E_0x6129feac6d00/46 .event anyedge, v0x6129feb07000_182, v0x6129feb07000_183, v0x6129feb07000_184, v0x6129feb07000_185;
v0x6129feb07000_186 .array/port v0x6129feb07000, 186;
v0x6129feb07000_187 .array/port v0x6129feb07000, 187;
v0x6129feb07000_188 .array/port v0x6129feb07000, 188;
v0x6129feb07000_189 .array/port v0x6129feb07000, 189;
E_0x6129feac6d00/47 .event anyedge, v0x6129feb07000_186, v0x6129feb07000_187, v0x6129feb07000_188, v0x6129feb07000_189;
v0x6129feb07000_190 .array/port v0x6129feb07000, 190;
v0x6129feb07000_191 .array/port v0x6129feb07000, 191;
v0x6129feb07000_192 .array/port v0x6129feb07000, 192;
v0x6129feb07000_193 .array/port v0x6129feb07000, 193;
E_0x6129feac6d00/48 .event anyedge, v0x6129feb07000_190, v0x6129feb07000_191, v0x6129feb07000_192, v0x6129feb07000_193;
v0x6129feb07000_194 .array/port v0x6129feb07000, 194;
v0x6129feb07000_195 .array/port v0x6129feb07000, 195;
v0x6129feb07000_196 .array/port v0x6129feb07000, 196;
v0x6129feb07000_197 .array/port v0x6129feb07000, 197;
E_0x6129feac6d00/49 .event anyedge, v0x6129feb07000_194, v0x6129feb07000_195, v0x6129feb07000_196, v0x6129feb07000_197;
v0x6129feb07000_198 .array/port v0x6129feb07000, 198;
v0x6129feb07000_199 .array/port v0x6129feb07000, 199;
v0x6129feb07000_200 .array/port v0x6129feb07000, 200;
v0x6129feb07000_201 .array/port v0x6129feb07000, 201;
E_0x6129feac6d00/50 .event anyedge, v0x6129feb07000_198, v0x6129feb07000_199, v0x6129feb07000_200, v0x6129feb07000_201;
v0x6129feb07000_202 .array/port v0x6129feb07000, 202;
v0x6129feb07000_203 .array/port v0x6129feb07000, 203;
v0x6129feb07000_204 .array/port v0x6129feb07000, 204;
v0x6129feb07000_205 .array/port v0x6129feb07000, 205;
E_0x6129feac6d00/51 .event anyedge, v0x6129feb07000_202, v0x6129feb07000_203, v0x6129feb07000_204, v0x6129feb07000_205;
v0x6129feb07000_206 .array/port v0x6129feb07000, 206;
v0x6129feb07000_207 .array/port v0x6129feb07000, 207;
v0x6129feb07000_208 .array/port v0x6129feb07000, 208;
v0x6129feb07000_209 .array/port v0x6129feb07000, 209;
E_0x6129feac6d00/52 .event anyedge, v0x6129feb07000_206, v0x6129feb07000_207, v0x6129feb07000_208, v0x6129feb07000_209;
v0x6129feb07000_210 .array/port v0x6129feb07000, 210;
v0x6129feb07000_211 .array/port v0x6129feb07000, 211;
v0x6129feb07000_212 .array/port v0x6129feb07000, 212;
v0x6129feb07000_213 .array/port v0x6129feb07000, 213;
E_0x6129feac6d00/53 .event anyedge, v0x6129feb07000_210, v0x6129feb07000_211, v0x6129feb07000_212, v0x6129feb07000_213;
v0x6129feb07000_214 .array/port v0x6129feb07000, 214;
v0x6129feb07000_215 .array/port v0x6129feb07000, 215;
v0x6129feb07000_216 .array/port v0x6129feb07000, 216;
v0x6129feb07000_217 .array/port v0x6129feb07000, 217;
E_0x6129feac6d00/54 .event anyedge, v0x6129feb07000_214, v0x6129feb07000_215, v0x6129feb07000_216, v0x6129feb07000_217;
v0x6129feb07000_218 .array/port v0x6129feb07000, 218;
v0x6129feb07000_219 .array/port v0x6129feb07000, 219;
v0x6129feb07000_220 .array/port v0x6129feb07000, 220;
v0x6129feb07000_221 .array/port v0x6129feb07000, 221;
E_0x6129feac6d00/55 .event anyedge, v0x6129feb07000_218, v0x6129feb07000_219, v0x6129feb07000_220, v0x6129feb07000_221;
v0x6129feb07000_222 .array/port v0x6129feb07000, 222;
v0x6129feb07000_223 .array/port v0x6129feb07000, 223;
v0x6129feb07000_224 .array/port v0x6129feb07000, 224;
v0x6129feb07000_225 .array/port v0x6129feb07000, 225;
E_0x6129feac6d00/56 .event anyedge, v0x6129feb07000_222, v0x6129feb07000_223, v0x6129feb07000_224, v0x6129feb07000_225;
v0x6129feb07000_226 .array/port v0x6129feb07000, 226;
v0x6129feb07000_227 .array/port v0x6129feb07000, 227;
v0x6129feb07000_228 .array/port v0x6129feb07000, 228;
v0x6129feb07000_229 .array/port v0x6129feb07000, 229;
E_0x6129feac6d00/57 .event anyedge, v0x6129feb07000_226, v0x6129feb07000_227, v0x6129feb07000_228, v0x6129feb07000_229;
v0x6129feb07000_230 .array/port v0x6129feb07000, 230;
v0x6129feb07000_231 .array/port v0x6129feb07000, 231;
v0x6129feb07000_232 .array/port v0x6129feb07000, 232;
v0x6129feb07000_233 .array/port v0x6129feb07000, 233;
E_0x6129feac6d00/58 .event anyedge, v0x6129feb07000_230, v0x6129feb07000_231, v0x6129feb07000_232, v0x6129feb07000_233;
v0x6129feb07000_234 .array/port v0x6129feb07000, 234;
v0x6129feb07000_235 .array/port v0x6129feb07000, 235;
v0x6129feb07000_236 .array/port v0x6129feb07000, 236;
v0x6129feb07000_237 .array/port v0x6129feb07000, 237;
E_0x6129feac6d00/59 .event anyedge, v0x6129feb07000_234, v0x6129feb07000_235, v0x6129feb07000_236, v0x6129feb07000_237;
v0x6129feb07000_238 .array/port v0x6129feb07000, 238;
v0x6129feb07000_239 .array/port v0x6129feb07000, 239;
v0x6129feb07000_240 .array/port v0x6129feb07000, 240;
v0x6129feb07000_241 .array/port v0x6129feb07000, 241;
E_0x6129feac6d00/60 .event anyedge, v0x6129feb07000_238, v0x6129feb07000_239, v0x6129feb07000_240, v0x6129feb07000_241;
v0x6129feb07000_242 .array/port v0x6129feb07000, 242;
v0x6129feb07000_243 .array/port v0x6129feb07000, 243;
v0x6129feb07000_244 .array/port v0x6129feb07000, 244;
v0x6129feb07000_245 .array/port v0x6129feb07000, 245;
E_0x6129feac6d00/61 .event anyedge, v0x6129feb07000_242, v0x6129feb07000_243, v0x6129feb07000_244, v0x6129feb07000_245;
v0x6129feb07000_246 .array/port v0x6129feb07000, 246;
v0x6129feb07000_247 .array/port v0x6129feb07000, 247;
v0x6129feb07000_248 .array/port v0x6129feb07000, 248;
v0x6129feb07000_249 .array/port v0x6129feb07000, 249;
E_0x6129feac6d00/62 .event anyedge, v0x6129feb07000_246, v0x6129feb07000_247, v0x6129feb07000_248, v0x6129feb07000_249;
v0x6129feb07000_250 .array/port v0x6129feb07000, 250;
v0x6129feb07000_251 .array/port v0x6129feb07000, 251;
v0x6129feb07000_252 .array/port v0x6129feb07000, 252;
v0x6129feb07000_253 .array/port v0x6129feb07000, 253;
E_0x6129feac6d00/63 .event anyedge, v0x6129feb07000_250, v0x6129feb07000_251, v0x6129feb07000_252, v0x6129feb07000_253;
v0x6129feb07000_254 .array/port v0x6129feb07000, 254;
v0x6129feb07000_255 .array/port v0x6129feb07000, 255;
v0x6129feb07000_256 .array/port v0x6129feb07000, 256;
v0x6129feb07000_257 .array/port v0x6129feb07000, 257;
E_0x6129feac6d00/64 .event anyedge, v0x6129feb07000_254, v0x6129feb07000_255, v0x6129feb07000_256, v0x6129feb07000_257;
v0x6129feb07000_258 .array/port v0x6129feb07000, 258;
v0x6129feb07000_259 .array/port v0x6129feb07000, 259;
v0x6129feb07000_260 .array/port v0x6129feb07000, 260;
v0x6129feb07000_261 .array/port v0x6129feb07000, 261;
E_0x6129feac6d00/65 .event anyedge, v0x6129feb07000_258, v0x6129feb07000_259, v0x6129feb07000_260, v0x6129feb07000_261;
v0x6129feb07000_262 .array/port v0x6129feb07000, 262;
v0x6129feb07000_263 .array/port v0x6129feb07000, 263;
v0x6129feb07000_264 .array/port v0x6129feb07000, 264;
v0x6129feb07000_265 .array/port v0x6129feb07000, 265;
E_0x6129feac6d00/66 .event anyedge, v0x6129feb07000_262, v0x6129feb07000_263, v0x6129feb07000_264, v0x6129feb07000_265;
v0x6129feb07000_266 .array/port v0x6129feb07000, 266;
v0x6129feb07000_267 .array/port v0x6129feb07000, 267;
v0x6129feb07000_268 .array/port v0x6129feb07000, 268;
v0x6129feb07000_269 .array/port v0x6129feb07000, 269;
E_0x6129feac6d00/67 .event anyedge, v0x6129feb07000_266, v0x6129feb07000_267, v0x6129feb07000_268, v0x6129feb07000_269;
v0x6129feb07000_270 .array/port v0x6129feb07000, 270;
v0x6129feb07000_271 .array/port v0x6129feb07000, 271;
v0x6129feb07000_272 .array/port v0x6129feb07000, 272;
v0x6129feb07000_273 .array/port v0x6129feb07000, 273;
E_0x6129feac6d00/68 .event anyedge, v0x6129feb07000_270, v0x6129feb07000_271, v0x6129feb07000_272, v0x6129feb07000_273;
v0x6129feb07000_274 .array/port v0x6129feb07000, 274;
v0x6129feb07000_275 .array/port v0x6129feb07000, 275;
v0x6129feb07000_276 .array/port v0x6129feb07000, 276;
v0x6129feb07000_277 .array/port v0x6129feb07000, 277;
E_0x6129feac6d00/69 .event anyedge, v0x6129feb07000_274, v0x6129feb07000_275, v0x6129feb07000_276, v0x6129feb07000_277;
v0x6129feb07000_278 .array/port v0x6129feb07000, 278;
v0x6129feb07000_279 .array/port v0x6129feb07000, 279;
v0x6129feb07000_280 .array/port v0x6129feb07000, 280;
v0x6129feb07000_281 .array/port v0x6129feb07000, 281;
E_0x6129feac6d00/70 .event anyedge, v0x6129feb07000_278, v0x6129feb07000_279, v0x6129feb07000_280, v0x6129feb07000_281;
v0x6129feb07000_282 .array/port v0x6129feb07000, 282;
v0x6129feb07000_283 .array/port v0x6129feb07000, 283;
v0x6129feb07000_284 .array/port v0x6129feb07000, 284;
v0x6129feb07000_285 .array/port v0x6129feb07000, 285;
E_0x6129feac6d00/71 .event anyedge, v0x6129feb07000_282, v0x6129feb07000_283, v0x6129feb07000_284, v0x6129feb07000_285;
v0x6129feb07000_286 .array/port v0x6129feb07000, 286;
v0x6129feb07000_287 .array/port v0x6129feb07000, 287;
v0x6129feb07000_288 .array/port v0x6129feb07000, 288;
v0x6129feb07000_289 .array/port v0x6129feb07000, 289;
E_0x6129feac6d00/72 .event anyedge, v0x6129feb07000_286, v0x6129feb07000_287, v0x6129feb07000_288, v0x6129feb07000_289;
v0x6129feb07000_290 .array/port v0x6129feb07000, 290;
v0x6129feb07000_291 .array/port v0x6129feb07000, 291;
v0x6129feb07000_292 .array/port v0x6129feb07000, 292;
v0x6129feb07000_293 .array/port v0x6129feb07000, 293;
E_0x6129feac6d00/73 .event anyedge, v0x6129feb07000_290, v0x6129feb07000_291, v0x6129feb07000_292, v0x6129feb07000_293;
v0x6129feb07000_294 .array/port v0x6129feb07000, 294;
v0x6129feb07000_295 .array/port v0x6129feb07000, 295;
v0x6129feb07000_296 .array/port v0x6129feb07000, 296;
v0x6129feb07000_297 .array/port v0x6129feb07000, 297;
E_0x6129feac6d00/74 .event anyedge, v0x6129feb07000_294, v0x6129feb07000_295, v0x6129feb07000_296, v0x6129feb07000_297;
v0x6129feb07000_298 .array/port v0x6129feb07000, 298;
v0x6129feb07000_299 .array/port v0x6129feb07000, 299;
v0x6129feb07000_300 .array/port v0x6129feb07000, 300;
v0x6129feb07000_301 .array/port v0x6129feb07000, 301;
E_0x6129feac6d00/75 .event anyedge, v0x6129feb07000_298, v0x6129feb07000_299, v0x6129feb07000_300, v0x6129feb07000_301;
v0x6129feb07000_302 .array/port v0x6129feb07000, 302;
v0x6129feb07000_303 .array/port v0x6129feb07000, 303;
v0x6129feb07000_304 .array/port v0x6129feb07000, 304;
v0x6129feb07000_305 .array/port v0x6129feb07000, 305;
E_0x6129feac6d00/76 .event anyedge, v0x6129feb07000_302, v0x6129feb07000_303, v0x6129feb07000_304, v0x6129feb07000_305;
v0x6129feb07000_306 .array/port v0x6129feb07000, 306;
v0x6129feb07000_307 .array/port v0x6129feb07000, 307;
v0x6129feb07000_308 .array/port v0x6129feb07000, 308;
v0x6129feb07000_309 .array/port v0x6129feb07000, 309;
E_0x6129feac6d00/77 .event anyedge, v0x6129feb07000_306, v0x6129feb07000_307, v0x6129feb07000_308, v0x6129feb07000_309;
v0x6129feb07000_310 .array/port v0x6129feb07000, 310;
v0x6129feb07000_311 .array/port v0x6129feb07000, 311;
v0x6129feb07000_312 .array/port v0x6129feb07000, 312;
v0x6129feb07000_313 .array/port v0x6129feb07000, 313;
E_0x6129feac6d00/78 .event anyedge, v0x6129feb07000_310, v0x6129feb07000_311, v0x6129feb07000_312, v0x6129feb07000_313;
v0x6129feb07000_314 .array/port v0x6129feb07000, 314;
v0x6129feb07000_315 .array/port v0x6129feb07000, 315;
v0x6129feb07000_316 .array/port v0x6129feb07000, 316;
v0x6129feb07000_317 .array/port v0x6129feb07000, 317;
E_0x6129feac6d00/79 .event anyedge, v0x6129feb07000_314, v0x6129feb07000_315, v0x6129feb07000_316, v0x6129feb07000_317;
v0x6129feb07000_318 .array/port v0x6129feb07000, 318;
v0x6129feb07000_319 .array/port v0x6129feb07000, 319;
v0x6129feb07000_320 .array/port v0x6129feb07000, 320;
v0x6129feb07000_321 .array/port v0x6129feb07000, 321;
E_0x6129feac6d00/80 .event anyedge, v0x6129feb07000_318, v0x6129feb07000_319, v0x6129feb07000_320, v0x6129feb07000_321;
v0x6129feb07000_322 .array/port v0x6129feb07000, 322;
v0x6129feb07000_323 .array/port v0x6129feb07000, 323;
v0x6129feb07000_324 .array/port v0x6129feb07000, 324;
v0x6129feb07000_325 .array/port v0x6129feb07000, 325;
E_0x6129feac6d00/81 .event anyedge, v0x6129feb07000_322, v0x6129feb07000_323, v0x6129feb07000_324, v0x6129feb07000_325;
v0x6129feb07000_326 .array/port v0x6129feb07000, 326;
v0x6129feb07000_327 .array/port v0x6129feb07000, 327;
v0x6129feb07000_328 .array/port v0x6129feb07000, 328;
v0x6129feb07000_329 .array/port v0x6129feb07000, 329;
E_0x6129feac6d00/82 .event anyedge, v0x6129feb07000_326, v0x6129feb07000_327, v0x6129feb07000_328, v0x6129feb07000_329;
v0x6129feb07000_330 .array/port v0x6129feb07000, 330;
v0x6129feb07000_331 .array/port v0x6129feb07000, 331;
v0x6129feb07000_332 .array/port v0x6129feb07000, 332;
v0x6129feb07000_333 .array/port v0x6129feb07000, 333;
E_0x6129feac6d00/83 .event anyedge, v0x6129feb07000_330, v0x6129feb07000_331, v0x6129feb07000_332, v0x6129feb07000_333;
v0x6129feb07000_334 .array/port v0x6129feb07000, 334;
v0x6129feb07000_335 .array/port v0x6129feb07000, 335;
v0x6129feb07000_336 .array/port v0x6129feb07000, 336;
v0x6129feb07000_337 .array/port v0x6129feb07000, 337;
E_0x6129feac6d00/84 .event anyedge, v0x6129feb07000_334, v0x6129feb07000_335, v0x6129feb07000_336, v0x6129feb07000_337;
v0x6129feb07000_338 .array/port v0x6129feb07000, 338;
v0x6129feb07000_339 .array/port v0x6129feb07000, 339;
v0x6129feb07000_340 .array/port v0x6129feb07000, 340;
v0x6129feb07000_341 .array/port v0x6129feb07000, 341;
E_0x6129feac6d00/85 .event anyedge, v0x6129feb07000_338, v0x6129feb07000_339, v0x6129feb07000_340, v0x6129feb07000_341;
v0x6129feb07000_342 .array/port v0x6129feb07000, 342;
v0x6129feb07000_343 .array/port v0x6129feb07000, 343;
v0x6129feb07000_344 .array/port v0x6129feb07000, 344;
v0x6129feb07000_345 .array/port v0x6129feb07000, 345;
E_0x6129feac6d00/86 .event anyedge, v0x6129feb07000_342, v0x6129feb07000_343, v0x6129feb07000_344, v0x6129feb07000_345;
v0x6129feb07000_346 .array/port v0x6129feb07000, 346;
v0x6129feb07000_347 .array/port v0x6129feb07000, 347;
v0x6129feb07000_348 .array/port v0x6129feb07000, 348;
v0x6129feb07000_349 .array/port v0x6129feb07000, 349;
E_0x6129feac6d00/87 .event anyedge, v0x6129feb07000_346, v0x6129feb07000_347, v0x6129feb07000_348, v0x6129feb07000_349;
v0x6129feb07000_350 .array/port v0x6129feb07000, 350;
v0x6129feb07000_351 .array/port v0x6129feb07000, 351;
v0x6129feb07000_352 .array/port v0x6129feb07000, 352;
v0x6129feb07000_353 .array/port v0x6129feb07000, 353;
E_0x6129feac6d00/88 .event anyedge, v0x6129feb07000_350, v0x6129feb07000_351, v0x6129feb07000_352, v0x6129feb07000_353;
v0x6129feb07000_354 .array/port v0x6129feb07000, 354;
v0x6129feb07000_355 .array/port v0x6129feb07000, 355;
v0x6129feb07000_356 .array/port v0x6129feb07000, 356;
v0x6129feb07000_357 .array/port v0x6129feb07000, 357;
E_0x6129feac6d00/89 .event anyedge, v0x6129feb07000_354, v0x6129feb07000_355, v0x6129feb07000_356, v0x6129feb07000_357;
v0x6129feb07000_358 .array/port v0x6129feb07000, 358;
v0x6129feb07000_359 .array/port v0x6129feb07000, 359;
v0x6129feb07000_360 .array/port v0x6129feb07000, 360;
v0x6129feb07000_361 .array/port v0x6129feb07000, 361;
E_0x6129feac6d00/90 .event anyedge, v0x6129feb07000_358, v0x6129feb07000_359, v0x6129feb07000_360, v0x6129feb07000_361;
v0x6129feb07000_362 .array/port v0x6129feb07000, 362;
v0x6129feb07000_363 .array/port v0x6129feb07000, 363;
v0x6129feb07000_364 .array/port v0x6129feb07000, 364;
v0x6129feb07000_365 .array/port v0x6129feb07000, 365;
E_0x6129feac6d00/91 .event anyedge, v0x6129feb07000_362, v0x6129feb07000_363, v0x6129feb07000_364, v0x6129feb07000_365;
v0x6129feb07000_366 .array/port v0x6129feb07000, 366;
v0x6129feb07000_367 .array/port v0x6129feb07000, 367;
v0x6129feb07000_368 .array/port v0x6129feb07000, 368;
v0x6129feb07000_369 .array/port v0x6129feb07000, 369;
E_0x6129feac6d00/92 .event anyedge, v0x6129feb07000_366, v0x6129feb07000_367, v0x6129feb07000_368, v0x6129feb07000_369;
v0x6129feb07000_370 .array/port v0x6129feb07000, 370;
v0x6129feb07000_371 .array/port v0x6129feb07000, 371;
v0x6129feb07000_372 .array/port v0x6129feb07000, 372;
v0x6129feb07000_373 .array/port v0x6129feb07000, 373;
E_0x6129feac6d00/93 .event anyedge, v0x6129feb07000_370, v0x6129feb07000_371, v0x6129feb07000_372, v0x6129feb07000_373;
v0x6129feb07000_374 .array/port v0x6129feb07000, 374;
v0x6129feb07000_375 .array/port v0x6129feb07000, 375;
v0x6129feb07000_376 .array/port v0x6129feb07000, 376;
v0x6129feb07000_377 .array/port v0x6129feb07000, 377;
E_0x6129feac6d00/94 .event anyedge, v0x6129feb07000_374, v0x6129feb07000_375, v0x6129feb07000_376, v0x6129feb07000_377;
v0x6129feb07000_378 .array/port v0x6129feb07000, 378;
v0x6129feb07000_379 .array/port v0x6129feb07000, 379;
v0x6129feb07000_380 .array/port v0x6129feb07000, 380;
v0x6129feb07000_381 .array/port v0x6129feb07000, 381;
E_0x6129feac6d00/95 .event anyedge, v0x6129feb07000_378, v0x6129feb07000_379, v0x6129feb07000_380, v0x6129feb07000_381;
v0x6129feb07000_382 .array/port v0x6129feb07000, 382;
v0x6129feb07000_383 .array/port v0x6129feb07000, 383;
v0x6129feb07000_384 .array/port v0x6129feb07000, 384;
v0x6129feb07000_385 .array/port v0x6129feb07000, 385;
E_0x6129feac6d00/96 .event anyedge, v0x6129feb07000_382, v0x6129feb07000_383, v0x6129feb07000_384, v0x6129feb07000_385;
v0x6129feb07000_386 .array/port v0x6129feb07000, 386;
v0x6129feb07000_387 .array/port v0x6129feb07000, 387;
v0x6129feb07000_388 .array/port v0x6129feb07000, 388;
v0x6129feb07000_389 .array/port v0x6129feb07000, 389;
E_0x6129feac6d00/97 .event anyedge, v0x6129feb07000_386, v0x6129feb07000_387, v0x6129feb07000_388, v0x6129feb07000_389;
v0x6129feb07000_390 .array/port v0x6129feb07000, 390;
v0x6129feb07000_391 .array/port v0x6129feb07000, 391;
v0x6129feb07000_392 .array/port v0x6129feb07000, 392;
v0x6129feb07000_393 .array/port v0x6129feb07000, 393;
E_0x6129feac6d00/98 .event anyedge, v0x6129feb07000_390, v0x6129feb07000_391, v0x6129feb07000_392, v0x6129feb07000_393;
v0x6129feb07000_394 .array/port v0x6129feb07000, 394;
v0x6129feb07000_395 .array/port v0x6129feb07000, 395;
v0x6129feb07000_396 .array/port v0x6129feb07000, 396;
v0x6129feb07000_397 .array/port v0x6129feb07000, 397;
E_0x6129feac6d00/99 .event anyedge, v0x6129feb07000_394, v0x6129feb07000_395, v0x6129feb07000_396, v0x6129feb07000_397;
v0x6129feb07000_398 .array/port v0x6129feb07000, 398;
v0x6129feb07000_399 .array/port v0x6129feb07000, 399;
v0x6129feb07000_400 .array/port v0x6129feb07000, 400;
v0x6129feb07000_401 .array/port v0x6129feb07000, 401;
E_0x6129feac6d00/100 .event anyedge, v0x6129feb07000_398, v0x6129feb07000_399, v0x6129feb07000_400, v0x6129feb07000_401;
v0x6129feb07000_402 .array/port v0x6129feb07000, 402;
v0x6129feb07000_403 .array/port v0x6129feb07000, 403;
v0x6129feb07000_404 .array/port v0x6129feb07000, 404;
v0x6129feb07000_405 .array/port v0x6129feb07000, 405;
E_0x6129feac6d00/101 .event anyedge, v0x6129feb07000_402, v0x6129feb07000_403, v0x6129feb07000_404, v0x6129feb07000_405;
v0x6129feb07000_406 .array/port v0x6129feb07000, 406;
v0x6129feb07000_407 .array/port v0x6129feb07000, 407;
v0x6129feb07000_408 .array/port v0x6129feb07000, 408;
v0x6129feb07000_409 .array/port v0x6129feb07000, 409;
E_0x6129feac6d00/102 .event anyedge, v0x6129feb07000_406, v0x6129feb07000_407, v0x6129feb07000_408, v0x6129feb07000_409;
v0x6129feb07000_410 .array/port v0x6129feb07000, 410;
v0x6129feb07000_411 .array/port v0x6129feb07000, 411;
v0x6129feb07000_412 .array/port v0x6129feb07000, 412;
v0x6129feb07000_413 .array/port v0x6129feb07000, 413;
E_0x6129feac6d00/103 .event anyedge, v0x6129feb07000_410, v0x6129feb07000_411, v0x6129feb07000_412, v0x6129feb07000_413;
v0x6129feb07000_414 .array/port v0x6129feb07000, 414;
v0x6129feb07000_415 .array/port v0x6129feb07000, 415;
v0x6129feb07000_416 .array/port v0x6129feb07000, 416;
v0x6129feb07000_417 .array/port v0x6129feb07000, 417;
E_0x6129feac6d00/104 .event anyedge, v0x6129feb07000_414, v0x6129feb07000_415, v0x6129feb07000_416, v0x6129feb07000_417;
v0x6129feb07000_418 .array/port v0x6129feb07000, 418;
v0x6129feb07000_419 .array/port v0x6129feb07000, 419;
v0x6129feb07000_420 .array/port v0x6129feb07000, 420;
v0x6129feb07000_421 .array/port v0x6129feb07000, 421;
E_0x6129feac6d00/105 .event anyedge, v0x6129feb07000_418, v0x6129feb07000_419, v0x6129feb07000_420, v0x6129feb07000_421;
v0x6129feb07000_422 .array/port v0x6129feb07000, 422;
v0x6129feb07000_423 .array/port v0x6129feb07000, 423;
v0x6129feb07000_424 .array/port v0x6129feb07000, 424;
v0x6129feb07000_425 .array/port v0x6129feb07000, 425;
E_0x6129feac6d00/106 .event anyedge, v0x6129feb07000_422, v0x6129feb07000_423, v0x6129feb07000_424, v0x6129feb07000_425;
v0x6129feb07000_426 .array/port v0x6129feb07000, 426;
v0x6129feb07000_427 .array/port v0x6129feb07000, 427;
v0x6129feb07000_428 .array/port v0x6129feb07000, 428;
v0x6129feb07000_429 .array/port v0x6129feb07000, 429;
E_0x6129feac6d00/107 .event anyedge, v0x6129feb07000_426, v0x6129feb07000_427, v0x6129feb07000_428, v0x6129feb07000_429;
v0x6129feb07000_430 .array/port v0x6129feb07000, 430;
v0x6129feb07000_431 .array/port v0x6129feb07000, 431;
v0x6129feb07000_432 .array/port v0x6129feb07000, 432;
v0x6129feb07000_433 .array/port v0x6129feb07000, 433;
E_0x6129feac6d00/108 .event anyedge, v0x6129feb07000_430, v0x6129feb07000_431, v0x6129feb07000_432, v0x6129feb07000_433;
v0x6129feb07000_434 .array/port v0x6129feb07000, 434;
v0x6129feb07000_435 .array/port v0x6129feb07000, 435;
v0x6129feb07000_436 .array/port v0x6129feb07000, 436;
v0x6129feb07000_437 .array/port v0x6129feb07000, 437;
E_0x6129feac6d00/109 .event anyedge, v0x6129feb07000_434, v0x6129feb07000_435, v0x6129feb07000_436, v0x6129feb07000_437;
v0x6129feb07000_438 .array/port v0x6129feb07000, 438;
v0x6129feb07000_439 .array/port v0x6129feb07000, 439;
v0x6129feb07000_440 .array/port v0x6129feb07000, 440;
v0x6129feb07000_441 .array/port v0x6129feb07000, 441;
E_0x6129feac6d00/110 .event anyedge, v0x6129feb07000_438, v0x6129feb07000_439, v0x6129feb07000_440, v0x6129feb07000_441;
v0x6129feb07000_442 .array/port v0x6129feb07000, 442;
v0x6129feb07000_443 .array/port v0x6129feb07000, 443;
v0x6129feb07000_444 .array/port v0x6129feb07000, 444;
v0x6129feb07000_445 .array/port v0x6129feb07000, 445;
E_0x6129feac6d00/111 .event anyedge, v0x6129feb07000_442, v0x6129feb07000_443, v0x6129feb07000_444, v0x6129feb07000_445;
v0x6129feb07000_446 .array/port v0x6129feb07000, 446;
v0x6129feb07000_447 .array/port v0x6129feb07000, 447;
v0x6129feb07000_448 .array/port v0x6129feb07000, 448;
v0x6129feb07000_449 .array/port v0x6129feb07000, 449;
E_0x6129feac6d00/112 .event anyedge, v0x6129feb07000_446, v0x6129feb07000_447, v0x6129feb07000_448, v0x6129feb07000_449;
v0x6129feb07000_450 .array/port v0x6129feb07000, 450;
v0x6129feb07000_451 .array/port v0x6129feb07000, 451;
v0x6129feb07000_452 .array/port v0x6129feb07000, 452;
v0x6129feb07000_453 .array/port v0x6129feb07000, 453;
E_0x6129feac6d00/113 .event anyedge, v0x6129feb07000_450, v0x6129feb07000_451, v0x6129feb07000_452, v0x6129feb07000_453;
v0x6129feb07000_454 .array/port v0x6129feb07000, 454;
v0x6129feb07000_455 .array/port v0x6129feb07000, 455;
v0x6129feb07000_456 .array/port v0x6129feb07000, 456;
v0x6129feb07000_457 .array/port v0x6129feb07000, 457;
E_0x6129feac6d00/114 .event anyedge, v0x6129feb07000_454, v0x6129feb07000_455, v0x6129feb07000_456, v0x6129feb07000_457;
v0x6129feb07000_458 .array/port v0x6129feb07000, 458;
v0x6129feb07000_459 .array/port v0x6129feb07000, 459;
v0x6129feb07000_460 .array/port v0x6129feb07000, 460;
v0x6129feb07000_461 .array/port v0x6129feb07000, 461;
E_0x6129feac6d00/115 .event anyedge, v0x6129feb07000_458, v0x6129feb07000_459, v0x6129feb07000_460, v0x6129feb07000_461;
v0x6129feb07000_462 .array/port v0x6129feb07000, 462;
v0x6129feb07000_463 .array/port v0x6129feb07000, 463;
v0x6129feb07000_464 .array/port v0x6129feb07000, 464;
v0x6129feb07000_465 .array/port v0x6129feb07000, 465;
E_0x6129feac6d00/116 .event anyedge, v0x6129feb07000_462, v0x6129feb07000_463, v0x6129feb07000_464, v0x6129feb07000_465;
v0x6129feb07000_466 .array/port v0x6129feb07000, 466;
v0x6129feb07000_467 .array/port v0x6129feb07000, 467;
v0x6129feb07000_468 .array/port v0x6129feb07000, 468;
v0x6129feb07000_469 .array/port v0x6129feb07000, 469;
E_0x6129feac6d00/117 .event anyedge, v0x6129feb07000_466, v0x6129feb07000_467, v0x6129feb07000_468, v0x6129feb07000_469;
v0x6129feb07000_470 .array/port v0x6129feb07000, 470;
v0x6129feb07000_471 .array/port v0x6129feb07000, 471;
v0x6129feb07000_472 .array/port v0x6129feb07000, 472;
v0x6129feb07000_473 .array/port v0x6129feb07000, 473;
E_0x6129feac6d00/118 .event anyedge, v0x6129feb07000_470, v0x6129feb07000_471, v0x6129feb07000_472, v0x6129feb07000_473;
v0x6129feb07000_474 .array/port v0x6129feb07000, 474;
v0x6129feb07000_475 .array/port v0x6129feb07000, 475;
v0x6129feb07000_476 .array/port v0x6129feb07000, 476;
v0x6129feb07000_477 .array/port v0x6129feb07000, 477;
E_0x6129feac6d00/119 .event anyedge, v0x6129feb07000_474, v0x6129feb07000_475, v0x6129feb07000_476, v0x6129feb07000_477;
v0x6129feb07000_478 .array/port v0x6129feb07000, 478;
v0x6129feb07000_479 .array/port v0x6129feb07000, 479;
v0x6129feb07000_480 .array/port v0x6129feb07000, 480;
v0x6129feb07000_481 .array/port v0x6129feb07000, 481;
E_0x6129feac6d00/120 .event anyedge, v0x6129feb07000_478, v0x6129feb07000_479, v0x6129feb07000_480, v0x6129feb07000_481;
v0x6129feb07000_482 .array/port v0x6129feb07000, 482;
v0x6129feb07000_483 .array/port v0x6129feb07000, 483;
v0x6129feb07000_484 .array/port v0x6129feb07000, 484;
v0x6129feb07000_485 .array/port v0x6129feb07000, 485;
E_0x6129feac6d00/121 .event anyedge, v0x6129feb07000_482, v0x6129feb07000_483, v0x6129feb07000_484, v0x6129feb07000_485;
v0x6129feb07000_486 .array/port v0x6129feb07000, 486;
v0x6129feb07000_487 .array/port v0x6129feb07000, 487;
v0x6129feb07000_488 .array/port v0x6129feb07000, 488;
v0x6129feb07000_489 .array/port v0x6129feb07000, 489;
E_0x6129feac6d00/122 .event anyedge, v0x6129feb07000_486, v0x6129feb07000_487, v0x6129feb07000_488, v0x6129feb07000_489;
v0x6129feb07000_490 .array/port v0x6129feb07000, 490;
v0x6129feb07000_491 .array/port v0x6129feb07000, 491;
v0x6129feb07000_492 .array/port v0x6129feb07000, 492;
v0x6129feb07000_493 .array/port v0x6129feb07000, 493;
E_0x6129feac6d00/123 .event anyedge, v0x6129feb07000_490, v0x6129feb07000_491, v0x6129feb07000_492, v0x6129feb07000_493;
v0x6129feb07000_494 .array/port v0x6129feb07000, 494;
v0x6129feb07000_495 .array/port v0x6129feb07000, 495;
v0x6129feb07000_496 .array/port v0x6129feb07000, 496;
v0x6129feb07000_497 .array/port v0x6129feb07000, 497;
E_0x6129feac6d00/124 .event anyedge, v0x6129feb07000_494, v0x6129feb07000_495, v0x6129feb07000_496, v0x6129feb07000_497;
v0x6129feb07000_498 .array/port v0x6129feb07000, 498;
v0x6129feb07000_499 .array/port v0x6129feb07000, 499;
v0x6129feb07000_500 .array/port v0x6129feb07000, 500;
v0x6129feb07000_501 .array/port v0x6129feb07000, 501;
E_0x6129feac6d00/125 .event anyedge, v0x6129feb07000_498, v0x6129feb07000_499, v0x6129feb07000_500, v0x6129feb07000_501;
v0x6129feb07000_502 .array/port v0x6129feb07000, 502;
v0x6129feb07000_503 .array/port v0x6129feb07000, 503;
v0x6129feb07000_504 .array/port v0x6129feb07000, 504;
v0x6129feb07000_505 .array/port v0x6129feb07000, 505;
E_0x6129feac6d00/126 .event anyedge, v0x6129feb07000_502, v0x6129feb07000_503, v0x6129feb07000_504, v0x6129feb07000_505;
v0x6129feb07000_506 .array/port v0x6129feb07000, 506;
v0x6129feb07000_507 .array/port v0x6129feb07000, 507;
v0x6129feb07000_508 .array/port v0x6129feb07000, 508;
v0x6129feb07000_509 .array/port v0x6129feb07000, 509;
E_0x6129feac6d00/127 .event anyedge, v0x6129feb07000_506, v0x6129feb07000_507, v0x6129feb07000_508, v0x6129feb07000_509;
v0x6129feb07000_510 .array/port v0x6129feb07000, 510;
v0x6129feb07000_511 .array/port v0x6129feb07000, 511;
v0x6129feb07000_512 .array/port v0x6129feb07000, 512;
v0x6129feb07000_513 .array/port v0x6129feb07000, 513;
E_0x6129feac6d00/128 .event anyedge, v0x6129feb07000_510, v0x6129feb07000_511, v0x6129feb07000_512, v0x6129feb07000_513;
v0x6129feb07000_514 .array/port v0x6129feb07000, 514;
v0x6129feb07000_515 .array/port v0x6129feb07000, 515;
v0x6129feb07000_516 .array/port v0x6129feb07000, 516;
v0x6129feb07000_517 .array/port v0x6129feb07000, 517;
E_0x6129feac6d00/129 .event anyedge, v0x6129feb07000_514, v0x6129feb07000_515, v0x6129feb07000_516, v0x6129feb07000_517;
v0x6129feb07000_518 .array/port v0x6129feb07000, 518;
v0x6129feb07000_519 .array/port v0x6129feb07000, 519;
v0x6129feb07000_520 .array/port v0x6129feb07000, 520;
v0x6129feb07000_521 .array/port v0x6129feb07000, 521;
E_0x6129feac6d00/130 .event anyedge, v0x6129feb07000_518, v0x6129feb07000_519, v0x6129feb07000_520, v0x6129feb07000_521;
v0x6129feb07000_522 .array/port v0x6129feb07000, 522;
v0x6129feb07000_523 .array/port v0x6129feb07000, 523;
v0x6129feb07000_524 .array/port v0x6129feb07000, 524;
v0x6129feb07000_525 .array/port v0x6129feb07000, 525;
E_0x6129feac6d00/131 .event anyedge, v0x6129feb07000_522, v0x6129feb07000_523, v0x6129feb07000_524, v0x6129feb07000_525;
v0x6129feb07000_526 .array/port v0x6129feb07000, 526;
v0x6129feb07000_527 .array/port v0x6129feb07000, 527;
v0x6129feb07000_528 .array/port v0x6129feb07000, 528;
v0x6129feb07000_529 .array/port v0x6129feb07000, 529;
E_0x6129feac6d00/132 .event anyedge, v0x6129feb07000_526, v0x6129feb07000_527, v0x6129feb07000_528, v0x6129feb07000_529;
v0x6129feb07000_530 .array/port v0x6129feb07000, 530;
v0x6129feb07000_531 .array/port v0x6129feb07000, 531;
v0x6129feb07000_532 .array/port v0x6129feb07000, 532;
v0x6129feb07000_533 .array/port v0x6129feb07000, 533;
E_0x6129feac6d00/133 .event anyedge, v0x6129feb07000_530, v0x6129feb07000_531, v0x6129feb07000_532, v0x6129feb07000_533;
v0x6129feb07000_534 .array/port v0x6129feb07000, 534;
v0x6129feb07000_535 .array/port v0x6129feb07000, 535;
v0x6129feb07000_536 .array/port v0x6129feb07000, 536;
v0x6129feb07000_537 .array/port v0x6129feb07000, 537;
E_0x6129feac6d00/134 .event anyedge, v0x6129feb07000_534, v0x6129feb07000_535, v0x6129feb07000_536, v0x6129feb07000_537;
v0x6129feb07000_538 .array/port v0x6129feb07000, 538;
v0x6129feb07000_539 .array/port v0x6129feb07000, 539;
v0x6129feb07000_540 .array/port v0x6129feb07000, 540;
v0x6129feb07000_541 .array/port v0x6129feb07000, 541;
E_0x6129feac6d00/135 .event anyedge, v0x6129feb07000_538, v0x6129feb07000_539, v0x6129feb07000_540, v0x6129feb07000_541;
v0x6129feb07000_542 .array/port v0x6129feb07000, 542;
v0x6129feb07000_543 .array/port v0x6129feb07000, 543;
v0x6129feb07000_544 .array/port v0x6129feb07000, 544;
v0x6129feb07000_545 .array/port v0x6129feb07000, 545;
E_0x6129feac6d00/136 .event anyedge, v0x6129feb07000_542, v0x6129feb07000_543, v0x6129feb07000_544, v0x6129feb07000_545;
v0x6129feb07000_546 .array/port v0x6129feb07000, 546;
v0x6129feb07000_547 .array/port v0x6129feb07000, 547;
v0x6129feb07000_548 .array/port v0x6129feb07000, 548;
v0x6129feb07000_549 .array/port v0x6129feb07000, 549;
E_0x6129feac6d00/137 .event anyedge, v0x6129feb07000_546, v0x6129feb07000_547, v0x6129feb07000_548, v0x6129feb07000_549;
v0x6129feb07000_550 .array/port v0x6129feb07000, 550;
v0x6129feb07000_551 .array/port v0x6129feb07000, 551;
v0x6129feb07000_552 .array/port v0x6129feb07000, 552;
v0x6129feb07000_553 .array/port v0x6129feb07000, 553;
E_0x6129feac6d00/138 .event anyedge, v0x6129feb07000_550, v0x6129feb07000_551, v0x6129feb07000_552, v0x6129feb07000_553;
v0x6129feb07000_554 .array/port v0x6129feb07000, 554;
v0x6129feb07000_555 .array/port v0x6129feb07000, 555;
v0x6129feb07000_556 .array/port v0x6129feb07000, 556;
v0x6129feb07000_557 .array/port v0x6129feb07000, 557;
E_0x6129feac6d00/139 .event anyedge, v0x6129feb07000_554, v0x6129feb07000_555, v0x6129feb07000_556, v0x6129feb07000_557;
v0x6129feb07000_558 .array/port v0x6129feb07000, 558;
v0x6129feb07000_559 .array/port v0x6129feb07000, 559;
v0x6129feb07000_560 .array/port v0x6129feb07000, 560;
v0x6129feb07000_561 .array/port v0x6129feb07000, 561;
E_0x6129feac6d00/140 .event anyedge, v0x6129feb07000_558, v0x6129feb07000_559, v0x6129feb07000_560, v0x6129feb07000_561;
v0x6129feb07000_562 .array/port v0x6129feb07000, 562;
v0x6129feb07000_563 .array/port v0x6129feb07000, 563;
v0x6129feb07000_564 .array/port v0x6129feb07000, 564;
v0x6129feb07000_565 .array/port v0x6129feb07000, 565;
E_0x6129feac6d00/141 .event anyedge, v0x6129feb07000_562, v0x6129feb07000_563, v0x6129feb07000_564, v0x6129feb07000_565;
v0x6129feb07000_566 .array/port v0x6129feb07000, 566;
v0x6129feb07000_567 .array/port v0x6129feb07000, 567;
v0x6129feb07000_568 .array/port v0x6129feb07000, 568;
v0x6129feb07000_569 .array/port v0x6129feb07000, 569;
E_0x6129feac6d00/142 .event anyedge, v0x6129feb07000_566, v0x6129feb07000_567, v0x6129feb07000_568, v0x6129feb07000_569;
v0x6129feb07000_570 .array/port v0x6129feb07000, 570;
v0x6129feb07000_571 .array/port v0x6129feb07000, 571;
v0x6129feb07000_572 .array/port v0x6129feb07000, 572;
v0x6129feb07000_573 .array/port v0x6129feb07000, 573;
E_0x6129feac6d00/143 .event anyedge, v0x6129feb07000_570, v0x6129feb07000_571, v0x6129feb07000_572, v0x6129feb07000_573;
v0x6129feb07000_574 .array/port v0x6129feb07000, 574;
v0x6129feb07000_575 .array/port v0x6129feb07000, 575;
v0x6129feb07000_576 .array/port v0x6129feb07000, 576;
v0x6129feb07000_577 .array/port v0x6129feb07000, 577;
E_0x6129feac6d00/144 .event anyedge, v0x6129feb07000_574, v0x6129feb07000_575, v0x6129feb07000_576, v0x6129feb07000_577;
v0x6129feb07000_578 .array/port v0x6129feb07000, 578;
v0x6129feb07000_579 .array/port v0x6129feb07000, 579;
v0x6129feb07000_580 .array/port v0x6129feb07000, 580;
v0x6129feb07000_581 .array/port v0x6129feb07000, 581;
E_0x6129feac6d00/145 .event anyedge, v0x6129feb07000_578, v0x6129feb07000_579, v0x6129feb07000_580, v0x6129feb07000_581;
v0x6129feb07000_582 .array/port v0x6129feb07000, 582;
v0x6129feb07000_583 .array/port v0x6129feb07000, 583;
v0x6129feb07000_584 .array/port v0x6129feb07000, 584;
v0x6129feb07000_585 .array/port v0x6129feb07000, 585;
E_0x6129feac6d00/146 .event anyedge, v0x6129feb07000_582, v0x6129feb07000_583, v0x6129feb07000_584, v0x6129feb07000_585;
v0x6129feb07000_586 .array/port v0x6129feb07000, 586;
v0x6129feb07000_587 .array/port v0x6129feb07000, 587;
v0x6129feb07000_588 .array/port v0x6129feb07000, 588;
v0x6129feb07000_589 .array/port v0x6129feb07000, 589;
E_0x6129feac6d00/147 .event anyedge, v0x6129feb07000_586, v0x6129feb07000_587, v0x6129feb07000_588, v0x6129feb07000_589;
v0x6129feb07000_590 .array/port v0x6129feb07000, 590;
v0x6129feb07000_591 .array/port v0x6129feb07000, 591;
v0x6129feb07000_592 .array/port v0x6129feb07000, 592;
v0x6129feb07000_593 .array/port v0x6129feb07000, 593;
E_0x6129feac6d00/148 .event anyedge, v0x6129feb07000_590, v0x6129feb07000_591, v0x6129feb07000_592, v0x6129feb07000_593;
v0x6129feb07000_594 .array/port v0x6129feb07000, 594;
v0x6129feb07000_595 .array/port v0x6129feb07000, 595;
v0x6129feb07000_596 .array/port v0x6129feb07000, 596;
v0x6129feb07000_597 .array/port v0x6129feb07000, 597;
E_0x6129feac6d00/149 .event anyedge, v0x6129feb07000_594, v0x6129feb07000_595, v0x6129feb07000_596, v0x6129feb07000_597;
v0x6129feb07000_598 .array/port v0x6129feb07000, 598;
v0x6129feb07000_599 .array/port v0x6129feb07000, 599;
v0x6129feb07000_600 .array/port v0x6129feb07000, 600;
v0x6129feb07000_601 .array/port v0x6129feb07000, 601;
E_0x6129feac6d00/150 .event anyedge, v0x6129feb07000_598, v0x6129feb07000_599, v0x6129feb07000_600, v0x6129feb07000_601;
v0x6129feb07000_602 .array/port v0x6129feb07000, 602;
v0x6129feb07000_603 .array/port v0x6129feb07000, 603;
v0x6129feb07000_604 .array/port v0x6129feb07000, 604;
v0x6129feb07000_605 .array/port v0x6129feb07000, 605;
E_0x6129feac6d00/151 .event anyedge, v0x6129feb07000_602, v0x6129feb07000_603, v0x6129feb07000_604, v0x6129feb07000_605;
v0x6129feb07000_606 .array/port v0x6129feb07000, 606;
v0x6129feb07000_607 .array/port v0x6129feb07000, 607;
v0x6129feb07000_608 .array/port v0x6129feb07000, 608;
v0x6129feb07000_609 .array/port v0x6129feb07000, 609;
E_0x6129feac6d00/152 .event anyedge, v0x6129feb07000_606, v0x6129feb07000_607, v0x6129feb07000_608, v0x6129feb07000_609;
v0x6129feb07000_610 .array/port v0x6129feb07000, 610;
v0x6129feb07000_611 .array/port v0x6129feb07000, 611;
v0x6129feb07000_612 .array/port v0x6129feb07000, 612;
v0x6129feb07000_613 .array/port v0x6129feb07000, 613;
E_0x6129feac6d00/153 .event anyedge, v0x6129feb07000_610, v0x6129feb07000_611, v0x6129feb07000_612, v0x6129feb07000_613;
v0x6129feb07000_614 .array/port v0x6129feb07000, 614;
v0x6129feb07000_615 .array/port v0x6129feb07000, 615;
v0x6129feb07000_616 .array/port v0x6129feb07000, 616;
v0x6129feb07000_617 .array/port v0x6129feb07000, 617;
E_0x6129feac6d00/154 .event anyedge, v0x6129feb07000_614, v0x6129feb07000_615, v0x6129feb07000_616, v0x6129feb07000_617;
v0x6129feb07000_618 .array/port v0x6129feb07000, 618;
v0x6129feb07000_619 .array/port v0x6129feb07000, 619;
v0x6129feb07000_620 .array/port v0x6129feb07000, 620;
v0x6129feb07000_621 .array/port v0x6129feb07000, 621;
E_0x6129feac6d00/155 .event anyedge, v0x6129feb07000_618, v0x6129feb07000_619, v0x6129feb07000_620, v0x6129feb07000_621;
v0x6129feb07000_622 .array/port v0x6129feb07000, 622;
v0x6129feb07000_623 .array/port v0x6129feb07000, 623;
v0x6129feb07000_624 .array/port v0x6129feb07000, 624;
v0x6129feb07000_625 .array/port v0x6129feb07000, 625;
E_0x6129feac6d00/156 .event anyedge, v0x6129feb07000_622, v0x6129feb07000_623, v0x6129feb07000_624, v0x6129feb07000_625;
v0x6129feb07000_626 .array/port v0x6129feb07000, 626;
v0x6129feb07000_627 .array/port v0x6129feb07000, 627;
v0x6129feb07000_628 .array/port v0x6129feb07000, 628;
v0x6129feb07000_629 .array/port v0x6129feb07000, 629;
E_0x6129feac6d00/157 .event anyedge, v0x6129feb07000_626, v0x6129feb07000_627, v0x6129feb07000_628, v0x6129feb07000_629;
v0x6129feb07000_630 .array/port v0x6129feb07000, 630;
v0x6129feb07000_631 .array/port v0x6129feb07000, 631;
v0x6129feb07000_632 .array/port v0x6129feb07000, 632;
v0x6129feb07000_633 .array/port v0x6129feb07000, 633;
E_0x6129feac6d00/158 .event anyedge, v0x6129feb07000_630, v0x6129feb07000_631, v0x6129feb07000_632, v0x6129feb07000_633;
v0x6129feb07000_634 .array/port v0x6129feb07000, 634;
v0x6129feb07000_635 .array/port v0x6129feb07000, 635;
v0x6129feb07000_636 .array/port v0x6129feb07000, 636;
v0x6129feb07000_637 .array/port v0x6129feb07000, 637;
E_0x6129feac6d00/159 .event anyedge, v0x6129feb07000_634, v0x6129feb07000_635, v0x6129feb07000_636, v0x6129feb07000_637;
v0x6129feb07000_638 .array/port v0x6129feb07000, 638;
v0x6129feb07000_639 .array/port v0x6129feb07000, 639;
v0x6129feb07000_640 .array/port v0x6129feb07000, 640;
v0x6129feb07000_641 .array/port v0x6129feb07000, 641;
E_0x6129feac6d00/160 .event anyedge, v0x6129feb07000_638, v0x6129feb07000_639, v0x6129feb07000_640, v0x6129feb07000_641;
v0x6129feb07000_642 .array/port v0x6129feb07000, 642;
v0x6129feb07000_643 .array/port v0x6129feb07000, 643;
v0x6129feb07000_644 .array/port v0x6129feb07000, 644;
v0x6129feb07000_645 .array/port v0x6129feb07000, 645;
E_0x6129feac6d00/161 .event anyedge, v0x6129feb07000_642, v0x6129feb07000_643, v0x6129feb07000_644, v0x6129feb07000_645;
v0x6129feb07000_646 .array/port v0x6129feb07000, 646;
v0x6129feb07000_647 .array/port v0x6129feb07000, 647;
v0x6129feb07000_648 .array/port v0x6129feb07000, 648;
v0x6129feb07000_649 .array/port v0x6129feb07000, 649;
E_0x6129feac6d00/162 .event anyedge, v0x6129feb07000_646, v0x6129feb07000_647, v0x6129feb07000_648, v0x6129feb07000_649;
v0x6129feb07000_650 .array/port v0x6129feb07000, 650;
v0x6129feb07000_651 .array/port v0x6129feb07000, 651;
v0x6129feb07000_652 .array/port v0x6129feb07000, 652;
v0x6129feb07000_653 .array/port v0x6129feb07000, 653;
E_0x6129feac6d00/163 .event anyedge, v0x6129feb07000_650, v0x6129feb07000_651, v0x6129feb07000_652, v0x6129feb07000_653;
v0x6129feb07000_654 .array/port v0x6129feb07000, 654;
v0x6129feb07000_655 .array/port v0x6129feb07000, 655;
v0x6129feb07000_656 .array/port v0x6129feb07000, 656;
v0x6129feb07000_657 .array/port v0x6129feb07000, 657;
E_0x6129feac6d00/164 .event anyedge, v0x6129feb07000_654, v0x6129feb07000_655, v0x6129feb07000_656, v0x6129feb07000_657;
v0x6129feb07000_658 .array/port v0x6129feb07000, 658;
v0x6129feb07000_659 .array/port v0x6129feb07000, 659;
v0x6129feb07000_660 .array/port v0x6129feb07000, 660;
v0x6129feb07000_661 .array/port v0x6129feb07000, 661;
E_0x6129feac6d00/165 .event anyedge, v0x6129feb07000_658, v0x6129feb07000_659, v0x6129feb07000_660, v0x6129feb07000_661;
v0x6129feb07000_662 .array/port v0x6129feb07000, 662;
v0x6129feb07000_663 .array/port v0x6129feb07000, 663;
v0x6129feb07000_664 .array/port v0x6129feb07000, 664;
v0x6129feb07000_665 .array/port v0x6129feb07000, 665;
E_0x6129feac6d00/166 .event anyedge, v0x6129feb07000_662, v0x6129feb07000_663, v0x6129feb07000_664, v0x6129feb07000_665;
v0x6129feb07000_666 .array/port v0x6129feb07000, 666;
v0x6129feb07000_667 .array/port v0x6129feb07000, 667;
v0x6129feb07000_668 .array/port v0x6129feb07000, 668;
v0x6129feb07000_669 .array/port v0x6129feb07000, 669;
E_0x6129feac6d00/167 .event anyedge, v0x6129feb07000_666, v0x6129feb07000_667, v0x6129feb07000_668, v0x6129feb07000_669;
v0x6129feb07000_670 .array/port v0x6129feb07000, 670;
v0x6129feb07000_671 .array/port v0x6129feb07000, 671;
v0x6129feb07000_672 .array/port v0x6129feb07000, 672;
v0x6129feb07000_673 .array/port v0x6129feb07000, 673;
E_0x6129feac6d00/168 .event anyedge, v0x6129feb07000_670, v0x6129feb07000_671, v0x6129feb07000_672, v0x6129feb07000_673;
v0x6129feb07000_674 .array/port v0x6129feb07000, 674;
v0x6129feb07000_675 .array/port v0x6129feb07000, 675;
v0x6129feb07000_676 .array/port v0x6129feb07000, 676;
v0x6129feb07000_677 .array/port v0x6129feb07000, 677;
E_0x6129feac6d00/169 .event anyedge, v0x6129feb07000_674, v0x6129feb07000_675, v0x6129feb07000_676, v0x6129feb07000_677;
v0x6129feb07000_678 .array/port v0x6129feb07000, 678;
v0x6129feb07000_679 .array/port v0x6129feb07000, 679;
v0x6129feb07000_680 .array/port v0x6129feb07000, 680;
v0x6129feb07000_681 .array/port v0x6129feb07000, 681;
E_0x6129feac6d00/170 .event anyedge, v0x6129feb07000_678, v0x6129feb07000_679, v0x6129feb07000_680, v0x6129feb07000_681;
v0x6129feb07000_682 .array/port v0x6129feb07000, 682;
v0x6129feb07000_683 .array/port v0x6129feb07000, 683;
v0x6129feb07000_684 .array/port v0x6129feb07000, 684;
v0x6129feb07000_685 .array/port v0x6129feb07000, 685;
E_0x6129feac6d00/171 .event anyedge, v0x6129feb07000_682, v0x6129feb07000_683, v0x6129feb07000_684, v0x6129feb07000_685;
v0x6129feb07000_686 .array/port v0x6129feb07000, 686;
v0x6129feb07000_687 .array/port v0x6129feb07000, 687;
v0x6129feb07000_688 .array/port v0x6129feb07000, 688;
v0x6129feb07000_689 .array/port v0x6129feb07000, 689;
E_0x6129feac6d00/172 .event anyedge, v0x6129feb07000_686, v0x6129feb07000_687, v0x6129feb07000_688, v0x6129feb07000_689;
v0x6129feb07000_690 .array/port v0x6129feb07000, 690;
v0x6129feb07000_691 .array/port v0x6129feb07000, 691;
v0x6129feb07000_692 .array/port v0x6129feb07000, 692;
v0x6129feb07000_693 .array/port v0x6129feb07000, 693;
E_0x6129feac6d00/173 .event anyedge, v0x6129feb07000_690, v0x6129feb07000_691, v0x6129feb07000_692, v0x6129feb07000_693;
v0x6129feb07000_694 .array/port v0x6129feb07000, 694;
v0x6129feb07000_695 .array/port v0x6129feb07000, 695;
v0x6129feb07000_696 .array/port v0x6129feb07000, 696;
v0x6129feb07000_697 .array/port v0x6129feb07000, 697;
E_0x6129feac6d00/174 .event anyedge, v0x6129feb07000_694, v0x6129feb07000_695, v0x6129feb07000_696, v0x6129feb07000_697;
v0x6129feb07000_698 .array/port v0x6129feb07000, 698;
v0x6129feb07000_699 .array/port v0x6129feb07000, 699;
v0x6129feb07000_700 .array/port v0x6129feb07000, 700;
v0x6129feb07000_701 .array/port v0x6129feb07000, 701;
E_0x6129feac6d00/175 .event anyedge, v0x6129feb07000_698, v0x6129feb07000_699, v0x6129feb07000_700, v0x6129feb07000_701;
v0x6129feb07000_702 .array/port v0x6129feb07000, 702;
v0x6129feb07000_703 .array/port v0x6129feb07000, 703;
v0x6129feb07000_704 .array/port v0x6129feb07000, 704;
v0x6129feb07000_705 .array/port v0x6129feb07000, 705;
E_0x6129feac6d00/176 .event anyedge, v0x6129feb07000_702, v0x6129feb07000_703, v0x6129feb07000_704, v0x6129feb07000_705;
v0x6129feb07000_706 .array/port v0x6129feb07000, 706;
v0x6129feb07000_707 .array/port v0x6129feb07000, 707;
v0x6129feb07000_708 .array/port v0x6129feb07000, 708;
v0x6129feb07000_709 .array/port v0x6129feb07000, 709;
E_0x6129feac6d00/177 .event anyedge, v0x6129feb07000_706, v0x6129feb07000_707, v0x6129feb07000_708, v0x6129feb07000_709;
v0x6129feb07000_710 .array/port v0x6129feb07000, 710;
v0x6129feb07000_711 .array/port v0x6129feb07000, 711;
v0x6129feb07000_712 .array/port v0x6129feb07000, 712;
v0x6129feb07000_713 .array/port v0x6129feb07000, 713;
E_0x6129feac6d00/178 .event anyedge, v0x6129feb07000_710, v0x6129feb07000_711, v0x6129feb07000_712, v0x6129feb07000_713;
v0x6129feb07000_714 .array/port v0x6129feb07000, 714;
v0x6129feb07000_715 .array/port v0x6129feb07000, 715;
v0x6129feb07000_716 .array/port v0x6129feb07000, 716;
v0x6129feb07000_717 .array/port v0x6129feb07000, 717;
E_0x6129feac6d00/179 .event anyedge, v0x6129feb07000_714, v0x6129feb07000_715, v0x6129feb07000_716, v0x6129feb07000_717;
v0x6129feb07000_718 .array/port v0x6129feb07000, 718;
v0x6129feb07000_719 .array/port v0x6129feb07000, 719;
v0x6129feb07000_720 .array/port v0x6129feb07000, 720;
v0x6129feb07000_721 .array/port v0x6129feb07000, 721;
E_0x6129feac6d00/180 .event anyedge, v0x6129feb07000_718, v0x6129feb07000_719, v0x6129feb07000_720, v0x6129feb07000_721;
v0x6129feb07000_722 .array/port v0x6129feb07000, 722;
v0x6129feb07000_723 .array/port v0x6129feb07000, 723;
v0x6129feb07000_724 .array/port v0x6129feb07000, 724;
v0x6129feb07000_725 .array/port v0x6129feb07000, 725;
E_0x6129feac6d00/181 .event anyedge, v0x6129feb07000_722, v0x6129feb07000_723, v0x6129feb07000_724, v0x6129feb07000_725;
v0x6129feb07000_726 .array/port v0x6129feb07000, 726;
v0x6129feb07000_727 .array/port v0x6129feb07000, 727;
v0x6129feb07000_728 .array/port v0x6129feb07000, 728;
v0x6129feb07000_729 .array/port v0x6129feb07000, 729;
E_0x6129feac6d00/182 .event anyedge, v0x6129feb07000_726, v0x6129feb07000_727, v0x6129feb07000_728, v0x6129feb07000_729;
v0x6129feb07000_730 .array/port v0x6129feb07000, 730;
v0x6129feb07000_731 .array/port v0x6129feb07000, 731;
v0x6129feb07000_732 .array/port v0x6129feb07000, 732;
v0x6129feb07000_733 .array/port v0x6129feb07000, 733;
E_0x6129feac6d00/183 .event anyedge, v0x6129feb07000_730, v0x6129feb07000_731, v0x6129feb07000_732, v0x6129feb07000_733;
v0x6129feb07000_734 .array/port v0x6129feb07000, 734;
v0x6129feb07000_735 .array/port v0x6129feb07000, 735;
v0x6129feb07000_736 .array/port v0x6129feb07000, 736;
v0x6129feb07000_737 .array/port v0x6129feb07000, 737;
E_0x6129feac6d00/184 .event anyedge, v0x6129feb07000_734, v0x6129feb07000_735, v0x6129feb07000_736, v0x6129feb07000_737;
v0x6129feb07000_738 .array/port v0x6129feb07000, 738;
v0x6129feb07000_739 .array/port v0x6129feb07000, 739;
v0x6129feb07000_740 .array/port v0x6129feb07000, 740;
v0x6129feb07000_741 .array/port v0x6129feb07000, 741;
E_0x6129feac6d00/185 .event anyedge, v0x6129feb07000_738, v0x6129feb07000_739, v0x6129feb07000_740, v0x6129feb07000_741;
v0x6129feb07000_742 .array/port v0x6129feb07000, 742;
v0x6129feb07000_743 .array/port v0x6129feb07000, 743;
v0x6129feb07000_744 .array/port v0x6129feb07000, 744;
v0x6129feb07000_745 .array/port v0x6129feb07000, 745;
E_0x6129feac6d00/186 .event anyedge, v0x6129feb07000_742, v0x6129feb07000_743, v0x6129feb07000_744, v0x6129feb07000_745;
v0x6129feb07000_746 .array/port v0x6129feb07000, 746;
v0x6129feb07000_747 .array/port v0x6129feb07000, 747;
v0x6129feb07000_748 .array/port v0x6129feb07000, 748;
v0x6129feb07000_749 .array/port v0x6129feb07000, 749;
E_0x6129feac6d00/187 .event anyedge, v0x6129feb07000_746, v0x6129feb07000_747, v0x6129feb07000_748, v0x6129feb07000_749;
v0x6129feb07000_750 .array/port v0x6129feb07000, 750;
v0x6129feb07000_751 .array/port v0x6129feb07000, 751;
v0x6129feb07000_752 .array/port v0x6129feb07000, 752;
v0x6129feb07000_753 .array/port v0x6129feb07000, 753;
E_0x6129feac6d00/188 .event anyedge, v0x6129feb07000_750, v0x6129feb07000_751, v0x6129feb07000_752, v0x6129feb07000_753;
v0x6129feb07000_754 .array/port v0x6129feb07000, 754;
v0x6129feb07000_755 .array/port v0x6129feb07000, 755;
v0x6129feb07000_756 .array/port v0x6129feb07000, 756;
v0x6129feb07000_757 .array/port v0x6129feb07000, 757;
E_0x6129feac6d00/189 .event anyedge, v0x6129feb07000_754, v0x6129feb07000_755, v0x6129feb07000_756, v0x6129feb07000_757;
v0x6129feb07000_758 .array/port v0x6129feb07000, 758;
v0x6129feb07000_759 .array/port v0x6129feb07000, 759;
v0x6129feb07000_760 .array/port v0x6129feb07000, 760;
v0x6129feb07000_761 .array/port v0x6129feb07000, 761;
E_0x6129feac6d00/190 .event anyedge, v0x6129feb07000_758, v0x6129feb07000_759, v0x6129feb07000_760, v0x6129feb07000_761;
v0x6129feb07000_762 .array/port v0x6129feb07000, 762;
v0x6129feb07000_763 .array/port v0x6129feb07000, 763;
v0x6129feb07000_764 .array/port v0x6129feb07000, 764;
v0x6129feb07000_765 .array/port v0x6129feb07000, 765;
E_0x6129feac6d00/191 .event anyedge, v0x6129feb07000_762, v0x6129feb07000_763, v0x6129feb07000_764, v0x6129feb07000_765;
v0x6129feb07000_766 .array/port v0x6129feb07000, 766;
v0x6129feb07000_767 .array/port v0x6129feb07000, 767;
v0x6129feb07000_768 .array/port v0x6129feb07000, 768;
v0x6129feb07000_769 .array/port v0x6129feb07000, 769;
E_0x6129feac6d00/192 .event anyedge, v0x6129feb07000_766, v0x6129feb07000_767, v0x6129feb07000_768, v0x6129feb07000_769;
v0x6129feb07000_770 .array/port v0x6129feb07000, 770;
v0x6129feb07000_771 .array/port v0x6129feb07000, 771;
v0x6129feb07000_772 .array/port v0x6129feb07000, 772;
v0x6129feb07000_773 .array/port v0x6129feb07000, 773;
E_0x6129feac6d00/193 .event anyedge, v0x6129feb07000_770, v0x6129feb07000_771, v0x6129feb07000_772, v0x6129feb07000_773;
v0x6129feb07000_774 .array/port v0x6129feb07000, 774;
v0x6129feb07000_775 .array/port v0x6129feb07000, 775;
v0x6129feb07000_776 .array/port v0x6129feb07000, 776;
v0x6129feb07000_777 .array/port v0x6129feb07000, 777;
E_0x6129feac6d00/194 .event anyedge, v0x6129feb07000_774, v0x6129feb07000_775, v0x6129feb07000_776, v0x6129feb07000_777;
v0x6129feb07000_778 .array/port v0x6129feb07000, 778;
v0x6129feb07000_779 .array/port v0x6129feb07000, 779;
v0x6129feb07000_780 .array/port v0x6129feb07000, 780;
v0x6129feb07000_781 .array/port v0x6129feb07000, 781;
E_0x6129feac6d00/195 .event anyedge, v0x6129feb07000_778, v0x6129feb07000_779, v0x6129feb07000_780, v0x6129feb07000_781;
v0x6129feb07000_782 .array/port v0x6129feb07000, 782;
v0x6129feb07000_783 .array/port v0x6129feb07000, 783;
v0x6129feb07000_784 .array/port v0x6129feb07000, 784;
v0x6129feb07000_785 .array/port v0x6129feb07000, 785;
E_0x6129feac6d00/196 .event anyedge, v0x6129feb07000_782, v0x6129feb07000_783, v0x6129feb07000_784, v0x6129feb07000_785;
v0x6129feb07000_786 .array/port v0x6129feb07000, 786;
v0x6129feb07000_787 .array/port v0x6129feb07000, 787;
v0x6129feb07000_788 .array/port v0x6129feb07000, 788;
v0x6129feb07000_789 .array/port v0x6129feb07000, 789;
E_0x6129feac6d00/197 .event anyedge, v0x6129feb07000_786, v0x6129feb07000_787, v0x6129feb07000_788, v0x6129feb07000_789;
v0x6129feb07000_790 .array/port v0x6129feb07000, 790;
v0x6129feb07000_791 .array/port v0x6129feb07000, 791;
v0x6129feb07000_792 .array/port v0x6129feb07000, 792;
v0x6129feb07000_793 .array/port v0x6129feb07000, 793;
E_0x6129feac6d00/198 .event anyedge, v0x6129feb07000_790, v0x6129feb07000_791, v0x6129feb07000_792, v0x6129feb07000_793;
v0x6129feb07000_794 .array/port v0x6129feb07000, 794;
v0x6129feb07000_795 .array/port v0x6129feb07000, 795;
v0x6129feb07000_796 .array/port v0x6129feb07000, 796;
v0x6129feb07000_797 .array/port v0x6129feb07000, 797;
E_0x6129feac6d00/199 .event anyedge, v0x6129feb07000_794, v0x6129feb07000_795, v0x6129feb07000_796, v0x6129feb07000_797;
v0x6129feb07000_798 .array/port v0x6129feb07000, 798;
v0x6129feb07000_799 .array/port v0x6129feb07000, 799;
v0x6129feb07000_800 .array/port v0x6129feb07000, 800;
v0x6129feb07000_801 .array/port v0x6129feb07000, 801;
E_0x6129feac6d00/200 .event anyedge, v0x6129feb07000_798, v0x6129feb07000_799, v0x6129feb07000_800, v0x6129feb07000_801;
v0x6129feb07000_802 .array/port v0x6129feb07000, 802;
v0x6129feb07000_803 .array/port v0x6129feb07000, 803;
v0x6129feb07000_804 .array/port v0x6129feb07000, 804;
v0x6129feb07000_805 .array/port v0x6129feb07000, 805;
E_0x6129feac6d00/201 .event anyedge, v0x6129feb07000_802, v0x6129feb07000_803, v0x6129feb07000_804, v0x6129feb07000_805;
v0x6129feb07000_806 .array/port v0x6129feb07000, 806;
v0x6129feb07000_807 .array/port v0x6129feb07000, 807;
v0x6129feb07000_808 .array/port v0x6129feb07000, 808;
v0x6129feb07000_809 .array/port v0x6129feb07000, 809;
E_0x6129feac6d00/202 .event anyedge, v0x6129feb07000_806, v0x6129feb07000_807, v0x6129feb07000_808, v0x6129feb07000_809;
v0x6129feb07000_810 .array/port v0x6129feb07000, 810;
v0x6129feb07000_811 .array/port v0x6129feb07000, 811;
v0x6129feb07000_812 .array/port v0x6129feb07000, 812;
v0x6129feb07000_813 .array/port v0x6129feb07000, 813;
E_0x6129feac6d00/203 .event anyedge, v0x6129feb07000_810, v0x6129feb07000_811, v0x6129feb07000_812, v0x6129feb07000_813;
v0x6129feb07000_814 .array/port v0x6129feb07000, 814;
v0x6129feb07000_815 .array/port v0x6129feb07000, 815;
v0x6129feb07000_816 .array/port v0x6129feb07000, 816;
v0x6129feb07000_817 .array/port v0x6129feb07000, 817;
E_0x6129feac6d00/204 .event anyedge, v0x6129feb07000_814, v0x6129feb07000_815, v0x6129feb07000_816, v0x6129feb07000_817;
v0x6129feb07000_818 .array/port v0x6129feb07000, 818;
v0x6129feb07000_819 .array/port v0x6129feb07000, 819;
v0x6129feb07000_820 .array/port v0x6129feb07000, 820;
v0x6129feb07000_821 .array/port v0x6129feb07000, 821;
E_0x6129feac6d00/205 .event anyedge, v0x6129feb07000_818, v0x6129feb07000_819, v0x6129feb07000_820, v0x6129feb07000_821;
v0x6129feb07000_822 .array/port v0x6129feb07000, 822;
v0x6129feb07000_823 .array/port v0x6129feb07000, 823;
v0x6129feb07000_824 .array/port v0x6129feb07000, 824;
v0x6129feb07000_825 .array/port v0x6129feb07000, 825;
E_0x6129feac6d00/206 .event anyedge, v0x6129feb07000_822, v0x6129feb07000_823, v0x6129feb07000_824, v0x6129feb07000_825;
v0x6129feb07000_826 .array/port v0x6129feb07000, 826;
v0x6129feb07000_827 .array/port v0x6129feb07000, 827;
v0x6129feb07000_828 .array/port v0x6129feb07000, 828;
v0x6129feb07000_829 .array/port v0x6129feb07000, 829;
E_0x6129feac6d00/207 .event anyedge, v0x6129feb07000_826, v0x6129feb07000_827, v0x6129feb07000_828, v0x6129feb07000_829;
v0x6129feb07000_830 .array/port v0x6129feb07000, 830;
v0x6129feb07000_831 .array/port v0x6129feb07000, 831;
v0x6129feb07000_832 .array/port v0x6129feb07000, 832;
v0x6129feb07000_833 .array/port v0x6129feb07000, 833;
E_0x6129feac6d00/208 .event anyedge, v0x6129feb07000_830, v0x6129feb07000_831, v0x6129feb07000_832, v0x6129feb07000_833;
v0x6129feb07000_834 .array/port v0x6129feb07000, 834;
v0x6129feb07000_835 .array/port v0x6129feb07000, 835;
v0x6129feb07000_836 .array/port v0x6129feb07000, 836;
v0x6129feb07000_837 .array/port v0x6129feb07000, 837;
E_0x6129feac6d00/209 .event anyedge, v0x6129feb07000_834, v0x6129feb07000_835, v0x6129feb07000_836, v0x6129feb07000_837;
v0x6129feb07000_838 .array/port v0x6129feb07000, 838;
v0x6129feb07000_839 .array/port v0x6129feb07000, 839;
v0x6129feb07000_840 .array/port v0x6129feb07000, 840;
v0x6129feb07000_841 .array/port v0x6129feb07000, 841;
E_0x6129feac6d00/210 .event anyedge, v0x6129feb07000_838, v0x6129feb07000_839, v0x6129feb07000_840, v0x6129feb07000_841;
v0x6129feb07000_842 .array/port v0x6129feb07000, 842;
v0x6129feb07000_843 .array/port v0x6129feb07000, 843;
v0x6129feb07000_844 .array/port v0x6129feb07000, 844;
v0x6129feb07000_845 .array/port v0x6129feb07000, 845;
E_0x6129feac6d00/211 .event anyedge, v0x6129feb07000_842, v0x6129feb07000_843, v0x6129feb07000_844, v0x6129feb07000_845;
v0x6129feb07000_846 .array/port v0x6129feb07000, 846;
v0x6129feb07000_847 .array/port v0x6129feb07000, 847;
v0x6129feb07000_848 .array/port v0x6129feb07000, 848;
v0x6129feb07000_849 .array/port v0x6129feb07000, 849;
E_0x6129feac6d00/212 .event anyedge, v0x6129feb07000_846, v0x6129feb07000_847, v0x6129feb07000_848, v0x6129feb07000_849;
v0x6129feb07000_850 .array/port v0x6129feb07000, 850;
v0x6129feb07000_851 .array/port v0x6129feb07000, 851;
v0x6129feb07000_852 .array/port v0x6129feb07000, 852;
v0x6129feb07000_853 .array/port v0x6129feb07000, 853;
E_0x6129feac6d00/213 .event anyedge, v0x6129feb07000_850, v0x6129feb07000_851, v0x6129feb07000_852, v0x6129feb07000_853;
v0x6129feb07000_854 .array/port v0x6129feb07000, 854;
v0x6129feb07000_855 .array/port v0x6129feb07000, 855;
v0x6129feb07000_856 .array/port v0x6129feb07000, 856;
v0x6129feb07000_857 .array/port v0x6129feb07000, 857;
E_0x6129feac6d00/214 .event anyedge, v0x6129feb07000_854, v0x6129feb07000_855, v0x6129feb07000_856, v0x6129feb07000_857;
v0x6129feb07000_858 .array/port v0x6129feb07000, 858;
v0x6129feb07000_859 .array/port v0x6129feb07000, 859;
v0x6129feb07000_860 .array/port v0x6129feb07000, 860;
v0x6129feb07000_861 .array/port v0x6129feb07000, 861;
E_0x6129feac6d00/215 .event anyedge, v0x6129feb07000_858, v0x6129feb07000_859, v0x6129feb07000_860, v0x6129feb07000_861;
v0x6129feb07000_862 .array/port v0x6129feb07000, 862;
v0x6129feb07000_863 .array/port v0x6129feb07000, 863;
v0x6129feb07000_864 .array/port v0x6129feb07000, 864;
v0x6129feb07000_865 .array/port v0x6129feb07000, 865;
E_0x6129feac6d00/216 .event anyedge, v0x6129feb07000_862, v0x6129feb07000_863, v0x6129feb07000_864, v0x6129feb07000_865;
v0x6129feb07000_866 .array/port v0x6129feb07000, 866;
v0x6129feb07000_867 .array/port v0x6129feb07000, 867;
v0x6129feb07000_868 .array/port v0x6129feb07000, 868;
v0x6129feb07000_869 .array/port v0x6129feb07000, 869;
E_0x6129feac6d00/217 .event anyedge, v0x6129feb07000_866, v0x6129feb07000_867, v0x6129feb07000_868, v0x6129feb07000_869;
v0x6129feb07000_870 .array/port v0x6129feb07000, 870;
v0x6129feb07000_871 .array/port v0x6129feb07000, 871;
v0x6129feb07000_872 .array/port v0x6129feb07000, 872;
v0x6129feb07000_873 .array/port v0x6129feb07000, 873;
E_0x6129feac6d00/218 .event anyedge, v0x6129feb07000_870, v0x6129feb07000_871, v0x6129feb07000_872, v0x6129feb07000_873;
v0x6129feb07000_874 .array/port v0x6129feb07000, 874;
v0x6129feb07000_875 .array/port v0x6129feb07000, 875;
v0x6129feb07000_876 .array/port v0x6129feb07000, 876;
v0x6129feb07000_877 .array/port v0x6129feb07000, 877;
E_0x6129feac6d00/219 .event anyedge, v0x6129feb07000_874, v0x6129feb07000_875, v0x6129feb07000_876, v0x6129feb07000_877;
v0x6129feb07000_878 .array/port v0x6129feb07000, 878;
v0x6129feb07000_879 .array/port v0x6129feb07000, 879;
v0x6129feb07000_880 .array/port v0x6129feb07000, 880;
v0x6129feb07000_881 .array/port v0x6129feb07000, 881;
E_0x6129feac6d00/220 .event anyedge, v0x6129feb07000_878, v0x6129feb07000_879, v0x6129feb07000_880, v0x6129feb07000_881;
v0x6129feb07000_882 .array/port v0x6129feb07000, 882;
v0x6129feb07000_883 .array/port v0x6129feb07000, 883;
v0x6129feb07000_884 .array/port v0x6129feb07000, 884;
v0x6129feb07000_885 .array/port v0x6129feb07000, 885;
E_0x6129feac6d00/221 .event anyedge, v0x6129feb07000_882, v0x6129feb07000_883, v0x6129feb07000_884, v0x6129feb07000_885;
v0x6129feb07000_886 .array/port v0x6129feb07000, 886;
v0x6129feb07000_887 .array/port v0x6129feb07000, 887;
v0x6129feb07000_888 .array/port v0x6129feb07000, 888;
v0x6129feb07000_889 .array/port v0x6129feb07000, 889;
E_0x6129feac6d00/222 .event anyedge, v0x6129feb07000_886, v0x6129feb07000_887, v0x6129feb07000_888, v0x6129feb07000_889;
v0x6129feb07000_890 .array/port v0x6129feb07000, 890;
v0x6129feb07000_891 .array/port v0x6129feb07000, 891;
v0x6129feb07000_892 .array/port v0x6129feb07000, 892;
v0x6129feb07000_893 .array/port v0x6129feb07000, 893;
E_0x6129feac6d00/223 .event anyedge, v0x6129feb07000_890, v0x6129feb07000_891, v0x6129feb07000_892, v0x6129feb07000_893;
v0x6129feb07000_894 .array/port v0x6129feb07000, 894;
v0x6129feb07000_895 .array/port v0x6129feb07000, 895;
v0x6129feb07000_896 .array/port v0x6129feb07000, 896;
v0x6129feb07000_897 .array/port v0x6129feb07000, 897;
E_0x6129feac6d00/224 .event anyedge, v0x6129feb07000_894, v0x6129feb07000_895, v0x6129feb07000_896, v0x6129feb07000_897;
v0x6129feb07000_898 .array/port v0x6129feb07000, 898;
v0x6129feb07000_899 .array/port v0x6129feb07000, 899;
v0x6129feb07000_900 .array/port v0x6129feb07000, 900;
v0x6129feb07000_901 .array/port v0x6129feb07000, 901;
E_0x6129feac6d00/225 .event anyedge, v0x6129feb07000_898, v0x6129feb07000_899, v0x6129feb07000_900, v0x6129feb07000_901;
v0x6129feb07000_902 .array/port v0x6129feb07000, 902;
v0x6129feb07000_903 .array/port v0x6129feb07000, 903;
v0x6129feb07000_904 .array/port v0x6129feb07000, 904;
v0x6129feb07000_905 .array/port v0x6129feb07000, 905;
E_0x6129feac6d00/226 .event anyedge, v0x6129feb07000_902, v0x6129feb07000_903, v0x6129feb07000_904, v0x6129feb07000_905;
v0x6129feb07000_906 .array/port v0x6129feb07000, 906;
v0x6129feb07000_907 .array/port v0x6129feb07000, 907;
v0x6129feb07000_908 .array/port v0x6129feb07000, 908;
v0x6129feb07000_909 .array/port v0x6129feb07000, 909;
E_0x6129feac6d00/227 .event anyedge, v0x6129feb07000_906, v0x6129feb07000_907, v0x6129feb07000_908, v0x6129feb07000_909;
v0x6129feb07000_910 .array/port v0x6129feb07000, 910;
v0x6129feb07000_911 .array/port v0x6129feb07000, 911;
v0x6129feb07000_912 .array/port v0x6129feb07000, 912;
v0x6129feb07000_913 .array/port v0x6129feb07000, 913;
E_0x6129feac6d00/228 .event anyedge, v0x6129feb07000_910, v0x6129feb07000_911, v0x6129feb07000_912, v0x6129feb07000_913;
v0x6129feb07000_914 .array/port v0x6129feb07000, 914;
v0x6129feb07000_915 .array/port v0x6129feb07000, 915;
v0x6129feb07000_916 .array/port v0x6129feb07000, 916;
v0x6129feb07000_917 .array/port v0x6129feb07000, 917;
E_0x6129feac6d00/229 .event anyedge, v0x6129feb07000_914, v0x6129feb07000_915, v0x6129feb07000_916, v0x6129feb07000_917;
v0x6129feb07000_918 .array/port v0x6129feb07000, 918;
v0x6129feb07000_919 .array/port v0x6129feb07000, 919;
v0x6129feb07000_920 .array/port v0x6129feb07000, 920;
v0x6129feb07000_921 .array/port v0x6129feb07000, 921;
E_0x6129feac6d00/230 .event anyedge, v0x6129feb07000_918, v0x6129feb07000_919, v0x6129feb07000_920, v0x6129feb07000_921;
v0x6129feb07000_922 .array/port v0x6129feb07000, 922;
v0x6129feb07000_923 .array/port v0x6129feb07000, 923;
v0x6129feb07000_924 .array/port v0x6129feb07000, 924;
v0x6129feb07000_925 .array/port v0x6129feb07000, 925;
E_0x6129feac6d00/231 .event anyedge, v0x6129feb07000_922, v0x6129feb07000_923, v0x6129feb07000_924, v0x6129feb07000_925;
v0x6129feb07000_926 .array/port v0x6129feb07000, 926;
v0x6129feb07000_927 .array/port v0x6129feb07000, 927;
v0x6129feb07000_928 .array/port v0x6129feb07000, 928;
v0x6129feb07000_929 .array/port v0x6129feb07000, 929;
E_0x6129feac6d00/232 .event anyedge, v0x6129feb07000_926, v0x6129feb07000_927, v0x6129feb07000_928, v0x6129feb07000_929;
v0x6129feb07000_930 .array/port v0x6129feb07000, 930;
v0x6129feb07000_931 .array/port v0x6129feb07000, 931;
v0x6129feb07000_932 .array/port v0x6129feb07000, 932;
v0x6129feb07000_933 .array/port v0x6129feb07000, 933;
E_0x6129feac6d00/233 .event anyedge, v0x6129feb07000_930, v0x6129feb07000_931, v0x6129feb07000_932, v0x6129feb07000_933;
v0x6129feb07000_934 .array/port v0x6129feb07000, 934;
v0x6129feb07000_935 .array/port v0x6129feb07000, 935;
v0x6129feb07000_936 .array/port v0x6129feb07000, 936;
v0x6129feb07000_937 .array/port v0x6129feb07000, 937;
E_0x6129feac6d00/234 .event anyedge, v0x6129feb07000_934, v0x6129feb07000_935, v0x6129feb07000_936, v0x6129feb07000_937;
v0x6129feb07000_938 .array/port v0x6129feb07000, 938;
v0x6129feb07000_939 .array/port v0x6129feb07000, 939;
v0x6129feb07000_940 .array/port v0x6129feb07000, 940;
v0x6129feb07000_941 .array/port v0x6129feb07000, 941;
E_0x6129feac6d00/235 .event anyedge, v0x6129feb07000_938, v0x6129feb07000_939, v0x6129feb07000_940, v0x6129feb07000_941;
v0x6129feb07000_942 .array/port v0x6129feb07000, 942;
v0x6129feb07000_943 .array/port v0x6129feb07000, 943;
v0x6129feb07000_944 .array/port v0x6129feb07000, 944;
v0x6129feb07000_945 .array/port v0x6129feb07000, 945;
E_0x6129feac6d00/236 .event anyedge, v0x6129feb07000_942, v0x6129feb07000_943, v0x6129feb07000_944, v0x6129feb07000_945;
v0x6129feb07000_946 .array/port v0x6129feb07000, 946;
v0x6129feb07000_947 .array/port v0x6129feb07000, 947;
v0x6129feb07000_948 .array/port v0x6129feb07000, 948;
v0x6129feb07000_949 .array/port v0x6129feb07000, 949;
E_0x6129feac6d00/237 .event anyedge, v0x6129feb07000_946, v0x6129feb07000_947, v0x6129feb07000_948, v0x6129feb07000_949;
v0x6129feb07000_950 .array/port v0x6129feb07000, 950;
v0x6129feb07000_951 .array/port v0x6129feb07000, 951;
v0x6129feb07000_952 .array/port v0x6129feb07000, 952;
v0x6129feb07000_953 .array/port v0x6129feb07000, 953;
E_0x6129feac6d00/238 .event anyedge, v0x6129feb07000_950, v0x6129feb07000_951, v0x6129feb07000_952, v0x6129feb07000_953;
v0x6129feb07000_954 .array/port v0x6129feb07000, 954;
v0x6129feb07000_955 .array/port v0x6129feb07000, 955;
v0x6129feb07000_956 .array/port v0x6129feb07000, 956;
v0x6129feb07000_957 .array/port v0x6129feb07000, 957;
E_0x6129feac6d00/239 .event anyedge, v0x6129feb07000_954, v0x6129feb07000_955, v0x6129feb07000_956, v0x6129feb07000_957;
v0x6129feb07000_958 .array/port v0x6129feb07000, 958;
v0x6129feb07000_959 .array/port v0x6129feb07000, 959;
v0x6129feb07000_960 .array/port v0x6129feb07000, 960;
v0x6129feb07000_961 .array/port v0x6129feb07000, 961;
E_0x6129feac6d00/240 .event anyedge, v0x6129feb07000_958, v0x6129feb07000_959, v0x6129feb07000_960, v0x6129feb07000_961;
v0x6129feb07000_962 .array/port v0x6129feb07000, 962;
v0x6129feb07000_963 .array/port v0x6129feb07000, 963;
v0x6129feb07000_964 .array/port v0x6129feb07000, 964;
v0x6129feb07000_965 .array/port v0x6129feb07000, 965;
E_0x6129feac6d00/241 .event anyedge, v0x6129feb07000_962, v0x6129feb07000_963, v0x6129feb07000_964, v0x6129feb07000_965;
v0x6129feb07000_966 .array/port v0x6129feb07000, 966;
v0x6129feb07000_967 .array/port v0x6129feb07000, 967;
v0x6129feb07000_968 .array/port v0x6129feb07000, 968;
v0x6129feb07000_969 .array/port v0x6129feb07000, 969;
E_0x6129feac6d00/242 .event anyedge, v0x6129feb07000_966, v0x6129feb07000_967, v0x6129feb07000_968, v0x6129feb07000_969;
v0x6129feb07000_970 .array/port v0x6129feb07000, 970;
v0x6129feb07000_971 .array/port v0x6129feb07000, 971;
v0x6129feb07000_972 .array/port v0x6129feb07000, 972;
v0x6129feb07000_973 .array/port v0x6129feb07000, 973;
E_0x6129feac6d00/243 .event anyedge, v0x6129feb07000_970, v0x6129feb07000_971, v0x6129feb07000_972, v0x6129feb07000_973;
v0x6129feb07000_974 .array/port v0x6129feb07000, 974;
v0x6129feb07000_975 .array/port v0x6129feb07000, 975;
v0x6129feb07000_976 .array/port v0x6129feb07000, 976;
v0x6129feb07000_977 .array/port v0x6129feb07000, 977;
E_0x6129feac6d00/244 .event anyedge, v0x6129feb07000_974, v0x6129feb07000_975, v0x6129feb07000_976, v0x6129feb07000_977;
v0x6129feb07000_978 .array/port v0x6129feb07000, 978;
v0x6129feb07000_979 .array/port v0x6129feb07000, 979;
v0x6129feb07000_980 .array/port v0x6129feb07000, 980;
v0x6129feb07000_981 .array/port v0x6129feb07000, 981;
E_0x6129feac6d00/245 .event anyedge, v0x6129feb07000_978, v0x6129feb07000_979, v0x6129feb07000_980, v0x6129feb07000_981;
v0x6129feb07000_982 .array/port v0x6129feb07000, 982;
v0x6129feb07000_983 .array/port v0x6129feb07000, 983;
v0x6129feb07000_984 .array/port v0x6129feb07000, 984;
v0x6129feb07000_985 .array/port v0x6129feb07000, 985;
E_0x6129feac6d00/246 .event anyedge, v0x6129feb07000_982, v0x6129feb07000_983, v0x6129feb07000_984, v0x6129feb07000_985;
v0x6129feb07000_986 .array/port v0x6129feb07000, 986;
v0x6129feb07000_987 .array/port v0x6129feb07000, 987;
v0x6129feb07000_988 .array/port v0x6129feb07000, 988;
v0x6129feb07000_989 .array/port v0x6129feb07000, 989;
E_0x6129feac6d00/247 .event anyedge, v0x6129feb07000_986, v0x6129feb07000_987, v0x6129feb07000_988, v0x6129feb07000_989;
v0x6129feb07000_990 .array/port v0x6129feb07000, 990;
v0x6129feb07000_991 .array/port v0x6129feb07000, 991;
v0x6129feb07000_992 .array/port v0x6129feb07000, 992;
v0x6129feb07000_993 .array/port v0x6129feb07000, 993;
E_0x6129feac6d00/248 .event anyedge, v0x6129feb07000_990, v0x6129feb07000_991, v0x6129feb07000_992, v0x6129feb07000_993;
v0x6129feb07000_994 .array/port v0x6129feb07000, 994;
v0x6129feb07000_995 .array/port v0x6129feb07000, 995;
v0x6129feb07000_996 .array/port v0x6129feb07000, 996;
v0x6129feb07000_997 .array/port v0x6129feb07000, 997;
E_0x6129feac6d00/249 .event anyedge, v0x6129feb07000_994, v0x6129feb07000_995, v0x6129feb07000_996, v0x6129feb07000_997;
v0x6129feb07000_998 .array/port v0x6129feb07000, 998;
v0x6129feb07000_999 .array/port v0x6129feb07000, 999;
v0x6129feb07000_1000 .array/port v0x6129feb07000, 1000;
v0x6129feb07000_1001 .array/port v0x6129feb07000, 1001;
E_0x6129feac6d00/250 .event anyedge, v0x6129feb07000_998, v0x6129feb07000_999, v0x6129feb07000_1000, v0x6129feb07000_1001;
v0x6129feb07000_1002 .array/port v0x6129feb07000, 1002;
v0x6129feb07000_1003 .array/port v0x6129feb07000, 1003;
v0x6129feb07000_1004 .array/port v0x6129feb07000, 1004;
v0x6129feb07000_1005 .array/port v0x6129feb07000, 1005;
E_0x6129feac6d00/251 .event anyedge, v0x6129feb07000_1002, v0x6129feb07000_1003, v0x6129feb07000_1004, v0x6129feb07000_1005;
v0x6129feb07000_1006 .array/port v0x6129feb07000, 1006;
v0x6129feb07000_1007 .array/port v0x6129feb07000, 1007;
v0x6129feb07000_1008 .array/port v0x6129feb07000, 1008;
v0x6129feb07000_1009 .array/port v0x6129feb07000, 1009;
E_0x6129feac6d00/252 .event anyedge, v0x6129feb07000_1006, v0x6129feb07000_1007, v0x6129feb07000_1008, v0x6129feb07000_1009;
v0x6129feb07000_1010 .array/port v0x6129feb07000, 1010;
v0x6129feb07000_1011 .array/port v0x6129feb07000, 1011;
v0x6129feb07000_1012 .array/port v0x6129feb07000, 1012;
v0x6129feb07000_1013 .array/port v0x6129feb07000, 1013;
E_0x6129feac6d00/253 .event anyedge, v0x6129feb07000_1010, v0x6129feb07000_1011, v0x6129feb07000_1012, v0x6129feb07000_1013;
v0x6129feb07000_1014 .array/port v0x6129feb07000, 1014;
v0x6129feb07000_1015 .array/port v0x6129feb07000, 1015;
v0x6129feb07000_1016 .array/port v0x6129feb07000, 1016;
v0x6129feb07000_1017 .array/port v0x6129feb07000, 1017;
E_0x6129feac6d00/254 .event anyedge, v0x6129feb07000_1014, v0x6129feb07000_1015, v0x6129feb07000_1016, v0x6129feb07000_1017;
v0x6129feb07000_1018 .array/port v0x6129feb07000, 1018;
v0x6129feb07000_1019 .array/port v0x6129feb07000, 1019;
v0x6129feb07000_1020 .array/port v0x6129feb07000, 1020;
v0x6129feb07000_1021 .array/port v0x6129feb07000, 1021;
E_0x6129feac6d00/255 .event anyedge, v0x6129feb07000_1018, v0x6129feb07000_1019, v0x6129feb07000_1020, v0x6129feb07000_1021;
v0x6129feb07000_1022 .array/port v0x6129feb07000, 1022;
v0x6129feb07000_1023 .array/port v0x6129feb07000, 1023;
E_0x6129feac6d00/256 .event anyedge, v0x6129feb07000_1022, v0x6129feb07000_1023, v0x6129feb110d0_0;
E_0x6129feac6d00 .event/or E_0x6129feac6d00/0, E_0x6129feac6d00/1, E_0x6129feac6d00/2, E_0x6129feac6d00/3, E_0x6129feac6d00/4, E_0x6129feac6d00/5, E_0x6129feac6d00/6, E_0x6129feac6d00/7, E_0x6129feac6d00/8, E_0x6129feac6d00/9, E_0x6129feac6d00/10, E_0x6129feac6d00/11, E_0x6129feac6d00/12, E_0x6129feac6d00/13, E_0x6129feac6d00/14, E_0x6129feac6d00/15, E_0x6129feac6d00/16, E_0x6129feac6d00/17, E_0x6129feac6d00/18, E_0x6129feac6d00/19, E_0x6129feac6d00/20, E_0x6129feac6d00/21, E_0x6129feac6d00/22, E_0x6129feac6d00/23, E_0x6129feac6d00/24, E_0x6129feac6d00/25, E_0x6129feac6d00/26, E_0x6129feac6d00/27, E_0x6129feac6d00/28, E_0x6129feac6d00/29, E_0x6129feac6d00/30, E_0x6129feac6d00/31, E_0x6129feac6d00/32, E_0x6129feac6d00/33, E_0x6129feac6d00/34, E_0x6129feac6d00/35, E_0x6129feac6d00/36, E_0x6129feac6d00/37, E_0x6129feac6d00/38, E_0x6129feac6d00/39, E_0x6129feac6d00/40, E_0x6129feac6d00/41, E_0x6129feac6d00/42, E_0x6129feac6d00/43, E_0x6129feac6d00/44, E_0x6129feac6d00/45, E_0x6129feac6d00/46, E_0x6129feac6d00/47, E_0x6129feac6d00/48, E_0x6129feac6d00/49, E_0x6129feac6d00/50, E_0x6129feac6d00/51, E_0x6129feac6d00/52, E_0x6129feac6d00/53, E_0x6129feac6d00/54, E_0x6129feac6d00/55, E_0x6129feac6d00/56, E_0x6129feac6d00/57, E_0x6129feac6d00/58, E_0x6129feac6d00/59, E_0x6129feac6d00/60, E_0x6129feac6d00/61, E_0x6129feac6d00/62, E_0x6129feac6d00/63, E_0x6129feac6d00/64, E_0x6129feac6d00/65, E_0x6129feac6d00/66, E_0x6129feac6d00/67, E_0x6129feac6d00/68, E_0x6129feac6d00/69, E_0x6129feac6d00/70, E_0x6129feac6d00/71, E_0x6129feac6d00/72, E_0x6129feac6d00/73, E_0x6129feac6d00/74, E_0x6129feac6d00/75, E_0x6129feac6d00/76, E_0x6129feac6d00/77, E_0x6129feac6d00/78, E_0x6129feac6d00/79, E_0x6129feac6d00/80, E_0x6129feac6d00/81, E_0x6129feac6d00/82, E_0x6129feac6d00/83, E_0x6129feac6d00/84, E_0x6129feac6d00/85, E_0x6129feac6d00/86, E_0x6129feac6d00/87, E_0x6129feac6d00/88, E_0x6129feac6d00/89, E_0x6129feac6d00/90, E_0x6129feac6d00/91, E_0x6129feac6d00/92, E_0x6129feac6d00/93, E_0x6129feac6d00/94, E_0x6129feac6d00/95, E_0x6129feac6d00/96, E_0x6129feac6d00/97, E_0x6129feac6d00/98, E_0x6129feac6d00/99, E_0x6129feac6d00/100, E_0x6129feac6d00/101, E_0x6129feac6d00/102, E_0x6129feac6d00/103, E_0x6129feac6d00/104, E_0x6129feac6d00/105, E_0x6129feac6d00/106, E_0x6129feac6d00/107, E_0x6129feac6d00/108, E_0x6129feac6d00/109, E_0x6129feac6d00/110, E_0x6129feac6d00/111, E_0x6129feac6d00/112, E_0x6129feac6d00/113, E_0x6129feac6d00/114, E_0x6129feac6d00/115, E_0x6129feac6d00/116, E_0x6129feac6d00/117, E_0x6129feac6d00/118, E_0x6129feac6d00/119, E_0x6129feac6d00/120, E_0x6129feac6d00/121, E_0x6129feac6d00/122, E_0x6129feac6d00/123, E_0x6129feac6d00/124, E_0x6129feac6d00/125, E_0x6129feac6d00/126, E_0x6129feac6d00/127, E_0x6129feac6d00/128, E_0x6129feac6d00/129, E_0x6129feac6d00/130, E_0x6129feac6d00/131, E_0x6129feac6d00/132, E_0x6129feac6d00/133, E_0x6129feac6d00/134, E_0x6129feac6d00/135, E_0x6129feac6d00/136, E_0x6129feac6d00/137, E_0x6129feac6d00/138, E_0x6129feac6d00/139, E_0x6129feac6d00/140, E_0x6129feac6d00/141, E_0x6129feac6d00/142, E_0x6129feac6d00/143, E_0x6129feac6d00/144, E_0x6129feac6d00/145, E_0x6129feac6d00/146, E_0x6129feac6d00/147, E_0x6129feac6d00/148, E_0x6129feac6d00/149, E_0x6129feac6d00/150, E_0x6129feac6d00/151, E_0x6129feac6d00/152, E_0x6129feac6d00/153, E_0x6129feac6d00/154, E_0x6129feac6d00/155, E_0x6129feac6d00/156, E_0x6129feac6d00/157, E_0x6129feac6d00/158, E_0x6129feac6d00/159, E_0x6129feac6d00/160, E_0x6129feac6d00/161, E_0x6129feac6d00/162, E_0x6129feac6d00/163, E_0x6129feac6d00/164, E_0x6129feac6d00/165, E_0x6129feac6d00/166, E_0x6129feac6d00/167, E_0x6129feac6d00/168, E_0x6129feac6d00/169, E_0x6129feac6d00/170, E_0x6129feac6d00/171, E_0x6129feac6d00/172, E_0x6129feac6d00/173, E_0x6129feac6d00/174, E_0x6129feac6d00/175, E_0x6129feac6d00/176, E_0x6129feac6d00/177, E_0x6129feac6d00/178, E_0x6129feac6d00/179, E_0x6129feac6d00/180, E_0x6129feac6d00/181, E_0x6129feac6d00/182, E_0x6129feac6d00/183, E_0x6129feac6d00/184, E_0x6129feac6d00/185, E_0x6129feac6d00/186, E_0x6129feac6d00/187, E_0x6129feac6d00/188, E_0x6129feac6d00/189, E_0x6129feac6d00/190, E_0x6129feac6d00/191, E_0x6129feac6d00/192, E_0x6129feac6d00/193, E_0x6129feac6d00/194, E_0x6129feac6d00/195, E_0x6129feac6d00/196, E_0x6129feac6d00/197, E_0x6129feac6d00/198, E_0x6129feac6d00/199, E_0x6129feac6d00/200, E_0x6129feac6d00/201, E_0x6129feac6d00/202, E_0x6129feac6d00/203, E_0x6129feac6d00/204, E_0x6129feac6d00/205, E_0x6129feac6d00/206, E_0x6129feac6d00/207, E_0x6129feac6d00/208, E_0x6129feac6d00/209, E_0x6129feac6d00/210, E_0x6129feac6d00/211, E_0x6129feac6d00/212, E_0x6129feac6d00/213, E_0x6129feac6d00/214, E_0x6129feac6d00/215, E_0x6129feac6d00/216, E_0x6129feac6d00/217, E_0x6129feac6d00/218, E_0x6129feac6d00/219, E_0x6129feac6d00/220, E_0x6129feac6d00/221, E_0x6129feac6d00/222, E_0x6129feac6d00/223, E_0x6129feac6d00/224, E_0x6129feac6d00/225, E_0x6129feac6d00/226, E_0x6129feac6d00/227, E_0x6129feac6d00/228, E_0x6129feac6d00/229, E_0x6129feac6d00/230, E_0x6129feac6d00/231, E_0x6129feac6d00/232, E_0x6129feac6d00/233, E_0x6129feac6d00/234, E_0x6129feac6d00/235, E_0x6129feac6d00/236, E_0x6129feac6d00/237, E_0x6129feac6d00/238, E_0x6129feac6d00/239, E_0x6129feac6d00/240, E_0x6129feac6d00/241, E_0x6129feac6d00/242, E_0x6129feac6d00/243, E_0x6129feac6d00/244, E_0x6129feac6d00/245, E_0x6129feac6d00/246, E_0x6129feac6d00/247, E_0x6129feac6d00/248, E_0x6129feac6d00/249, E_0x6129feac6d00/250, E_0x6129feac6d00/251, E_0x6129feac6d00/252, E_0x6129feac6d00/253, E_0x6129feac6d00/254, E_0x6129feac6d00/255, E_0x6129feac6d00/256;
    .scope S_0x6129feacc4b0;
T_0 ;
    %pushi/vec4 0, 0, 32;
    %store/vec4 v0x6129feb06d70_0, 0, 32;
T_0.0 ;
    %load/vec4 v0x6129feb06d70_0;
    %cmpi/s 1024, 0, 32;
    %jmp/0xz T_0.1, 5;
    %pushi/vec4 0, 0, 64;
    %ix/getv/s 4, v0x6129feb06d70_0;
    %store/vec4a v0x6129feb07000, 4, 0;
    %load/vec4 v0x6129feb06d70_0;
    %addi 1, 0, 32;
    %store/vec4 v0x6129feb06d70_0, 0, 32;
    %jmp T_0.0;
T_0.1 ;
    %pushi/vec4 10, 0, 64;
    %ix/load 4, 0, 0;
    %flag_set/imm 4, 0;
    %store/vec4a v0x6129feb07000, 4, 0;
    %pushi/vec4 20, 0, 64;
    %ix/load 4, 1, 0;
    %flag_set/imm 4, 0;
    %store/vec4a v0x6129feb07000, 4, 0;
    %pushi/vec4 30, 0, 64;
    %ix/load 4, 2, 0;
    %flag_set/imm 4, 0;
    %store/vec4a v0x6129feb07000, 4, 0;
    %pushi/vec4 40, 0, 64;
    %ix/load 4, 3, 0;
    %flag_set/imm 4, 0;
    %store/vec4a v0x6129feb07000, 4, 0;
    %pushi/vec4 50, 0, 64;
    %ix/load 4, 4, 0;
    %flag_set/imm 4, 0;
    %store/vec4a v0x6129feb07000, 4, 0;
    %vpi_call 3 26 "$display", "Data Memory contents having test values:" {0 0 0};
    %pushi/vec4 0, 0, 32;
    %store/vec4 v0x6129feb06d70_0, 0, 32;
T_0.2 ;
    %load/vec4 v0x6129feb06d70_0;
    %cmpi/s 5, 0, 32;
    %jmp/0xz T_0.3, 5;
    %vpi_call 3 28 "$display", "memory[%0d] = %d", v0x6129feb06d70_0, &A<v0x6129feb07000, v0x6129feb06d70_0 > {0 0 0};
    %load/vec4 v0x6129feb06d70_0;
    %addi 1, 0, 32;
    %store/vec4 v0x6129feb06d70_0, 0, 32;
    %jmp T_0.2;
T_0.3 ;
    %end;
    .thread T_0;
    .scope S_0x6129feacc4b0;
T_1 ;
    %wait E_0x6129feac6d00;
    %load/vec4 v0x6129feb06e30_0;
    %flag_set/vec4 8;
    %jmp/0xz  T_1.0, 8;
    %load/vec4 v0x6129fead9b10_0;
    %ix/load 5, 3, 0;
    %flag_set/imm 4, 0;
    %shiftr 5;
    %ix/vec4 4;
    %load/vec4a v0x6129feb07000, 4;
    %assign/vec4 v0x6129feb110d0_0, 0;
    %vpi_call 3 37 "$display", "Data Memory Read: Address = 0x%h, Data = %0d", v0x6129fead9b10_0, v0x6129feb110d0_0 {0 0 0};
    %jmp T_1.1;
T_1.0 ;
    %pushi/vec4 0, 0, 64;
    %store/vec4 v0x6129feb110d0_0, 0, 64;
T_1.1 ;
    %jmp T_1;
    .thread T_1, $push;
    .scope S_0x6129feacc4b0;
T_2 ;
    %wait E_0x6129feac67c0;
    %load/vec4 v0x6129feb06ef0_0;
    %flag_set/vec4 8;
    %jmp/0xz  T_2.0, 8;
    %load/vec4 v0x6129feb111b0_0;
    %load/vec4 v0x6129fead9b10_0;
    %parti/s 8, 3, 3;
    %pad/u 12;
    %ix/vec4 3;
    %ix/load 4, 0, 0; Constant delay
    %assign/vec4/a/d v0x6129feb07000, 0, 4;
    %vpi_call 3 47 "$display", "Data Memory Write: Address = 0x%h, Data = %0d", v0x6129fead9b10_0, v0x6129feb111b0_0 {0 0 0};
T_2.0 ;
    %jmp T_2;
    .thread T_2;
    .scope S_0x6129feacc240;
T_3 ;
    %wait E_0x6129feac67c0;
    %load/vec4 v0x6129feb11860_0;
    %flag_set/vec4 8;
    %jmp/0xz  T_3.0, 8;
    %vpi_call 2 28 "$display", "memory access:store %d to address %h", v0x6129feb11930_0, v0x6129feb11430_0 {0 0 0};
T_3.0 ;
    %load/vec4 v0x6129feb117c0_0;
    %flag_set/vec4 8;
    %jmp/0xz  T_3.2, 8;
    %vpi_call 2 30 "$display", "memory access:load %d from address %h", v0x6129feb11720_0, v0x6129feb11430_0 {0 0 0};
T_3.2 ;
    %jmp T_3;
    .thread T_3;
# The file index is used to find the file name in the following table.
:file_names 4;
    "N/A";
    "<interactive>";
    "memory_access_stage.v";
    "./data_memory.v";
